[0.030s] Invoking command in '/home/moody/Cislune/Cislune-RE-RASSOR/build/rover_control': CMAKE_PREFIX_PATH=${CMAKE_PREFIX_PATH}:/opt/ros/jazzy /usr/bin/cmake --build /home/moody/Cislune/Cislune-RE-RASSOR/build/rover_control -- -j16 -l16
[0.097s] Invoked command in '/home/moody/Cislune/Cislune-RE-RASSOR/build/rover_control' returned '0': CMAKE_PREFIX_PATH=${CMAKE_PREFIX_PATH}:/opt/ros/jazzy /usr/bin/cmake --build /home/moody/Cislune/Cislune-RE-RASSOR/build/rover_control -- -j16 -l16
[0.098s] Invoking command in '/home/moody/Cislune/Cislune-RE-RASSOR/build/rover_control': CMAKE_PREFIX_PATH=${CMAKE_PREFIX_PATH}:/opt/ros/jazzy /usr/bin/cmake --install /home/moody/Cislune/Cislune-RE-RASSOR/build/rover_control
[0.114s] -- Install configuration: ""
[0.115s] -- Up-to-date: /home/moody/Cislune/Cislune-RE-RASSOR/install/rover_control/share/ament_index/resource_index/package_run_dependencies/rover_control
[0.115s] -- Up-to-date: /home/moody/Cislune/Cislune-RE-RASSOR/install/rover_control/share/ament_index/resource_index/parent_prefix_path/rover_control
[0.115s] -- Up-to-date: /home/moody/Cislune/Cislune-RE-RASSOR/install/rover_control/share/rover_control/environment/ament_prefix_path.sh
[0.116s] -- Up-to-date: /home/moody/Cislune/Cislune-RE-RASSOR/install/rover_control/share/rover_control/environment/ament_prefix_path.dsv
[0.116s] -- Up-to-date: /home/moody/Cislune/Cislune-RE-RASSOR/install/rover_control/share/rover_control/environment/path.sh
[0.116s] -- Up-to-date: /home/moody/Cislune/Cislune-RE-RASSOR/install/rover_control/share/rover_control/environment/path.dsv
[0.116s] -- Up-to-date: /home/moody/Cislune/Cislune-RE-RASSOR/install/rover_control/share/rover_control/local_setup.bash
[0.117s] -- Up-to-date: /home/moody/Cislune/Cislune-RE-RASSOR/install/rover_control/share/rover_control/local_setup.sh
[0.117s] -- Up-to-date: /home/moody/Cislune/Cislune-RE-RASSOR/install/rover_control/share/rover_control/local_setup.zsh
[0.117s] -- Up-to-date: /home/moody/Cislune/Cislune-RE-RASSOR/install/rover_control/share/rover_control/local_setup.dsv
[0.118s] -- Installing: /home/moody/Cislune/Cislune-RE-RASSOR/install/rover_control/share/rover_control/package.dsv
[0.121s] -- Up-to-date: /home/moody/Cislune/Cislune-RE-RASSOR/install/rover_control/share/ament_index/resource_index/packages/rover_control
[0.121s] -- Up-to-date: /home/moody/Cislune/Cislune-RE-RASSOR/install/rover_control/share/rover_control/cmake/rover_controlConfig.cmake
[0.121s] -- Up-to-date: /home/moody/Cislune/Cislune-RE-RASSOR/install/rover_control/share/rover_control/cmake/rover_controlConfig-version.cmake
[0.122s] -- Up-to-date: /home/moody/Cislune/Cislune-RE-RASSOR/install/rover_control/share/rover_control/package.xml
[0.164s] Invoked command in '/home/moody/Cislune/Cislune-RE-RASSOR/build/rover_control' returned '0': CMAKE_PREFIX_PATH=${CMAKE_PREFIX_PATH}:/opt/ros/jazzy /usr/bin/cmake --install /home/moody/Cislune/Cislune-RE-RASSOR/build/rover_control
