[0.037s] Invoking command in '/home/moody/Cislune/Cislune-RE-RASSOR/build/rover_bringup': CMAKE_PREFIX_PATH=${CMAKE_PREFIX_PATH}:/opt/ros/jazzy /usr/bin/cmake --build /home/moody/Cislune/Cislune-RE-RASSOR/build/rover_bringup -- -j16 -l16
[0.090s] Invoked command in '/home/moody/Cislune/Cislune-RE-RASSOR/build/rover_bringup' returned '0': CMAKE_PREFIX_PATH=${CMAKE_PREFIX_PATH}:/opt/ros/jazzy /usr/bin/cmake --build /home/moody/Cislune/Cislune-RE-RASSOR/build/rover_bringup -- -j16 -l16
[0.101s] Invoking command in '/home/moody/Cislune/Cislune-RE-RASSOR/build/rover_bringup': CMAKE_PREFIX_PATH=${CMAKE_PREFIX_PATH}:/opt/ros/jazzy /usr/bin/cmake --install /home/moody/Cislune/Cislune-RE-RASSOR/build/rover_bringup
[0.112s] -- Install configuration: ""
[0.117s] -- Installing: /home/moody/Cislune/Cislune-RE-RASSOR/install/rover_bringup/share/ament_index/resource_index/package_run_dependencies/rover_bringup
[0.118s] -- Installing: /home/moody/Cislune/Cislune-RE-RASSOR/install/rover_bringup/share/ament_index/resource_index/parent_prefix_path/rover_bringup
[0.126s] -- Installing: /home/moody/Cislune/Cislune-RE-RASSOR/install/rover_bringup/share/rover_bringup/environment/ament_prefix_path.sh
[0.127s] -- Installing: /home/moody/Cislune/Cislune-RE-RASSOR/install/rover_bringup/share/rover_bringup/environment/ament_prefix_path.dsv
[0.127s] -- Installing: /home/moody/Cislune/Cislune-RE-RASSOR/install/rover_bringup/share/rover_bringup/environment/path.sh
[0.133s] -- Installing: /home/moody/Cislune/Cislune-RE-RASSOR/install/rover_bringup/share/rover_bringup/environment/path.dsv
[0.133s] -- Installing: /home/moody/Cislune/Cislune-RE-RASSOR/install/rover_bringup/share/rover_bringup/local_setup.bash
[0.134s] -- Installing: /home/moody/Cislune/Cislune-RE-RASSOR/install/rover_bringup/share/rover_bringup/local_setup.sh
[0.134s] -- Installing: /home/moody/Cislune/Cislune-RE-RASSOR/install/rover_bringup/share/rover_bringup/local_setup.zsh
[0.136s] -- Installing: /home/moody/Cislune/Cislune-RE-RASSOR/install/rover_bringup/share/rover_bringup/local_setup.dsv
[0.136s] -- Installing: /home/moody/Cislune/Cislune-RE-RASSOR/install/rover_bringup/share/rover_bringup/package.dsv
[0.137s] -- Installing: /home/moody/Cislune/Cislune-RE-RASSOR/install/rover_bringup/share/ament_index/resource_index/packages/rover_bringup
[0.138s] -- Installing: /home/moody/Cislune/Cislune-RE-RASSOR/install/rover_bringup/share/rover_bringup/cmake/rover_bringupConfig.cmake
[0.138s] -- Installing: /home/moody/Cislune/Cislune-RE-RASSOR/install/rover_bringup/share/rover_bringup/cmake/rover_bringupConfig-version.cmake
[0.141s] -- Installing: /home/moody/Cislune/Cislune-RE-RASSOR/install/rover_bringup/share/rover_bringup/package.xml
[0.171s] Invoked command in '/home/moody/Cislune/Cislune-RE-RASSOR/build/rover_bringup' returned '0': CMAKE_PREFIX_PATH=${CMAKE_PREFIX_PATH}:/opt/ros/jazzy /usr/bin/cmake --install /home/moody/Cislune/Cislune-RE-RASSOR/build/rover_bringup
