[0.027s] Invoking command in '/home/moody/Cislune/Cislune-RE-RASSOR/build/rover_navigation': CMAKE_PREFIX_PATH=${CMAKE_PREFIX_PATH}:/opt/ros/jazzy /usr/bin/cmake --build /home/moody/Cislune/Cislune-RE-RASSOR/build/rover_navigation -- -j16 -l16
[0.176s] Invoked command in '/home/moody/Cislune/Cislune-RE-RASSOR/build/rover_navigation' returned '0': CMAKE_PREFIX_PATH=${CMAKE_PREFIX_PATH}:/opt/ros/jazzy /usr/bin/cmake --build /home/moody/Cislune/Cislune-RE-RASSOR/build/rover_navigation -- -j16 -l16
[0.183s] Invoking command in '/home/moody/Cislune/Cislune-RE-RASSOR/build/rover_navigation': CMAKE_PREFIX_PATH=${CMAKE_PREFIX_PATH}:/opt/ros/jazzy /usr/bin/cmake --install /home/moody/Cislune/Cislune-RE-RASSOR/build/rover_navigation
[0.188s] -- Install configuration: ""
[0.189s] -- Up-to-date: /home/moody/Cislune/Cislune-RE-RASSOR/install/rover_navigation/share/ament_index/resource_index/package_run_dependencies/rover_navigation
[0.189s] -- Up-to-date: /home/moody/Cislune/Cislune-RE-RASSOR/install/rover_navigation/share/ament_index/resource_index/parent_prefix_path/rover_navigation
[0.189s] -- Up-to-date: /home/moody/Cislune/Cislune-RE-RASSOR/install/rover_navigation/share/rover_navigation/environment/ament_prefix_path.sh
[0.190s] -- Up-to-date: /home/moody/Cislune/Cislune-RE-RASSOR/install/rover_navigation/share/rover_navigation/environment/ament_prefix_path.dsv
[0.190s] -- Up-to-date: /home/moody/Cislune/Cislune-RE-RASSOR/install/rover_navigation/share/rover_navigation/environment/path.sh
[0.190s] -- Up-to-date: /home/moody/Cislune/Cislune-RE-RASSOR/install/rover_navigation/share/rover_navigation/environment/path.dsv
[0.190s] -- Up-to-date: /home/moody/Cislune/Cislune-RE-RASSOR/install/rover_navigation/share/rover_navigation/local_setup.bash
[0.191s] -- Up-to-date: /home/moody/Cislune/Cislune-RE-RASSOR/install/rover_navigation/share/rover_navigation/local_setup.sh
[0.191s] -- Up-to-date: /home/moody/Cislune/Cislune-RE-RASSOR/install/rover_navigation/share/rover_navigation/local_setup.zsh
[0.191s] -- Up-to-date: /home/moody/Cislune/Cislune-RE-RASSOR/install/rover_navigation/share/rover_navigation/local_setup.dsv
[0.191s] -- Installing: /home/moody/Cislune/Cislune-RE-RASSOR/install/rover_navigation/share/rover_navigation/package.dsv
[0.191s] -- Up-to-date: /home/moody/Cislune/Cislune-RE-RASSOR/install/rover_navigation/share/ament_index/resource_index/packages/rover_navigation
[0.192s] -- Up-to-date: /home/moody/Cislune/Cislune-RE-RASSOR/install/rover_navigation/share/rover_navigation/cmake/rover_navigationConfig.cmake
[0.192s] -- Up-to-date: /home/moody/Cislune/Cislune-RE-RASSOR/install/rover_navigation/share/rover_navigation/cmake/rover_navigationConfig-version.cmake
[0.192s] -- Up-to-date: /home/moody/Cislune/Cislune-RE-RASSOR/install/rover_navigation/share/rover_navigation/package.xml
[0.286s] Invoked command in '/home/moody/Cislune/Cislune-RE-RASSOR/build/rover_navigation' returned '0': CMAKE_PREFIX_PATH=${CMAKE_PREFIX_PATH}:/opt/ros/jazzy /usr/bin/cmake --install /home/moody/Cislune/Cislune-RE-RASSOR/build/rover_navigation
