[0.034s] Invoking command in '/home/moody/Cislune/Cislune-RE-RASSOR/build/rover_description': CMAKE_PREFIX_PATH=${CMAKE_PREFIX_PATH}:/opt/ros/jazzy /usr/bin/cmake /home/moody/Cislune/Cislune-RE-RASSOR/src/rover_description -DCMAKE_INSTALL_PREFIX=/home/moody/Cislune/Cislune-RE-RASSOR/install/rover_description
[0.269s] -- The C compiler identification is GNU 13.3.0
[1.062s] -- The CXX compiler identification is GNU 13.3.0
[1.884s] -- Detecting C compiler ABI info
[2.178s] -- Detecting C compiler ABI info - done
[2.188s] -- Check for working C compiler: /usr/bin/cc - skipped
[2.189s] -- Detecting C compile features
[2.190s] -- Detecting C compile features - done
[2.285s] -- Detecting CXX compiler ABI info
[2.599s] -- Detecting CXX compiler ABI info - done
[2.610s] -- Check for working CXX compiler: /usr/bin/c++ - skipped
[2.610s] -- Detecting CXX compile features
[2.611s] -- Detecting CXX compile features - done
[2.644s] -- Found ament_cmake: 2.5.4 (/opt/ros/jazzy/share/ament_cmake/cmake)
[2.852s] -- Found Python3: /usr/bin/python3 (found version "3.12.3") found components: Interpreter 
[3.049s] -- Found ament_lint_auto: 0.17.2 (/opt/ros/jazzy/share/ament_lint_auto/cmake)
[3.164s] -- Configuring done (3.1s)
[3.173s] -- Generating done (0.0s)
[3.176s] -- Build files have been written to: /home/moody/Cislune/Cislune-RE-RASSOR/build/rover_description
[3.183s] Invoked command in '/home/moody/Cislune/Cislune-RE-RASSOR/build/rover_description' returned '0': CMAKE_PREFIX_PATH=${CMAKE_PREFIX_PATH}:/opt/ros/jazzy /usr/bin/cmake /home/moody/Cislune/Cislune-RE-RASSOR/src/rover_description -DCMAKE_INSTALL_PREFIX=/home/moody/Cislune/Cislune-RE-RASSOR/install/rover_description
[3.184s] Invoking command in '/home/moody/Cislune/Cislune-RE-RASSOR/build/rover_description': CMAKE_PREFIX_PATH=${CMAKE_PREFIX_PATH}:/opt/ros/jazzy /usr/bin/cmake --build /home/moody/Cislune/Cislune-RE-RASSOR/build/rover_description -- -j16 -l16
[3.240s] Invoked command in '/home/moody/Cislune/Cislune-RE-RASSOR/build/rover_description' returned '0': CMAKE_PREFIX_PATH=${CMAKE_PREFIX_PATH}:/opt/ros/jazzy /usr/bin/cmake --build /home/moody/Cislune/Cislune-RE-RASSOR/build/rover_description -- -j16 -l16
[3.242s] Invoking command in '/home/moody/Cislune/Cislune-RE-RASSOR/build/rover_description': CMAKE_PREFIX_PATH=${CMAKE_PREFIX_PATH}:/opt/ros/jazzy /usr/bin/cmake --install /home/moody/Cislune/Cislune-RE-RASSOR/build/rover_description
[3.253s] -- Install configuration: ""
[3.253s] -- Installing: /home/moody/Cislune/Cislune-RE-RASSOR/install/rover_description/share/rover_description/urdf
[3.255s] -- Installing: /home/moody/Cislune/Cislune-RE-RASSOR/install/rover_description/share/rover_description/urdf/rover.urdf.xacro
[3.255s] -- Installing: /home/moody/Cislune/Cislune-RE-RASSOR/install/rover_description/share/rover_description/launch
[3.256s] -- Installing: /home/moody/Cislune/Cislune-RE-RASSOR/install/rover_description/share/rover_description/launch/display.launch.py
[3.257s] [31mCMake Error at cmake_install.cmake:46 (file):
[3.257s]   file INSTALL cannot find
[3.257s]   "/home/moody/Cislune/Cislune-RE-RASSOR/src/rover_description/rviz": No such
[3.257s]   file or directory.
[3.257s] 
[3.257s] [0m
[3.259s] Invoked command in '/home/moody/Cislune/Cislune-RE-RASSOR/build/rover_description' returned '1': CMAKE_PREFIX_PATH=${CMAKE_PREFIX_PATH}:/opt/ros/jazzy /usr/bin/cmake --install /home/moody/Cislune/Cislune-RE-RASSOR/build/rover_description
