[0.034s] Invoking command in '/home/moody/Cislune/Cislune-RE-RASSOR/build/rover_navigation': CMAKE_PREFIX_PATH=${CMAKE_PREFIX_PATH}:/opt/ros/jazzy /usr/bin/cmake /home/moody/Cislune/Cislune-RE-RASSOR/src/rover_navigation -DCMAKE_INSTALL_PREFIX=/home/moody/Cislune/Cislune-RE-RASSOR/install/rover_navigation
[0.260s] -- The C compiler identification is GNU 13.3.0
[1.072s] -- The CXX compiler identification is GNU 13.3.0
[1.963s] -- Detecting C compiler ABI info
[2.281s] -- Detecting C compiler ABI info - done
[2.296s] -- Check for working C compiler: /usr/bin/cc - skipped
[2.296s] -- Detecting C compile features
[2.296s] -- Detecting C compile features - done
[2.401s] -- Detecting CXX compiler ABI info
[2.702s] -- Detecting CXX compiler ABI info - done
[2.720s] -- Check for working CXX compiler: /usr/bin/c++ - skipped
[2.720s] -- Detecting CXX compile features
[2.721s] -- Detecting CXX compile features - done
[2.727s] -- Found ament_cmake: 2.5.4 (/opt/ros/jazzy/share/ament_cmake/cmake)
[2.948s] -- Found Python3: /usr/bin/python3 (found version "3.12.3") found components: Interpreter 
[3.115s] -- Found ament_lint_auto: 0.17.2 (/opt/ros/jazzy/share/ament_lint_auto/cmake)
[3.267s] -- Added test 'lint_cmake' to check CMake code style
[3.270s] -- Added test 'xmllint' to check XML markup files
[3.274s] -- Configuring done (3.2s)
[3.285s] -- Generating done (0.0s)
[3.288s] -- Build files have been written to: /home/moody/Cislune/Cislune-RE-RASSOR/build/rover_navigation
