[0.232s] DEBUG:colcon:Command line arguments: ['/usr/bin/colcon', 'build']
[0.233s] DEBUG:colcon:Parsed command line arguments: Namespace(log_base=None, log_level=None, verb_name='build', build_base='build', install_base='install', merge_install=False, symlink_install=False, test_result_base=None, continue_on_error=False, executor='parallel', parallel_workers=16, event_handlers=None, ignore_user_meta=False, metas=['./colcon.meta'], base_paths=['.'], packages_ignore=None, packages_ignore_regex=None, paths=None, packages_up_to=None, packages_up_to_regex=None, packages_above=None, packages_above_and_dependencies=None, packages_above_depth=None, packages_select_by_dep=None, packages_skip_by_dep=None, packages_skip_up_to=None, packages_select_build_failed=False, packages_skip_build_finished=False, packages_select_test_failures=False, packages_skip_test_passed=False, packages_select=None, packages_skip=None, packages_select_regex=None, packages_skip_regex=None, packages_start=None, packages_end=None, allow_overriding=[], cmake_args=None, cmake_target=None, cmake_target_skip_unavailable=False, cmake_clean_cache=False, cmake_clean_first=False, cmake_force_configure=False, ament_cmake_args=None, catkin_cmake_args=None, catkin_skip_building_tests=False, mixin_files=None, mixin=None, verb_parser=<colcon_mixin.mixin.mixin_argument.MixinArgumentDecorator object at 0x7fd0b3672db0>, verb_extension=<colcon_core.verb.build.BuildVerb object at 0x7fd0b37a2ab0>, main=<bound method BuildVerb.main of <colcon_core.verb.build.BuildVerb object at 0x7fd0b37a2ab0>>, mixin_verb=('build',))
[0.293s] Level 1:colcon.colcon_core.package_discovery:discover_packages(colcon_meta) check parameters
[0.293s] Level 1:colcon.colcon_core.package_discovery:discover_packages(recursive) check parameters
[0.293s] Level 1:colcon.colcon_core.package_discovery:discover_packages(ignore) check parameters
[0.293s] Level 1:colcon.colcon_core.package_discovery:discover_packages(path) check parameters
[0.293s] Level 1:colcon.colcon_core.package_discovery:discover_packages(colcon_meta) discover
[0.293s] Level 1:colcon.colcon_core.package_discovery:discover_packages(recursive) discover
[0.293s] INFO:colcon.colcon_core.package_discovery:Crawling recursively for packages in '/home/moody/Cislune/Cislune-RE-RASSOR'
[0.294s] Level 1:colcon.colcon_core.package_identification:_identify(.) by extensions ['ignore', 'ignore_ament_install']
[0.294s] Level 1:colcon.colcon_core.package_identification:_identify(.) by extension 'ignore'
[0.294s] Level 1:colcon.colcon_core.package_identification:_identify(.) by extension 'ignore_ament_install'
[0.294s] Level 1:colcon.colcon_core.package_identification:_identify(.) by extensions ['colcon_pkg']
[0.294s] Level 1:colcon.colcon_core.package_identification:_identify(.) by extension 'colcon_pkg'
[0.294s] Level 1:colcon.colcon_core.package_identification:_identify(.) by extensions ['colcon_meta']
[0.294s] Level 1:colcon.colcon_core.package_identification:_identify(.) by extension 'colcon_meta'
[0.294s] Level 1:colcon.colcon_core.package_identification:_identify(.) by extensions ['ros']
[0.294s] Level 1:colcon.colcon_core.package_identification:_identify(.) by extension 'ros'
[0.325s] Level 1:colcon.colcon_core.package_identification:_identify(.) by extensions ['cmake', 'python']
[0.325s] Level 1:colcon.colcon_core.package_identification:_identify(.) by extension 'cmake'
[0.325s] Level 1:colcon.colcon_core.package_identification:_identify(.) by extension 'python'
[0.325s] Level 1:colcon.colcon_core.package_identification:_identify(.) by extensions ['python_setup_py']
[0.325s] Level 1:colcon.colcon_core.package_identification:_identify(.) by extension 'python_setup_py'
[0.325s] Level 1:colcon.colcon_core.package_identification:_identify(build) by extensions ['ignore', 'ignore_ament_install']
[0.325s] Level 1:colcon.colcon_core.package_identification:_identify(build) by extension 'ignore'
[0.326s] Level 1:colcon.colcon_core.package_identification:_identify(build) ignored
[0.326s] Level 1:colcon.colcon_core.package_identification:_identify(docker) by extensions ['ignore', 'ignore_ament_install']
[0.326s] Level 1:colcon.colcon_core.package_identification:_identify(docker) by extension 'ignore'
[0.326s] Level 1:colcon.colcon_core.package_identification:_identify(docker) by extension 'ignore_ament_install'
[0.326s] Level 1:colcon.colcon_core.package_identification:_identify(docker) by extensions ['colcon_pkg']
[0.326s] Level 1:colcon.colcon_core.package_identification:_identify(docker) by extension 'colcon_pkg'
[0.326s] Level 1:colcon.colcon_core.package_identification:_identify(docker) by extensions ['colcon_meta']
[0.326s] Level 1:colcon.colcon_core.package_identification:_identify(docker) by extension 'colcon_meta'
[0.326s] Level 1:colcon.colcon_core.package_identification:_identify(docker) by extensions ['ros']
[0.326s] Level 1:colcon.colcon_core.package_identification:_identify(docker) by extension 'ros'
[0.326s] Level 1:colcon.colcon_core.package_identification:_identify(docker) by extensions ['cmake', 'python']
[0.326s] Level 1:colcon.colcon_core.package_identification:_identify(docker) by extension 'cmake'
[0.326s] Level 1:colcon.colcon_core.package_identification:_identify(docker) by extension 'python'
[0.326s] Level 1:colcon.colcon_core.package_identification:_identify(docker) by extensions ['python_setup_py']
[0.326s] Level 1:colcon.colcon_core.package_identification:_identify(docker) by extension 'python_setup_py'
[0.326s] Level 1:colcon.colcon_core.package_identification:_identify(install) by extensions ['ignore', 'ignore_ament_install']
[0.327s] Level 1:colcon.colcon_core.package_identification:_identify(install) by extension 'ignore'
[0.327s] Level 1:colcon.colcon_core.package_identification:_identify(install) ignored
[0.327s] Level 1:colcon.colcon_core.package_identification:_identify(log) by extensions ['ignore', 'ignore_ament_install']
[0.327s] Level 1:colcon.colcon_core.package_identification:_identify(log) by extension 'ignore'
[0.327s] Level 1:colcon.colcon_core.package_identification:_identify(log) ignored
[0.327s] Level 1:colcon.colcon_core.package_identification:_identify(src) by extensions ['ignore', 'ignore_ament_install']
[0.327s] Level 1:colcon.colcon_core.package_identification:_identify(src) by extension 'ignore'
[0.327s] Level 1:colcon.colcon_core.package_identification:_identify(src) by extension 'ignore_ament_install'
[0.327s] Level 1:colcon.colcon_core.package_identification:_identify(src) by extensions ['colcon_pkg']
[0.327s] Level 1:colcon.colcon_core.package_identification:_identify(src) by extension 'colcon_pkg'
[0.327s] Level 1:colcon.colcon_core.package_identification:_identify(src) by extensions ['colcon_meta']
[0.327s] Level 1:colcon.colcon_core.package_identification:_identify(src) by extension 'colcon_meta'
[0.327s] Level 1:colcon.colcon_core.package_identification:_identify(src) by extensions ['ros']
[0.327s] Level 1:colcon.colcon_core.package_identification:_identify(src) by extension 'ros'
[0.327s] Level 1:colcon.colcon_core.package_identification:_identify(src) by extensions ['cmake', 'python']
[0.327s] Level 1:colcon.colcon_core.package_identification:_identify(src) by extension 'cmake'
[0.327s] Level 1:colcon.colcon_core.package_identification:_identify(src) by extension 'python'
[0.327s] Level 1:colcon.colcon_core.package_identification:_identify(src) by extensions ['python_setup_py']
[0.328s] Level 1:colcon.colcon_core.package_identification:_identify(src) by extension 'python_setup_py'
[0.328s] Level 1:colcon.colcon_core.package_identification:_identify(src/firmware) by extensions ['ignore', 'ignore_ament_install']
[0.328s] Level 1:colcon.colcon_core.package_identification:_identify(src/firmware) by extension 'ignore'
[0.328s] Level 1:colcon.colcon_core.package_identification:_identify(src/firmware) by extension 'ignore_ament_install'
[0.328s] Level 1:colcon.colcon_core.package_identification:_identify(src/firmware) by extensions ['colcon_pkg']
[0.328s] Level 1:colcon.colcon_core.package_identification:_identify(src/firmware) by extension 'colcon_pkg'
[0.328s] Level 1:colcon.colcon_core.package_identification:_identify(src/firmware) by extensions ['colcon_meta']
[0.328s] Level 1:colcon.colcon_core.package_identification:_identify(src/firmware) by extension 'colcon_meta'
[0.328s] Level 1:colcon.colcon_core.package_identification:_identify(src/firmware) by extensions ['ros']
[0.328s] Level 1:colcon.colcon_core.package_identification:_identify(src/firmware) by extension 'ros'
[0.328s] Level 1:colcon.colcon_core.package_identification:_identify(src/firmware) by extensions ['cmake', 'python']
[0.328s] Level 1:colcon.colcon_core.package_identification:_identify(src/firmware) by extension 'cmake'
[0.328s] Level 1:colcon.colcon_core.package_identification:_identify(src/firmware) by extension 'python'
[0.328s] Level 1:colcon.colcon_core.package_identification:_identify(src/firmware) by extensions ['python_setup_py']
[0.328s] Level 1:colcon.colcon_core.package_identification:_identify(src/firmware) by extension 'python_setup_py'
[0.328s] Level 1:colcon.colcon_core.package_identification:_identify(src/rover_bringup) by extensions ['ignore', 'ignore_ament_install']
[0.328s] Level 1:colcon.colcon_core.package_identification:_identify(src/rover_bringup) by extension 'ignore'
[0.328s] Level 1:colcon.colcon_core.package_identification:_identify(src/rover_bringup) by extension 'ignore_ament_install'
[0.329s] Level 1:colcon.colcon_core.package_identification:_identify(src/rover_bringup) by extensions ['colcon_pkg']
[0.329s] Level 1:colcon.colcon_core.package_identification:_identify(src/rover_bringup) by extension 'colcon_pkg'
[0.329s] Level 1:colcon.colcon_core.package_identification:_identify(src/rover_bringup) by extensions ['colcon_meta']
[0.329s] Level 1:colcon.colcon_core.package_identification:_identify(src/rover_bringup) by extension 'colcon_meta'
[0.329s] Level 1:colcon.colcon_core.package_identification:_identify(src/rover_bringup) by extensions ['ros']
[0.329s] Level 1:colcon.colcon_core.package_identification:_identify(src/rover_bringup) by extension 'ros'
[0.329s] Level 1:colcon.colcon_core.package_identification:_identify(src/rover_bringup) by extensions ['cmake', 'python']
[0.329s] Level 1:colcon.colcon_core.package_identification:_identify(src/rover_bringup) by extension 'cmake'
[0.329s] Level 1:colcon.colcon_core.package_identification:_identify(src/rover_bringup) by extension 'python'
[0.329s] Level 1:colcon.colcon_core.package_identification:_identify(src/rover_bringup) by extensions ['python_setup_py']
[0.329s] Level 1:colcon.colcon_core.package_identification:_identify(src/rover_bringup) by extension 'python_setup_py'
[0.329s] Level 1:colcon.colcon_core.package_identification:_identify(src/rover_control) by extensions ['ignore', 'ignore_ament_install']
[0.329s] Level 1:colcon.colcon_core.package_identification:_identify(src/rover_control) by extension 'ignore'
[0.329s] Level 1:colcon.colcon_core.package_identification:_identify(src/rover_control) by extension 'ignore_ament_install'
[0.329s] Level 1:colcon.colcon_core.package_identification:_identify(src/rover_control) by extensions ['colcon_pkg']
[0.329s] Level 1:colcon.colcon_core.package_identification:_identify(src/rover_control) by extension 'colcon_pkg'
[0.329s] Level 1:colcon.colcon_core.package_identification:_identify(src/rover_control) by extensions ['colcon_meta']
[0.329s] Level 1:colcon.colcon_core.package_identification:_identify(src/rover_control) by extension 'colcon_meta'
[0.329s] Level 1:colcon.colcon_core.package_identification:_identify(src/rover_control) by extensions ['ros']
[0.329s] Level 1:colcon.colcon_core.package_identification:_identify(src/rover_control) by extension 'ros'
[0.333s] DEBUG:colcon.colcon_core.package_identification:Package 'src/rover_control' with type 'ros.ament_cmake' and name 'rover_control'
[0.333s] Level 1:colcon.colcon_core.package_identification:_identify(src/rover_description) by extensions ['ignore', 'ignore_ament_install']
[0.333s] Level 1:colcon.colcon_core.package_identification:_identify(src/rover_description) by extension 'ignore'
[0.334s] Level 1:colcon.colcon_core.package_identification:_identify(src/rover_description) by extension 'ignore_ament_install'
[0.334s] Level 1:colcon.colcon_core.package_identification:_identify(src/rover_description) by extensions ['colcon_pkg']
[0.334s] Level 1:colcon.colcon_core.package_identification:_identify(src/rover_description) by extension 'colcon_pkg'
[0.334s] Level 1:colcon.colcon_core.package_identification:_identify(src/rover_description) by extensions ['colcon_meta']
[0.334s] Level 1:colcon.colcon_core.package_identification:_identify(src/rover_description) by extension 'colcon_meta'
[0.334s] Level 1:colcon.colcon_core.package_identification:_identify(src/rover_description) by extensions ['ros']
[0.334s] Level 1:colcon.colcon_core.package_identification:_identify(src/rover_description) by extension 'ros'
[0.334s] Level 1:colcon.colcon_core.package_identification:_identify(src/rover_description) by extensions ['cmake', 'python']
[0.334s] Level 1:colcon.colcon_core.package_identification:_identify(src/rover_description) by extension 'cmake'
[0.334s] Level 1:colcon.colcon_core.package_identification:_identify(src/rover_description) by extension 'python'
[0.334s] Level 1:colcon.colcon_core.package_identification:_identify(src/rover_description) by extensions ['python_setup_py']
[0.334s] Level 1:colcon.colcon_core.package_identification:_identify(src/rover_description) by extension 'python_setup_py'
[0.334s] Level 1:colcon.colcon_core.package_identification:_identify(src/rover_description/urdf) by extensions ['ignore', 'ignore_ament_install']
[0.334s] Level 1:colcon.colcon_core.package_identification:_identify(src/rover_description/urdf) by extension 'ignore'
[0.334s] Level 1:colcon.colcon_core.package_identification:_identify(src/rover_description/urdf) by extension 'ignore_ament_install'
[0.334s] Level 1:colcon.colcon_core.package_identification:_identify(src/rover_description/urdf) by extensions ['colcon_pkg']
[0.334s] Level 1:colcon.colcon_core.package_identification:_identify(src/rover_description/urdf) by extension 'colcon_pkg'
[0.334s] Level 1:colcon.colcon_core.package_identification:_identify(src/rover_description/urdf) by extensions ['colcon_meta']
[0.335s] Level 1:colcon.colcon_core.package_identification:_identify(src/rover_description/urdf) by extension 'colcon_meta'
[0.335s] Level 1:colcon.colcon_core.package_identification:_identify(src/rover_description/urdf) by extensions ['ros']
[0.335s] Level 1:colcon.colcon_core.package_identification:_identify(src/rover_description/urdf) by extension 'ros'
[0.335s] Level 1:colcon.colcon_core.package_identification:_identify(src/rover_description/urdf) by extensions ['cmake', 'python']
[0.335s] Level 1:colcon.colcon_core.package_identification:_identify(src/rover_description/urdf) by extension 'cmake'
[0.335s] Level 1:colcon.colcon_core.package_identification:_identify(src/rover_description/urdf) by extension 'python'
[0.335s] Level 1:colcon.colcon_core.package_identification:_identify(src/rover_description/urdf) by extensions ['python_setup_py']
[0.335s] Level 1:colcon.colcon_core.package_identification:_identify(src/rover_description/urdf) by extension 'python_setup_py'
[0.335s] Level 1:colcon.colcon_core.package_identification:_identify(src/rover_navigation) by extensions ['ignore', 'ignore_ament_install']
[0.335s] Level 1:colcon.colcon_core.package_identification:_identify(src/rover_navigation) by extension 'ignore'
[0.335s] Level 1:colcon.colcon_core.package_identification:_identify(src/rover_navigation) by extension 'ignore_ament_install'
[0.335s] Level 1:colcon.colcon_core.package_identification:_identify(src/rover_navigation) by extensions ['colcon_pkg']
[0.335s] Level 1:colcon.colcon_core.package_identification:_identify(src/rover_navigation) by extension 'colcon_pkg'
[0.335s] Level 1:colcon.colcon_core.package_identification:_identify(src/rover_navigation) by extensions ['colcon_meta']
[0.335s] Level 1:colcon.colcon_core.package_identification:_identify(src/rover_navigation) by extension 'colcon_meta'
[0.335s] Level 1:colcon.colcon_core.package_identification:_identify(src/rover_navigation) by extensions ['ros']
[0.335s] Level 1:colcon.colcon_core.package_identification:_identify(src/rover_navigation) by extension 'ros'
[0.335s] Level 1:colcon.colcon_core.package_identification:_identify(src/rover_navigation) by extensions ['cmake', 'python']
[0.335s] Level 1:colcon.colcon_core.package_identification:_identify(src/rover_navigation) by extension 'cmake'
[0.335s] Level 1:colcon.colcon_core.package_identification:_identify(src/rover_navigation) by extension 'python'
[0.335s] Level 1:colcon.colcon_core.package_identification:_identify(src/rover_navigation) by extensions ['python_setup_py']
[0.335s] Level 1:colcon.colcon_core.package_identification:_identify(src/rover_navigation) by extension 'python_setup_py'
[0.335s] Level 1:colcon.colcon_core.package_identification:_identify(src/rover_sim) by extensions ['ignore', 'ignore_ament_install']
[0.336s] Level 1:colcon.colcon_core.package_identification:_identify(src/rover_sim) by extension 'ignore'
[0.336s] Level 1:colcon.colcon_core.package_identification:_identify(src/rover_sim) by extension 'ignore_ament_install'
[0.336s] Level 1:colcon.colcon_core.package_identification:_identify(src/rover_sim) by extensions ['colcon_pkg']
[0.336s] Level 1:colcon.colcon_core.package_identification:_identify(src/rover_sim) by extension 'colcon_pkg'
[0.336s] Level 1:colcon.colcon_core.package_identification:_identify(src/rover_sim) by extensions ['colcon_meta']
[0.336s] Level 1:colcon.colcon_core.package_identification:_identify(src/rover_sim) by extension 'colcon_meta'
[0.336s] Level 1:colcon.colcon_core.package_identification:_identify(src/rover_sim) by extensions ['ros']
[0.336s] Level 1:colcon.colcon_core.package_identification:_identify(src/rover_sim) by extension 'ros'
[0.336s] Level 1:colcon.colcon_core.package_identification:_identify(src/rover_sim) by extensions ['cmake', 'python']
[0.336s] Level 1:colcon.colcon_core.package_identification:_identify(src/rover_sim) by extension 'cmake'
[0.336s] Level 1:colcon.colcon_core.package_identification:_identify(src/rover_sim) by extension 'python'
[0.336s] Level 1:colcon.colcon_core.package_identification:_identify(src/rover_sim) by extensions ['python_setup_py']
[0.336s] Level 1:colcon.colcon_core.package_identification:_identify(src/rover_sim) by extension 'python_setup_py'
[0.336s] Level 1:colcon.colcon_core.package_discovery:discover_packages(recursive) using defaults
[0.336s] Level 1:colcon.colcon_core.package_discovery:discover_packages(ignore) discover
[0.336s] Level 1:colcon.colcon_core.package_discovery:discover_packages(ignore) using defaults
[0.336s] Level 1:colcon.colcon_core.package_discovery:discover_packages(path) discover
[0.336s] Level 1:colcon.colcon_core.package_discovery:discover_packages(path) using defaults
[0.362s] Level 1:colcon.colcon_core.package_discovery:discover_packages(prefix_path) check parameters
[0.362s] Level 1:colcon.colcon_core.package_discovery:discover_packages(prefix_path) discover
[0.371s] DEBUG:colcon.colcon_installed_package_information.package_discovery:Found 425 installed packages in /opt/ros/jazzy
[0.373s] Level 1:colcon.colcon_core.package_discovery:discover_packages(prefix_path) using defaults
[0.511s] Level 5:colcon.colcon_core.verb:set package 'rover_control' build argument 'cmake_args' from command line to 'None'
[0.511s] Level 5:colcon.colcon_core.verb:set package 'rover_control' build argument 'cmake_target' from command line to 'None'
[0.511s] Level 5:colcon.colcon_core.verb:set package 'rover_control' build argument 'cmake_target_skip_unavailable' from command line to 'False'
[0.511s] Level 5:colcon.colcon_core.verb:set package 'rover_control' build argument 'cmake_clean_cache' from command line to 'False'
[0.511s] Level 5:colcon.colcon_core.verb:set package 'rover_control' build argument 'cmake_clean_first' from command line to 'False'
[0.511s] Level 5:colcon.colcon_core.verb:set package 'rover_control' build argument 'cmake_force_configure' from command line to 'False'
[0.511s] Level 5:colcon.colcon_core.verb:set package 'rover_control' build argument 'ament_cmake_args' from command line to 'None'
[0.511s] Level 5:colcon.colcon_core.verb:set package 'rover_control' build argument 'catkin_cmake_args' from command line to 'None'
[0.511s] Level 5:colcon.colcon_core.verb:set package 'rover_control' build argument 'catkin_skip_building_tests' from command line to 'False'
[0.511s] DEBUG:colcon.colcon_core.verb:Building package 'rover_control' with the following arguments: {'ament_cmake_args': None, 'build_base': '/home/moody/Cislune/Cislune-RE-RASSOR/build/rover_control', 'catkin_cmake_args': None, 'catkin_skip_building_tests': False, 'cmake_args': None, 'cmake_clean_cache': False, 'cmake_clean_first': False, 'cmake_force_configure': False, 'cmake_target': None, 'cmake_target_skip_unavailable': False, 'install_base': '/home/moody/Cislune/Cislune-RE-RASSOR/install/rover_control', 'merge_install': False, 'path': '/home/moody/Cislune/Cislune-RE-RASSOR/src/rover_control', 'symlink_install': False, 'test_result_base': None}
[0.511s] INFO:colcon.colcon_core.executor:Executing jobs using 'parallel' executor
[0.512s] DEBUG:colcon.colcon_parallel_executor.executor.parallel:run_until_complete
[0.512s] INFO:colcon.colcon_ros.task.ament_cmake.build:Building ROS package in '/home/moody/Cislune/Cislune-RE-RASSOR/src/rover_control' with build type 'ament_cmake'
[0.513s] INFO:colcon.colcon_cmake.task.cmake.build:Building CMake package in '/home/moody/Cislune/Cislune-RE-RASSOR/src/rover_control'
[0.517s] INFO:colcon.colcon_core.plugin_system:Skipping extension 'colcon_core.shell.bat': Not used on non-Windows systems
[0.518s] INFO:colcon.colcon_core.shell:Skip shell extension 'powershell' for command environment: Not usable outside of PowerShell
[0.518s] DEBUG:colcon.colcon_core.shell:Skip shell extension 'dsv' for command environment
[0.534s] DEBUG:colcon.colcon_core.event_handler.log_command:Invoking command in '/home/moody/Cislune/Cislune-RE-RASSOR/build/rover_control': CMAKE_PREFIX_PATH=${CMAKE_PREFIX_PATH}:/opt/ros/jazzy /usr/bin/cmake /home/moody/Cislune/Cislune-RE-RASSOR/src/rover_control -DCMAKE_INSTALL_PREFIX=/home/moody/Cislune/Cislune-RE-RASSOR/install/rover_control
[3.328s] DEBUG:colcon.colcon_core.event_handler.log_command:Invoked command in '/home/moody/Cislune/Cislune-RE-RASSOR/build/rover_control' returned '0': CMAKE_PREFIX_PATH=${CMAKE_PREFIX_PATH}:/opt/ros/jazzy /usr/bin/cmake /home/moody/Cislune/Cislune-RE-RASSOR/src/rover_control -DCMAKE_INSTALL_PREFIX=/home/moody/Cislune/Cislune-RE-RASSOR/install/rover_control
[3.329s] DEBUG:colcon.colcon_core.event_handler.log_command:Invoking command in '/home/moody/Cislune/Cislune-RE-RASSOR/build/rover_control': CMAKE_PREFIX_PATH=${CMAKE_PREFIX_PATH}:/opt/ros/jazzy /usr/bin/cmake --build /home/moody/Cislune/Cislune-RE-RASSOR/build/rover_control -- -j16 -l16
[3.378s] DEBUG:colcon.colcon_core.event_handler.log_command:Invoked command in '/home/moody/Cislune/Cislune-RE-RASSOR/build/rover_control' returned '0': CMAKE_PREFIX_PATH=${CMAKE_PREFIX_PATH}:/opt/ros/jazzy /usr/bin/cmake --build /home/moody/Cislune/Cislune-RE-RASSOR/build/rover_control -- -j16 -l16
[3.390s] DEBUG:colcon.colcon_core.event_handler.log_command:Invoking command in '/home/moody/Cislune/Cislune-RE-RASSOR/build/rover_control': CMAKE_PREFIX_PATH=${CMAKE_PREFIX_PATH}:/opt/ros/jazzy /usr/bin/cmake --install /home/moody/Cislune/Cislune-RE-RASSOR/build/rover_control
[3.410s] Level 1:colcon.colcon_core.environment:create_environment_scripts_only(rover_control)
[3.411s] DEBUG:colcon.colcon_core.event_handler.log_command:Invoked command in '/home/moody/Cislune/Cislune-RE-RASSOR/build/rover_control' returned '0': CMAKE_PREFIX_PATH=${CMAKE_PREFIX_PATH}:/opt/ros/jazzy /usr/bin/cmake --install /home/moody/Cislune/Cislune-RE-RASSOR/build/rover_control
[3.417s] Level 1:colcon.colcon_core.environment:checking '/home/moody/Cislune/Cislune-RE-RASSOR/install/rover_control' for CMake module files
[3.417s] Level 1:colcon.colcon_core.environment:checking '/home/moody/Cislune/Cislune-RE-RASSOR/install/rover_control' for CMake config files
[3.417s] Level 1:colcon.colcon_core.shell:create_environment_hook('rover_control', 'cmake_prefix_path')
[3.417s] INFO:colcon.colcon_core.shell:Creating environment hook '/home/moody/Cislune/Cislune-RE-RASSOR/install/rover_control/share/rover_control/hook/cmake_prefix_path.ps1'
[3.419s] INFO:colcon.colcon_core.shell:Creating environment descriptor '/home/moody/Cislune/Cislune-RE-RASSOR/install/rover_control/share/rover_control/hook/cmake_prefix_path.dsv'
[3.420s] INFO:colcon.colcon_core.shell:Creating environment hook '/home/moody/Cislune/Cislune-RE-RASSOR/install/rover_control/share/rover_control/hook/cmake_prefix_path.sh'
[3.421s] Level 1:colcon.colcon_core.environment:checking '/home/moody/Cislune/Cislune-RE-RASSOR/install/rover_control/bin'
[3.421s] Level 1:colcon.colcon_core.environment:checking '/home/moody/Cislune/Cislune-RE-RASSOR/install/rover_control/lib/pkgconfig/rover_control.pc'
[3.422s] Level 1:colcon.colcon_core.environment:checking '/home/moody/Cislune/Cislune-RE-RASSOR/install/rover_control/lib/python3.12/site-packages'
[3.422s] Level 1:colcon.colcon_core.environment:checking '/home/moody/Cislune/Cislune-RE-RASSOR/install/rover_control/bin'
[3.422s] INFO:colcon.colcon_core.shell:Creating package script '/home/moody/Cislune/Cislune-RE-RASSOR/install/rover_control/share/rover_control/package.ps1'
[3.423s] INFO:colcon.colcon_core.shell:Creating package descriptor '/home/moody/Cislune/Cislune-RE-RASSOR/install/rover_control/share/rover_control/package.dsv'
[3.424s] INFO:colcon.colcon_core.shell:Creating package script '/home/moody/Cislune/Cislune-RE-RASSOR/install/rover_control/share/rover_control/package.sh'
[3.425s] INFO:colcon.colcon_core.shell:Creating package script '/home/moody/Cislune/Cislune-RE-RASSOR/install/rover_control/share/rover_control/package.bash'
[3.426s] INFO:colcon.colcon_core.shell:Creating package script '/home/moody/Cislune/Cislune-RE-RASSOR/install/rover_control/share/rover_control/package.zsh'
[3.427s] Level 1:colcon.colcon_core.environment:create_file_with_runtime_dependencies(/home/moody/Cislune/Cislune-RE-RASSOR/install/rover_control/share/colcon-core/packages/rover_control)
[3.429s] Level 1:colcon.colcon_core.environment:create_environment_scripts_only(rover_control)
[3.429s] Level 1:colcon.colcon_core.environment:checking '/home/moody/Cislune/Cislune-RE-RASSOR/install/rover_control' for CMake module files
[3.429s] Level 1:colcon.colcon_core.environment:checking '/home/moody/Cislune/Cislune-RE-RASSOR/install/rover_control' for CMake config files
[3.430s] Level 1:colcon.colcon_core.shell:create_environment_hook('rover_control', 'cmake_prefix_path')
[3.430s] INFO:colcon.colcon_core.shell:Creating environment hook '/home/moody/Cislune/Cislune-RE-RASSOR/install/rover_control/share/rover_control/hook/cmake_prefix_path.ps1'
[3.430s] INFO:colcon.colcon_core.shell:Creating environment descriptor '/home/moody/Cislune/Cislune-RE-RASSOR/install/rover_control/share/rover_control/hook/cmake_prefix_path.dsv'
[3.430s] INFO:colcon.colcon_core.shell:Creating environment hook '/home/moody/Cislune/Cislune-RE-RASSOR/install/rover_control/share/rover_control/hook/cmake_prefix_path.sh'
[3.431s] Level 1:colcon.colcon_core.environment:checking '/home/moody/Cislune/Cislune-RE-RASSOR/install/rover_control/bin'
[3.431s] Level 1:colcon.colcon_core.environment:checking '/home/moody/Cislune/Cislune-RE-RASSOR/install/rover_control/lib/pkgconfig/rover_control.pc'
[3.431s] Level 1:colcon.colcon_core.environment:checking '/home/moody/Cislune/Cislune-RE-RASSOR/install/rover_control/lib/python3.12/site-packages'
[3.431s] Level 1:colcon.colcon_core.environment:checking '/home/moody/Cislune/Cislune-RE-RASSOR/install/rover_control/bin'
[3.431s] INFO:colcon.colcon_core.shell:Creating package script '/home/moody/Cislune/Cislune-RE-RASSOR/install/rover_control/share/rover_control/package.ps1'
[3.432s] INFO:colcon.colcon_core.shell:Creating package descriptor '/home/moody/Cislune/Cislune-RE-RASSOR/install/rover_control/share/rover_control/package.dsv'
[3.432s] INFO:colcon.colcon_core.shell:Creating package script '/home/moody/Cislune/Cislune-RE-RASSOR/install/rover_control/share/rover_control/package.sh'
[3.433s] INFO:colcon.colcon_core.shell:Creating package script '/home/moody/Cislune/Cislune-RE-RASSOR/install/rover_control/share/rover_control/package.bash'
[3.433s] INFO:colcon.colcon_core.shell:Creating package script '/home/moody/Cislune/Cislune-RE-RASSOR/install/rover_control/share/rover_control/package.zsh'
[3.433s] Level 1:colcon.colcon_core.environment:create_file_with_runtime_dependencies(/home/moody/Cislune/Cislune-RE-RASSOR/install/rover_control/share/colcon-core/packages/rover_control)
[3.434s] DEBUG:colcon.colcon_parallel_executor.executor.parallel:closing loop
[3.435s] DEBUG:colcon.colcon_parallel_executor.executor.parallel:loop closed
[3.435s] DEBUG:colcon.colcon_parallel_executor.executor.parallel:run_until_complete finished with '0'
[3.435s] DEBUG:colcon.colcon_core.event_reactor:joining thread
[3.491s] INFO:colcon.colcon_core.plugin_system:Skipping extension 'colcon_notification.desktop_notification.notify_send': Could not find 'notify-send'
[3.491s] INFO:colcon.colcon_core.plugin_system:Skipping extension 'colcon_notification.desktop_notification.terminal_notifier': Not used on non-Darwin systems
[3.491s] INFO:colcon.colcon_core.plugin_system:Skipping extension 'colcon_notification.desktop_notification.win32': Not used on non-Windows systems
[3.491s] INFO:colcon.colcon_notification.desktop_notification:Sending desktop notification using 'notify2'
[3.604s] DEBUG:colcon.colcon_notification.desktop_notification.notify2:Failed to initialize notify2: org.freedesktop.DBus.Error.ServiceUnknown: The name org.freedesktop.Notifications was not provided by any .service files
[3.604s] DEBUG:colcon.colcon_core.event_reactor:joined thread
[3.604s] INFO:colcon.colcon_core.shell:Creating prefix script '/home/moody/Cislune/Cislune-RE-RASSOR/install/local_setup.ps1'
[3.605s] INFO:colcon.colcon_core.shell:Creating prefix util module '/home/moody/Cislune/Cislune-RE-RASSOR/install/_local_setup_util_ps1.py'
[3.607s] INFO:colcon.colcon_core.shell:Creating prefix chain script '/home/moody/Cislune/Cislune-RE-RASSOR/install/setup.ps1'
[3.608s] INFO:colcon.colcon_core.shell:Creating prefix script '/home/moody/Cislune/Cislune-RE-RASSOR/install/local_setup.sh'
[3.609s] INFO:colcon.colcon_core.shell:Creating prefix util module '/home/moody/Cislune/Cislune-RE-RASSOR/install/_local_setup_util_sh.py'
[3.609s] INFO:colcon.colcon_core.shell:Creating prefix chain script '/home/moody/Cislune/Cislune-RE-RASSOR/install/setup.sh'
[3.610s] INFO:colcon.colcon_core.shell:Creating prefix script '/home/moody/Cislune/Cislune-RE-RASSOR/install/local_setup.bash'
[3.611s] INFO:colcon.colcon_core.shell:Creating prefix chain script '/home/moody/Cislune/Cislune-RE-RASSOR/install/setup.bash'
[3.612s] INFO:colcon.colcon_core.shell:Creating prefix script '/home/moody/Cislune/Cislune-RE-RASSOR/install/local_setup.zsh'
[3.613s] INFO:colcon.colcon_core.shell:Creating prefix chain script '/home/moody/Cislune/Cislune-RE-RASSOR/install/setup.zsh'
