[0.021s] Invoking command in '/home/moody/Cislune/Cislune-RE-RASSOR/build/rover_control': CMAKE_PREFIX_PATH=${CMAKE_PREFIX_PATH}:/opt/ros/jazzy /usr/bin/cmake /home/moody/Cislune/Cislune-RE-RASSOR/src/rover_control -DCMAKE_INSTALL_PREFIX=/home/moody/Cislune/Cislune-RE-RASSOR/install/rover_control
[0.343s] -- The C compiler identification is GNU 13.3.0
[1.059s] -- The CXX compiler identification is GNU 13.3.0
[1.658s] -- Detecting C compiler ABI info
[1.944s] -- Detecting C compiler ABI info - done
[1.952s] -- Check for working C compiler: /usr/bin/cc - skipped
[1.953s] -- Detecting C compile features
[1.954s] -- Detecting C compile features - done
[2.049s] -- Detecting CXX compiler ABI info
[2.332s] -- Detecting CXX compiler ABI info - done
[2.340s] -- Check for working CXX compiler: /usr/bin/c++ - skipped
[2.340s] -- Detecting CXX compile features
[2.341s] -- Detecting CXX compile features - done
[2.373s] -- Found ament_cmake: 2.5.4 (/opt/ros/jazzy/share/ament_cmake/cmake)
[2.524s] -- Found Python3: /usr/bin/python3 (found version "3.12.3") found components: Interpreter 
[2.676s] -- Found ament_lint_auto: 0.17.2 (/opt/ros/jazzy/share/ament_lint_auto/cmake)
[2.792s] -- Added test 'cppcheck' to perform static code analysis on C / C++ code
[2.792s] -- Configured cppcheck include dirs: 
[2.792s] -- Configured cppcheck exclude dirs and/or files: 
[2.794s] -- Added test 'lint_cmake' to check CMake code style
[2.796s] -- Added test 'uncrustify' to check C / C++ code style
[2.796s] -- Configured uncrustify additional arguments: 
[2.797s] -- Added test 'xmllint' to check XML markup files
[2.801s] -- Configuring done (2.7s)
[2.807s] -- Generating done (0.0s)
[2.810s] -- Build files have been written to: /home/moody/Cislune/Cislune-RE-RASSOR/build/rover_control
[2.814s] Invoked command in '/home/moody/Cislune/Cislune-RE-RASSOR/build/rover_control' returned '0': CMAKE_PREFIX_PATH=${CMAKE_PREFIX_PATH}:/opt/ros/jazzy /usr/bin/cmake /home/moody/Cislune/Cislune-RE-RASSOR/src/rover_control -DCMAKE_INSTALL_PREFIX=/home/moody/Cislune/Cislune-RE-RASSOR/install/rover_control
[2.816s] Invoking command in '/home/moody/Cislune/Cislune-RE-RASSOR/build/rover_control': CMAKE_PREFIX_PATH=${CMAKE_PREFIX_PATH}:/opt/ros/jazzy /usr/bin/cmake --build /home/moody/Cislune/Cislune-RE-RASSOR/build/rover_control -- -j16 -l16
[2.865s] Invoked command in '/home/moody/Cislune/Cislune-RE-RASSOR/build/rover_control' returned '0': CMAKE_PREFIX_PATH=${CMAKE_PREFIX_PATH}:/opt/ros/jazzy /usr/bin/cmake --build /home/moody/Cislune/Cislune-RE-RASSOR/build/rover_control -- -j16 -l16
[2.877s] Invoking command in '/home/moody/Cislune/Cislune-RE-RASSOR/build/rover_control': CMAKE_PREFIX_PATH=${CMAKE_PREFIX_PATH}:/opt/ros/jazzy /usr/bin/cmake --install /home/moody/Cislune/Cislune-RE-RASSOR/build/rover_control
[2.887s] -- Install configuration: ""
[2.890s] -- Installing: /home/moody/Cislune/Cislune-RE-RASSOR/install/rover_control/share/ament_index/resource_index/package_run_dependencies/rover_control
[2.891s] -- Installing: /home/moody/Cislune/Cislune-RE-RASSOR/install/rover_control/share/ament_index/resource_index/parent_prefix_path/rover_control
[2.892s] -- Installing: /home/moody/Cislune/Cislune-RE-RASSOR/install/rover_control/share/rover_control/environment/ament_prefix_path.sh
[2.892s] -- Installing: /home/moody/Cislune/Cislune-RE-RASSOR/install/rover_control/share/rover_control/environment/ament_prefix_path.dsv
[2.892s] -- Installing: /home/moody/Cislune/Cislune-RE-RASSOR/install/rover_control/share/rover_control/environment/path.sh
[2.892s] -- Installing: /home/moody/Cislune/Cislune-RE-RASSOR/install/rover_control/share/rover_control/environment/path.dsv
[2.893s] -- Installing: /home/moody/Cislune/Cislune-RE-RASSOR/install/rover_control/share/rover_control/local_setup.bash
[2.893s] -- Installing: /home/moody/Cislune/Cislune-RE-RASSOR/install/rover_control/share/rover_control/local_setup.sh
[2.893s] -- Installing: /home/moody/Cislune/Cislune-RE-RASSOR/install/rover_control/share/rover_control/local_setup.zsh
[2.893s] -- Installing: /home/moody/Cislune/Cislune-RE-RASSOR/install/rover_control/share/rover_control/local_setup.dsv
[2.893s] -- Installing: /home/moody/Cislune/Cislune-RE-RASSOR/install/rover_control/share/rover_control/package.dsv
[2.894s] -- Installing: /home/moody/Cislune/Cislune-RE-RASSOR/install/rover_control/share/ament_index/resource_index/packages/rover_control
[2.895s] -- Installing: /home/moody/Cislune/Cislune-RE-RASSOR/install/rover_control/share/rover_control/cmake/rover_controlConfig.cmake
[2.895s] -- Installing: /home/moody/Cislune/Cislune-RE-RASSOR/install/rover_control/share/rover_control/cmake/rover_controlConfig-version.cmake
[2.895s] -- Installing: /home/moody/Cislune/Cislune-RE-RASSOR/install/rover_control/share/rover_control/package.xml
[2.898s] Invoked command in '/home/moody/Cislune/Cislune-RE-RASSOR/build/rover_control' returned '0': CMAKE_PREFIX_PATH=${CMAKE_PREFIX_PATH}:/opt/ros/jazzy /usr/bin/cmake --install /home/moody/Cislune/Cislune-RE-RASSOR/build/rover_control
