[0.038s] Invoking command in '/home/moody/Cislune/Cislune-RE-RASSOR/build/rover_bringup': CMAKE_PREFIX_PATH=${CMAKE_PREFIX_PATH}:/opt/ros/jazzy /usr/bin/cmake --build /home/moody/Cislune/Cislune-RE-RASSOR/build/rover_bringup -- -j16 -l16
[0.180s] Invoked command in '/home/moody/Cislune/Cislune-RE-RASSOR/build/rover_bringup' returned '0': CMAKE_PREFIX_PATH=${CMAKE_PREFIX_PATH}:/opt/ros/jazzy /usr/bin/cmake --build /home/moody/Cislune/Cislune-RE-RASSOR/build/rover_bringup -- -j16 -l16
[0.182s] Invoking command in '/home/moody/Cislune/Cislune-RE-RASSOR/build/rover_bringup': CMAKE_PREFIX_PATH=${CMAKE_PREFIX_PATH}:/opt/ros/jazzy /usr/bin/cmake --install /home/moody/Cislune/Cislune-RE-RASSOR/build/rover_bringup
[0.202s] -- Install configuration: ""
[0.202s] -- Up-to-date: /home/moody/Cislune/Cislune-RE-RASSOR/install/rover_bringup/share/ament_index/resource_index/package_run_dependencies/rover_bringup
[0.202s] -- Up-to-date: /home/moody/Cislune/Cislune-RE-RASSOR/install/rover_bringup/share/ament_index/resource_index/parent_prefix_path/rover_bringup
[0.202s] -- Up-to-date: /home/moody/Cislune/Cislune-RE-RASSOR/install/rover_bringup/share/rover_bringup/environment/ament_prefix_path.sh
[0.202s] -- Up-to-date: /home/moody/Cislune/Cislune-RE-RASSOR/install/rover_bringup/share/rover_bringup/environment/ament_prefix_path.dsv
[0.202s] -- Up-to-date: /home/moody/Cislune/Cislune-RE-RASSOR/install/rover_bringup/share/rover_bringup/environment/path.sh
[0.202s] -- Up-to-date: /home/moody/Cislune/Cislune-RE-RASSOR/install/rover_bringup/share/rover_bringup/environment/path.dsv
[0.202s] -- Up-to-date: /home/moody/Cislune/Cislune-RE-RASSOR/install/rover_bringup/share/rover_bringup/local_setup.bash
[0.202s] -- Up-to-date: /home/moody/Cislune/Cislune-RE-RASSOR/install/rover_bringup/share/rover_bringup/local_setup.sh
[0.202s] -- Up-to-date: /home/moody/Cislune/Cislune-RE-RASSOR/install/rover_bringup/share/rover_bringup/local_setup.zsh
[0.202s] -- Up-to-date: /home/moody/Cislune/Cislune-RE-RASSOR/install/rover_bringup/share/rover_bringup/local_setup.dsv
[0.202s] -- Installing: /home/moody/Cislune/Cislune-RE-RASSOR/install/rover_bringup/share/rover_bringup/package.dsv
[0.202s] -- Up-to-date: /home/moody/Cislune/Cislune-RE-RASSOR/install/rover_bringup/share/ament_index/resource_index/packages/rover_bringup
[0.203s] -- Up-to-date: /home/moody/Cislune/Cislune-RE-RASSOR/install/rover_bringup/share/rover_bringup/cmake/rover_bringupConfig.cmake
[0.203s] -- Up-to-date: /home/moody/Cislune/Cislune-RE-RASSOR/install/rover_bringup/share/rover_bringup/cmake/rover_bringupConfig-version.cmake
[0.203s] -- Up-to-date: /home/moody/Cislune/Cislune-RE-RASSOR/install/rover_bringup/share/rover_bringup/package.xml
[0.272s] Invoked command in '/home/moody/Cislune/Cislune-RE-RASSOR/build/rover_bringup' returned '0': CMAKE_PREFIX_PATH=${CMAKE_PREFIX_PATH}:/opt/ros/jazzy /usr/bin/cmake --install /home/moody/Cislune/Cislune-RE-RASSOR/build/rover_bringup
