[0.041s] Invoking command in '/home/moody/Cislune/Cislune-RE-RASSOR/build/rover_sim': CMAKE_PREFIX_PATH=${CMAKE_PREFIX_PATH}:/opt/ros/jazzy /usr/bin/cmake /home/moody/Cislune/Cislune-RE-RASSOR/src/rover_sim -DCMAKE_INSTALL_PREFIX=/home/moody/Cislune/Cislune-RE-RASSOR/install/rover_sim
[0.256s] -- The C compiler identification is GNU 13.3.0
[1.067s] -- The CXX compiler identification is GNU 13.3.0
[1.871s] -- Detecting C compiler ABI info
[2.166s] -- Detecting C compiler ABI info - done
[2.176s] -- Check for working C compiler: /usr/bin/cc - skipped
[2.177s] -- Detecting C compile features
[2.177s] -- Detecting C compile features - done
[2.272s] -- Detecting CXX compiler ABI info
[2.584s] -- Detecting CXX compiler ABI info - done
[2.601s] -- Check for working CXX compiler: /usr/bin/c++ - skipped
[2.601s] -- Detecting CXX compile features
[2.602s] -- Detecting CXX compile features - done
[2.631s] -- Found ament_cmake: 2.5.4 (/opt/ros/jazzy/share/ament_cmake/cmake)
[2.838s] -- Found Python3: /usr/bin/python3 (found version "3.12.3") found components: Interpreter 
[3.036s] -- Found ament_lint_auto: 0.17.2 (/opt/ros/jazzy/share/ament_lint_auto/cmake)
[3.195s] -- Added test 'lint_cmake' to check CMake code style
[3.198s] -- Added test 'xmllint' to check XML markup files
[3.201s] -- Configuring done (3.2s)
[3.211s] -- Generating done (0.0s)
[3.214s] -- Build files have been written to: /home/moody/Cislune/Cislune-RE-RASSOR/build/rover_sim
[3.222s] Invoked command in '/home/moody/Cislune/Cislune-RE-RASSOR/build/rover_sim' returned '0': CMAKE_PREFIX_PATH=${CMAKE_PREFIX_PATH}:/opt/ros/jazzy /usr/bin/cmake /home/moody/Cislune/Cislune-RE-RASSOR/src/rover_sim -DCMAKE_INSTALL_PREFIX=/home/moody/Cislune/Cislune-RE-RASSOR/install/rover_sim
[3.224s] Invoking command in '/home/moody/Cislune/Cislune-RE-RASSOR/build/rover_sim': CMAKE_PREFIX_PATH=${CMAKE_PREFIX_PATH}:/opt/ros/jazzy /usr/bin/cmake --build /home/moody/Cislune/Cislune-RE-RASSOR/build/rover_sim -- -j16 -l16
