[0.032s] Invoking command in '/home/moody/Cislune/Cislune-RE-RASSOR/build/rover_sim': CMAKE_PREFIX_PATH=${CMAKE_PREFIX_PATH}:/opt/ros/jazzy /usr/bin/cmake --build /home/moody/Cislune/Cislune-RE-RASSOR/build/rover_sim -- -j16 -l16
[0.138s] Invoked command in '/home/moody/Cislune/Cislune-RE-RASSOR/build/rover_sim' returned '0': CMAKE_PREFIX_PATH=${CMAKE_PREFIX_PATH}:/opt/ros/jazzy /usr/bin/cmake --build /home/moody/Cislune/Cislune-RE-RASSOR/build/rover_sim -- -j16 -l16
[0.140s] Invoking command in '/home/moody/Cislune/Cislune-RE-RASSOR/build/rover_sim': CMAKE_PREFIX_PATH=${CMAKE_PREFIX_PATH}:/opt/ros/jazzy /usr/bin/cmake --install /home/moody/Cislune/Cislune-RE-RASSOR/build/rover_sim
[0.149s] -- Install configuration: ""
[0.149s] -- Up-to-date: /home/moody/Cislune/Cislune-RE-RASSOR/install/rover_sim/share/ament_index/resource_index/package_run_dependencies/rover_sim
[0.153s] -- Up-to-date: /home/moody/Cislune/Cislune-RE-RASSOR/install/rover_sim/share/ament_index/resource_index/parent_prefix_path/rover_sim
[0.153s] -- Up-to-date: /home/moody/Cislune/Cislune-RE-RASSOR/install/rover_sim/share/rover_sim/environment/ament_prefix_path.sh
[0.153s] -- Up-to-date: /home/moody/Cislune/Cislune-RE-RASSOR/install/rover_sim/share/rover_sim/environment/ament_prefix_path.dsv
[0.154s] -- Up-to-date: /home/moody/Cislune/Cislune-RE-RASSOR/install/rover_sim/share/rover_sim/environment/path.sh
[0.154s] -- Up-to-date: /home/moody/Cislune/Cislune-RE-RASSOR/install/rover_sim/share/rover_sim/environment/path.dsv
[0.154s] -- Up-to-date: /home/moody/Cislune/Cislune-RE-RASSOR/install/rover_sim/share/rover_sim/local_setup.bash
[0.155s] -- Up-to-date: /home/moody/Cislune/Cislune-RE-RASSOR/install/rover_sim/share/rover_sim/local_setup.sh
[0.155s] -- Up-to-date: /home/moody/Cislune/Cislune-RE-RASSOR/install/rover_sim/share/rover_sim/local_setup.zsh
[0.155s] -- Up-to-date: /home/moody/Cislune/Cislune-RE-RASSOR/install/rover_sim/share/rover_sim/local_setup.dsv
[0.155s] -- Installing: /home/moody/Cislune/Cislune-RE-RASSOR/install/rover_sim/share/rover_sim/package.dsv
[0.165s] -- Up-to-date: /home/moody/Cislune/Cislune-RE-RASSOR/install/rover_sim/share/ament_index/resource_index/packages/rover_sim
[0.165s] -- Up-to-date: /home/moody/Cislune/Cislune-RE-RASSOR/install/rover_sim/share/rover_sim/cmake/rover_simConfig.cmake
[0.165s] -- Up-to-date: /home/moody/Cislune/Cislune-RE-RASSOR/install/rover_sim/share/rover_sim/cmake/rover_simConfig-version.cmake
[0.165s] -- Up-to-date: /home/moody/Cislune/Cislune-RE-RASSOR/install/rover_sim/share/rover_sim/package.xml
[0.200s] Invoked command in '/home/moody/Cislune/Cislune-RE-RASSOR/build/rover_sim' returned '0': CMAKE_PREFIX_PATH=${CMAKE_PREFIX_PATH}:/opt/ros/jazzy /usr/bin/cmake --install /home/moody/Cislune/Cislune-RE-RASSOR/build/rover_sim
