-- Install configuration: ""
-- Up-to-date: /home/moody/Cislune/Cislune-RE-RASSOR/install/rover_description/share/rover_description/urdf
-- Up-to-date: /home/moody/Cislune/Cislune-RE-RASSOR/install/rover_description/share/rover_description/urdf/rover.urdf.xacro
-- Up-to-date: /home/moody/Cislune/Cislune-RE-RASSOR/install/rover_description/share/rover_description/launch
-- Up-to-date: /home/moody/Cislune/Cislune-RE-RASSOR/install/rover_description/share/rover_description/launch/display.launch.py
-- Installing: /home/moody/Cislune/Cislune-RE-RASSOR/install/rover_description/share/rover_description/rviz
-- Installing: /home/moody/Cislune/Cislune-RE-RASSOR/install/rover_description/share/rover_description/rviz/display.rviz
-- Installing: /home/moody/Cislune/Cislune-RE-RASSOR/install/rover_description/share/ament_index/resource_index/package_run_dependencies/rover_description
-- Installing: /home/moody/Cislune/Cislune-RE-RASSOR/install/rover_description/share/ament_index/resource_index/parent_prefix_path/rover_description
-- Installing: /home/moody/Cislune/Cislune-RE-RASSOR/install/rover_description/share/rover_description/environment/ament_prefix_path.sh
-- Installing: /home/moody/Cislune/Cislune-RE-RASSOR/install/rover_description/share/rover_description/environment/ament_prefix_path.dsv
-- Installing: /home/moody/Cislune/Cislune-RE-RASSOR/install/rover_description/share/rover_description/environment/path.sh
-- Installing: /home/moody/Cislune/Cislune-RE-RASSOR/install/rover_description/share/rover_description/environment/path.dsv
-- Installing: /home/moody/Cislune/Cislune-RE-RASSOR/install/rover_description/share/rover_description/local_setup.bash
-- Installing: /home/moody/Cislune/Cislune-RE-RASSOR/install/rover_description/share/rover_description/local_setup.sh
-- Installing: /home/moody/Cislune/Cislune-RE-RASSOR/install/rover_description/share/rover_description/local_setup.zsh
-- Installing: /home/moody/Cislune/Cislune-RE-RASSOR/install/rover_description/share/rover_description/local_setup.dsv
-- Up-to-date: /home/moody/Cislune/Cislune-RE-RASSOR/install/rover_description/share/rover_description/package.dsv
-- Installing: /home/moody/Cislune/Cislune-RE-RASSOR/install/rover_description/share/ament_index/resource_index/packages/rover_description
-- Installing: /home/moody/Cislune/Cislune-RE-RASSOR/install/rover_description/share/rover_description/cmake/rover_descriptionConfig.cmake
-- Installing: /home/moody/Cislune/Cislune-RE-RASSOR/install/rover_description/share/rover_description/cmake/rover_descriptionConfig-version.cmake
-- Installing: /home/moody/Cislune/Cislune-RE-RASSOR/install/rover_description/share/rover_description/package.xml
