[0.028s] Invoking command in '/home/moody/Cislune/Cislune-RE-RASSOR/build/rover_firmware': CMAKE_PREFIX_PATH=${CMAKE_PREFIX_PATH}:/opt/ros/jazzy /usr/bin/cmake --build /home/moody/Cislune/Cislune-RE-RASSOR/build/rover_firmware -- -j16 -l16
[0.149s] Invoked command in '/home/moody/Cislune/Cislune-RE-RASSOR/build/rover_firmware' returned '0': CMAKE_PREFIX_PATH=${CMAKE_PREFIX_PATH}:/opt/ros/jazzy /usr/bin/cmake --build /home/moody/Cislune/Cislune-RE-RASSOR/build/rover_firmware -- -j16 -l16
[0.151s] Invoking command in '/home/moody/Cislune/Cislune-RE-RASSOR/build/rover_firmware': CMAKE_PREFIX_PATH=${CMAKE_PREFIX_PATH}:/opt/ros/jazzy /usr/bin/cmake --install /home/moody/Cislune/Cislune-RE-RASSOR/build/rover_firmware
[0.162s] -- Install configuration: ""
[0.163s] -- Up-to-date: /home/moody/Cislune/Cislune-RE-RASSOR/install/rover_firmware/share/ament_index/resource_index/package_run_dependencies/rover_firmware
[0.164s] -- Up-to-date: /home/moody/Cislune/Cislune-RE-RASSOR/install/rover_firmware/share/ament_index/resource_index/parent_prefix_path/rover_firmware
[0.164s] -- Up-to-date: /home/moody/Cislune/Cislune-RE-RASSOR/install/rover_firmware/share/rover_firmware/environment/ament_prefix_path.sh
[0.164s] -- Up-to-date: /home/moody/Cislune/Cislune-RE-RASSOR/install/rover_firmware/share/rover_firmware/environment/ament_prefix_path.dsv
[0.165s] -- Up-to-date: /home/moody/Cislune/Cislune-RE-RASSOR/install/rover_firmware/share/rover_firmware/environment/path.sh
[0.165s] -- Up-to-date: /home/moody/Cislune/Cislune-RE-RASSOR/install/rover_firmware/share/rover_firmware/environment/path.dsv
[0.165s] -- Up-to-date: /home/moody/Cislune/Cislune-RE-RASSOR/install/rover_firmware/share/rover_firmware/local_setup.bash
[0.165s] -- Up-to-date: /home/moody/Cislune/Cislune-RE-RASSOR/install/rover_firmware/share/rover_firmware/local_setup.sh
[0.166s] -- Up-to-date: /home/moody/Cislune/Cislune-RE-RASSOR/install/rover_firmware/share/rover_firmware/local_setup.zsh
[0.167s] -- Up-to-date: /home/moody/Cislune/Cislune-RE-RASSOR/install/rover_firmware/share/rover_firmware/local_setup.dsv
[0.167s] -- Installing: /home/moody/Cislune/Cislune-RE-RASSOR/install/rover_firmware/share/rover_firmware/package.dsv
[0.170s] -- Up-to-date: /home/moody/Cislune/Cislune-RE-RASSOR/install/rover_firmware/share/ament_index/resource_index/packages/rover_firmware
[0.170s] -- Up-to-date: /home/moody/Cislune/Cislune-RE-RASSOR/install/rover_firmware/share/rover_firmware/cmake/rover_firmwareConfig.cmake
[0.170s] -- Up-to-date: /home/moody/Cislune/Cislune-RE-RASSOR/install/rover_firmware/share/rover_firmware/cmake/rover_firmwareConfig-version.cmake
[0.171s] -- Up-to-date: /home/moody/Cislune/Cislune-RE-RASSOR/install/rover_firmware/share/rover_firmware/package.xml
[0.194s] Invoked command in '/home/moody/Cislune/Cislune-RE-RASSOR/build/rover_firmware' returned '0': CMAKE_PREFIX_PATH=${CMAKE_PREFIX_PATH}:/opt/ros/jazzy /usr/bin/cmake --install /home/moody/Cislune/Cislune-RE-RASSOR/build/rover_firmware
