[0.278s] DEBUG:colcon:Command line arguments: ['/usr/bin/colcon', 'build']
[0.279s] DEBUG:colcon:Parsed command line arguments: Namespace(log_base=None, log_level=None, verb_name='build', build_base='build', install_base='install', merge_install=False, symlink_install=False, test_result_base=None, continue_on_error=False, executor='parallel', parallel_workers=16, event_handlers=None, ignore_user_meta=False, metas=['./colcon.meta'], base_paths=['.'], packages_ignore=None, packages_ignore_regex=None, paths=None, packages_up_to=None, packages_up_to_regex=None, packages_above=None, packages_above_and_dependencies=None, packages_above_depth=None, packages_select_by_dep=None, packages_skip_by_dep=None, packages_skip_up_to=None, packages_select_build_failed=False, packages_skip_build_finished=False, packages_select_test_failures=False, packages_skip_test_passed=False, packages_select=None, packages_skip=None, packages_select_regex=None, packages_skip_regex=None, packages_start=None, packages_end=None, allow_overriding=[], cmake_args=None, cmake_target=None, cmake_target_skip_unavailable=False, cmake_clean_cache=False, cmake_clean_first=False, cmake_force_configure=False, ament_cmake_args=None, catkin_cmake_args=None, catkin_skip_building_tests=False, mixin_files=None, mixin=None, verb_parser=<colcon_mixin.mixin.mixin_argument.MixinArgumentDecorator object at 0x7fd864a42cc0>, verb_extension=<colcon_core.verb.build.BuildVerb object at 0x7fd864bab560>, main=<bound method BuildVerb.main of <colcon_core.verb.build.BuildVerb object at 0x7fd864bab560>>, mixin_verb=('build',))
[0.336s] Level 1:colcon.colcon_core.package_discovery:discover_packages(colcon_meta) check parameters
[0.337s] Level 1:colcon.colcon_core.package_discovery:discover_packages(recursive) check parameters
[0.337s] Level 1:colcon.colcon_core.package_discovery:discover_packages(ignore) check parameters
[0.337s] Level 1:colcon.colcon_core.package_discovery:discover_packages(path) check parameters
[0.337s] Level 1:colcon.colcon_core.package_discovery:discover_packages(colcon_meta) discover
[0.337s] Level 1:colcon.colcon_core.package_discovery:discover_packages(recursive) discover
[0.337s] INFO:colcon.colcon_core.package_discovery:Crawling recursively for packages in '/home/moody/Cislune/Cislune-RE-RASSOR'
[0.337s] Level 1:colcon.colcon_core.package_identification:_identify(.) by extensions ['ignore', 'ignore_ament_install']
[0.337s] Level 1:colcon.colcon_core.package_identification:_identify(.) by extension 'ignore'
[0.337s] Level 1:colcon.colcon_core.package_identification:_identify(.) by extension 'ignore_ament_install'
[0.337s] Level 1:colcon.colcon_core.package_identification:_identify(.) by extensions ['colcon_pkg']
[0.337s] Level 1:colcon.colcon_core.package_identification:_identify(.) by extension 'colcon_pkg'
[0.338s] Level 1:colcon.colcon_core.package_identification:_identify(.) by extensions ['colcon_meta']
[0.338s] Level 1:colcon.colcon_core.package_identification:_identify(.) by extension 'colcon_meta'
[0.338s] Level 1:colcon.colcon_core.package_identification:_identify(.) by extensions ['ros']
[0.338s] Level 1:colcon.colcon_core.package_identification:_identify(.) by extension 'ros'
[0.366s] Level 1:colcon.colcon_core.package_identification:_identify(.) by extensions ['cmake', 'python']
[0.366s] Level 1:colcon.colcon_core.package_identification:_identify(.) by extension 'cmake'
[0.366s] Level 1:colcon.colcon_core.package_identification:_identify(.) by extension 'python'
[0.366s] Level 1:colcon.colcon_core.package_identification:_identify(.) by extensions ['python_setup_py']
[0.366s] Level 1:colcon.colcon_core.package_identification:_identify(.) by extension 'python_setup_py'
[0.366s] Level 1:colcon.colcon_core.package_identification:_identify(build) by extensions ['ignore', 'ignore_ament_install']
[0.367s] Level 1:colcon.colcon_core.package_identification:_identify(build) by extension 'ignore'
[0.367s] Level 1:colcon.colcon_core.package_identification:_identify(build) ignored
[0.367s] Level 1:colcon.colcon_core.package_identification:_identify(docker) by extensions ['ignore', 'ignore_ament_install']
[0.367s] Level 1:colcon.colcon_core.package_identification:_identify(docker) by extension 'ignore'
[0.367s] Level 1:colcon.colcon_core.package_identification:_identify(docker) by extension 'ignore_ament_install'
[0.367s] Level 1:colcon.colcon_core.package_identification:_identify(docker) by extensions ['colcon_pkg']
[0.367s] Level 1:colcon.colcon_core.package_identification:_identify(docker) by extension 'colcon_pkg'
[0.367s] Level 1:colcon.colcon_core.package_identification:_identify(docker) by extensions ['colcon_meta']
[0.367s] Level 1:colcon.colcon_core.package_identification:_identify(docker) by extension 'colcon_meta'
[0.367s] Level 1:colcon.colcon_core.package_identification:_identify(docker) by extensions ['ros']
[0.367s] Level 1:colcon.colcon_core.package_identification:_identify(docker) by extension 'ros'
[0.367s] Level 1:colcon.colcon_core.package_identification:_identify(docker) by extensions ['cmake', 'python']
[0.367s] Level 1:colcon.colcon_core.package_identification:_identify(docker) by extension 'cmake'
[0.367s] Level 1:colcon.colcon_core.package_identification:_identify(docker) by extension 'python'
[0.368s] Level 1:colcon.colcon_core.package_identification:_identify(docker) by extensions ['python_setup_py']
[0.368s] Level 1:colcon.colcon_core.package_identification:_identify(docker) by extension 'python_setup_py'
[0.368s] Level 1:colcon.colcon_core.package_identification:_identify(install) by extensions ['ignore', 'ignore_ament_install']
[0.368s] Level 1:colcon.colcon_core.package_identification:_identify(install) by extension 'ignore'
[0.368s] Level 1:colcon.colcon_core.package_identification:_identify(install) ignored
[0.368s] Level 1:colcon.colcon_core.package_identification:_identify(log) by extensions ['ignore', 'ignore_ament_install']
[0.368s] Level 1:colcon.colcon_core.package_identification:_identify(log) by extension 'ignore'
[0.368s] Level 1:colcon.colcon_core.package_identification:_identify(log) ignored
[0.368s] Level 1:colcon.colcon_core.package_identification:_identify(src) by extensions ['ignore', 'ignore_ament_install']
[0.368s] Level 1:colcon.colcon_core.package_identification:_identify(src) by extension 'ignore'
[0.368s] Level 1:colcon.colcon_core.package_identification:_identify(src) by extension 'ignore_ament_install'
[0.369s] Level 1:colcon.colcon_core.package_identification:_identify(src) by extensions ['colcon_pkg']
[0.369s] Level 1:colcon.colcon_core.package_identification:_identify(src) by extension 'colcon_pkg'
[0.369s] Level 1:colcon.colcon_core.package_identification:_identify(src) by extensions ['colcon_meta']
[0.369s] Level 1:colcon.colcon_core.package_identification:_identify(src) by extension 'colcon_meta'
[0.369s] Level 1:colcon.colcon_core.package_identification:_identify(src) by extensions ['ros']
[0.369s] Level 1:colcon.colcon_core.package_identification:_identify(src) by extension 'ros'
[0.369s] Level 1:colcon.colcon_core.package_identification:_identify(src) by extensions ['cmake', 'python']
[0.369s] Level 1:colcon.colcon_core.package_identification:_identify(src) by extension 'cmake'
[0.369s] Level 1:colcon.colcon_core.package_identification:_identify(src) by extension 'python'
[0.369s] Level 1:colcon.colcon_core.package_identification:_identify(src) by extensions ['python_setup_py']
[0.369s] Level 1:colcon.colcon_core.package_identification:_identify(src) by extension 'python_setup_py'
[0.369s] Level 1:colcon.colcon_core.package_identification:_identify(src/firmware) by extensions ['ignore', 'ignore_ament_install']
[0.369s] Level 1:colcon.colcon_core.package_identification:_identify(src/firmware) by extension 'ignore'
[0.369s] Level 1:colcon.colcon_core.package_identification:_identify(src/firmware) by extension 'ignore_ament_install'
[0.369s] Level 1:colcon.colcon_core.package_identification:_identify(src/firmware) by extensions ['colcon_pkg']
[0.369s] Level 1:colcon.colcon_core.package_identification:_identify(src/firmware) by extension 'colcon_pkg'
[0.369s] Level 1:colcon.colcon_core.package_identification:_identify(src/firmware) by extensions ['colcon_meta']
[0.369s] Level 1:colcon.colcon_core.package_identification:_identify(src/firmware) by extension 'colcon_meta'
[0.369s] Level 1:colcon.colcon_core.package_identification:_identify(src/firmware) by extensions ['ros']
[0.369s] Level 1:colcon.colcon_core.package_identification:_identify(src/firmware) by extension 'ros'
[0.369s] Level 1:colcon.colcon_core.package_identification:_identify(src/firmware) by extensions ['cmake', 'python']
[0.369s] Level 1:colcon.colcon_core.package_identification:_identify(src/firmware) by extension 'cmake'
[0.370s] Level 1:colcon.colcon_core.package_identification:_identify(src/firmware) by extension 'python'
[0.370s] Level 1:colcon.colcon_core.package_identification:_identify(src/firmware) by extensions ['python_setup_py']
[0.370s] Level 1:colcon.colcon_core.package_identification:_identify(src/firmware) by extension 'python_setup_py'
[0.370s] Level 1:colcon.colcon_core.package_identification:_identify(src/rover_bringup) by extensions ['ignore', 'ignore_ament_install']
[0.370s] Level 1:colcon.colcon_core.package_identification:_identify(src/rover_bringup) by extension 'ignore'
[0.370s] Level 1:colcon.colcon_core.package_identification:_identify(src/rover_bringup) by extension 'ignore_ament_install'
[0.370s] Level 1:colcon.colcon_core.package_identification:_identify(src/rover_bringup) by extensions ['colcon_pkg']
[0.370s] Level 1:colcon.colcon_core.package_identification:_identify(src/rover_bringup) by extension 'colcon_pkg'
[0.370s] Level 1:colcon.colcon_core.package_identification:_identify(src/rover_bringup) by extensions ['colcon_meta']
[0.370s] Level 1:colcon.colcon_core.package_identification:_identify(src/rover_bringup) by extension 'colcon_meta'
[0.370s] Level 1:colcon.colcon_core.package_identification:_identify(src/rover_bringup) by extensions ['ros']
[0.370s] Level 1:colcon.colcon_core.package_identification:_identify(src/rover_bringup) by extension 'ros'
[0.370s] Level 1:colcon.colcon_core.package_identification:_identify(src/rover_bringup) by extensions ['cmake', 'python']
[0.370s] Level 1:colcon.colcon_core.package_identification:_identify(src/rover_bringup) by extension 'cmake'
[0.370s] Level 1:colcon.colcon_core.package_identification:_identify(src/rover_bringup) by extension 'python'
[0.370s] Level 1:colcon.colcon_core.package_identification:_identify(src/rover_bringup) by extensions ['python_setup_py']
[0.370s] Level 1:colcon.colcon_core.package_identification:_identify(src/rover_bringup) by extension 'python_setup_py'
[0.370s] Level 1:colcon.colcon_core.package_identification:_identify(src/rover_control) by extensions ['ignore', 'ignore_ament_install']
[0.370s] Level 1:colcon.colcon_core.package_identification:_identify(src/rover_control) by extension 'ignore'
[0.370s] Level 1:colcon.colcon_core.package_identification:_identify(src/rover_control) by extension 'ignore_ament_install'
[0.370s] Level 1:colcon.colcon_core.package_identification:_identify(src/rover_control) by extensions ['colcon_pkg']
[0.371s] Level 1:colcon.colcon_core.package_identification:_identify(src/rover_control) by extension 'colcon_pkg'
[0.371s] Level 1:colcon.colcon_core.package_identification:_identify(src/rover_control) by extensions ['colcon_meta']
[0.371s] Level 1:colcon.colcon_core.package_identification:_identify(src/rover_control) by extension 'colcon_meta'
[0.371s] Level 1:colcon.colcon_core.package_identification:_identify(src/rover_control) by extensions ['ros']
[0.371s] Level 1:colcon.colcon_core.package_identification:_identify(src/rover_control) by extension 'ros'
[0.374s] DEBUG:colcon.colcon_core.package_identification:Package 'src/rover_control' with type 'ros.ament_cmake' and name 'rover_control'
[0.374s] Level 1:colcon.colcon_core.package_identification:_identify(src/rover_description) by extensions ['ignore', 'ignore_ament_install']
[0.374s] Level 1:colcon.colcon_core.package_identification:_identify(src/rover_description) by extension 'ignore'
[0.374s] Level 1:colcon.colcon_core.package_identification:_identify(src/rover_description) by extension 'ignore_ament_install'
[0.374s] Level 1:colcon.colcon_core.package_identification:_identify(src/rover_description) by extensions ['colcon_pkg']
[0.374s] Level 1:colcon.colcon_core.package_identification:_identify(src/rover_description) by extension 'colcon_pkg'
[0.374s] Level 1:colcon.colcon_core.package_identification:_identify(src/rover_description) by extensions ['colcon_meta']
[0.374s] Level 1:colcon.colcon_core.package_identification:_identify(src/rover_description) by extension 'colcon_meta'
[0.374s] Level 1:colcon.colcon_core.package_identification:_identify(src/rover_description) by extensions ['ros']
[0.374s] Level 1:colcon.colcon_core.package_identification:_identify(src/rover_description) by extension 'ros'
[0.374s] Level 1:colcon.colcon_core.package_identification:_identify(src/rover_description) by extensions ['cmake', 'python']
[0.375s] Level 1:colcon.colcon_core.package_identification:_identify(src/rover_description) by extension 'cmake'
[0.375s] Level 1:colcon.colcon_core.package_identification:_identify(src/rover_description) by extension 'python'
[0.375s] Level 1:colcon.colcon_core.package_identification:_identify(src/rover_description) by extensions ['python_setup_py']
[0.375s] Level 1:colcon.colcon_core.package_identification:_identify(src/rover_description) by extension 'python_setup_py'
[0.375s] Level 1:colcon.colcon_core.package_identification:_identify(src/rover_description/launch) by extensions ['ignore', 'ignore_ament_install']
[0.375s] Level 1:colcon.colcon_core.package_identification:_identify(src/rover_description/launch) by extension 'ignore'
[0.375s] Level 1:colcon.colcon_core.package_identification:_identify(src/rover_description/launch) by extension 'ignore_ament_install'
[0.375s] Level 1:colcon.colcon_core.package_identification:_identify(src/rover_description/launch) by extensions ['colcon_pkg']
[0.375s] Level 1:colcon.colcon_core.package_identification:_identify(src/rover_description/launch) by extension 'colcon_pkg'
[0.375s] Level 1:colcon.colcon_core.package_identification:_identify(src/rover_description/launch) by extensions ['colcon_meta']
[0.375s] Level 1:colcon.colcon_core.package_identification:_identify(src/rover_description/launch) by extension 'colcon_meta'
[0.375s] Level 1:colcon.colcon_core.package_identification:_identify(src/rover_description/launch) by extensions ['ros']
[0.375s] Level 1:colcon.colcon_core.package_identification:_identify(src/rover_description/launch) by extension 'ros'
[0.375s] Level 1:colcon.colcon_core.package_identification:_identify(src/rover_description/launch) by extensions ['cmake', 'python']
[0.375s] Level 1:colcon.colcon_core.package_identification:_identify(src/rover_description/launch) by extension 'cmake'
[0.375s] Level 1:colcon.colcon_core.package_identification:_identify(src/rover_description/launch) by extension 'python'
[0.375s] Level 1:colcon.colcon_core.package_identification:_identify(src/rover_description/launch) by extensions ['python_setup_py']
[0.375s] Level 1:colcon.colcon_core.package_identification:_identify(src/rover_description/launch) by extension 'python_setup_py'
[0.375s] Level 1:colcon.colcon_core.package_identification:_identify(src/rover_description/urdf) by extensions ['ignore', 'ignore_ament_install']
[0.376s] Level 1:colcon.colcon_core.package_identification:_identify(src/rover_description/urdf) by extension 'ignore'
[0.376s] Level 1:colcon.colcon_core.package_identification:_identify(src/rover_description/urdf) by extension 'ignore_ament_install'
[0.376s] Level 1:colcon.colcon_core.package_identification:_identify(src/rover_description/urdf) by extensions ['colcon_pkg']
[0.376s] Level 1:colcon.colcon_core.package_identification:_identify(src/rover_description/urdf) by extension 'colcon_pkg'
[0.376s] Level 1:colcon.colcon_core.package_identification:_identify(src/rover_description/urdf) by extensions ['colcon_meta']
[0.376s] Level 1:colcon.colcon_core.package_identification:_identify(src/rover_description/urdf) by extension 'colcon_meta'
[0.376s] Level 1:colcon.colcon_core.package_identification:_identify(src/rover_description/urdf) by extensions ['ros']
[0.376s] Level 1:colcon.colcon_core.package_identification:_identify(src/rover_description/urdf) by extension 'ros'
[0.376s] Level 1:colcon.colcon_core.package_identification:_identify(src/rover_description/urdf) by extensions ['cmake', 'python']
[0.376s] Level 1:colcon.colcon_core.package_identification:_identify(src/rover_description/urdf) by extension 'cmake'
[0.376s] Level 1:colcon.colcon_core.package_identification:_identify(src/rover_description/urdf) by extension 'python'
[0.376s] Level 1:colcon.colcon_core.package_identification:_identify(src/rover_description/urdf) by extensions ['python_setup_py']
[0.376s] Level 1:colcon.colcon_core.package_identification:_identify(src/rover_description/urdf) by extension 'python_setup_py'
[0.376s] Level 1:colcon.colcon_core.package_identification:_identify(src/rover_navigation) by extensions ['ignore', 'ignore_ament_install']
[0.376s] Level 1:colcon.colcon_core.package_identification:_identify(src/rover_navigation) by extension 'ignore'
[0.376s] Level 1:colcon.colcon_core.package_identification:_identify(src/rover_navigation) by extension 'ignore_ament_install'
[0.376s] Level 1:colcon.colcon_core.package_identification:_identify(src/rover_navigation) by extensions ['colcon_pkg']
[0.376s] Level 1:colcon.colcon_core.package_identification:_identify(src/rover_navigation) by extension 'colcon_pkg'
[0.376s] Level 1:colcon.colcon_core.package_identification:_identify(src/rover_navigation) by extensions ['colcon_meta']
[0.376s] Level 1:colcon.colcon_core.package_identification:_identify(src/rover_navigation) by extension 'colcon_meta'
[0.376s] Level 1:colcon.colcon_core.package_identification:_identify(src/rover_navigation) by extensions ['ros']
[0.376s] Level 1:colcon.colcon_core.package_identification:_identify(src/rover_navigation) by extension 'ros'
[0.376s] Level 1:colcon.colcon_core.package_identification:_identify(src/rover_navigation) by extensions ['cmake', 'python']
[0.377s] Level 1:colcon.colcon_core.package_identification:_identify(src/rover_navigation) by extension 'cmake'
[0.377s] Level 1:colcon.colcon_core.package_identification:_identify(src/rover_navigation) by extension 'python'
[0.377s] Level 1:colcon.colcon_core.package_identification:_identify(src/rover_navigation) by extensions ['python_setup_py']
[0.377s] Level 1:colcon.colcon_core.package_identification:_identify(src/rover_navigation) by extension 'python_setup_py'
[0.377s] Level 1:colcon.colcon_core.package_identification:_identify(src/rover_sim) by extensions ['ignore', 'ignore_ament_install']
[0.377s] Level 1:colcon.colcon_core.package_identification:_identify(src/rover_sim) by extension 'ignore'
[0.377s] Level 1:colcon.colcon_core.package_identification:_identify(src/rover_sim) by extension 'ignore_ament_install'
[0.377s] Level 1:colcon.colcon_core.package_identification:_identify(src/rover_sim) by extensions ['colcon_pkg']
[0.377s] Level 1:colcon.colcon_core.package_identification:_identify(src/rover_sim) by extension 'colcon_pkg'
[0.377s] Level 1:colcon.colcon_core.package_identification:_identify(src/rover_sim) by extensions ['colcon_meta']
[0.377s] Level 1:colcon.colcon_core.package_identification:_identify(src/rover_sim) by extension 'colcon_meta'
[0.377s] Level 1:colcon.colcon_core.package_identification:_identify(src/rover_sim) by extensions ['ros']
[0.377s] Level 1:colcon.colcon_core.package_identification:_identify(src/rover_sim) by extension 'ros'
[0.377s] Level 1:colcon.colcon_core.package_identification:_identify(src/rover_sim) by extensions ['cmake', 'python']
[0.377s] Level 1:colcon.colcon_core.package_identification:_identify(src/rover_sim) by extension 'cmake'
[0.377s] Level 1:colcon.colcon_core.package_identification:_identify(src/rover_sim) by extension 'python'
[0.377s] Level 1:colcon.colcon_core.package_identification:_identify(src/rover_sim) by extensions ['python_setup_py']
[0.377s] Level 1:colcon.colcon_core.package_identification:_identify(src/rover_sim) by extension 'python_setup_py'
[0.377s] Level 1:colcon.colcon_core.package_discovery:discover_packages(recursive) using defaults
[0.377s] Level 1:colcon.colcon_core.package_discovery:discover_packages(ignore) discover
[0.378s] Level 1:colcon.colcon_core.package_discovery:discover_packages(ignore) using defaults
[0.378s] Level 1:colcon.colcon_core.package_discovery:discover_packages(path) discover
[0.378s] Level 1:colcon.colcon_core.package_discovery:discover_packages(path) using defaults
[0.400s] Level 1:colcon.colcon_core.package_discovery:discover_packages(prefix_path) check parameters
[0.400s] Level 1:colcon.colcon_core.package_discovery:discover_packages(prefix_path) discover
[0.404s] DEBUG:colcon.colcon_installed_package_information.package_discovery:Found 1 installed packages in /home/moody/Cislune/Cislune-RE-RASSOR/install
[0.406s] DEBUG:colcon.colcon_installed_package_information.package_discovery:Found 425 installed packages in /opt/ros/jazzy
[0.408s] Level 1:colcon.colcon_core.package_discovery:discover_packages(prefix_path) using defaults
[0.543s] Level 5:colcon.colcon_core.verb:set package 'rover_control' build argument 'cmake_args' from command line to 'None'
[0.543s] Level 5:colcon.colcon_core.verb:set package 'rover_control' build argument 'cmake_target' from command line to 'None'
[0.543s] Level 5:colcon.colcon_core.verb:set package 'rover_control' build argument 'cmake_target_skip_unavailable' from command line to 'False'
[0.543s] Level 5:colcon.colcon_core.verb:set package 'rover_control' build argument 'cmake_clean_cache' from command line to 'False'
[0.543s] Level 5:colcon.colcon_core.verb:set package 'rover_control' build argument 'cmake_clean_first' from command line to 'False'
[0.543s] Level 5:colcon.colcon_core.verb:set package 'rover_control' build argument 'cmake_force_configure' from command line to 'False'
[0.543s] Level 5:colcon.colcon_core.verb:set package 'rover_control' build argument 'ament_cmake_args' from command line to 'None'
[0.543s] Level 5:colcon.colcon_core.verb:set package 'rover_control' build argument 'catkin_cmake_args' from command line to 'None'
[0.543s] Level 5:colcon.colcon_core.verb:set package 'rover_control' build argument 'catkin_skip_building_tests' from command line to 'False'
[0.543s] DEBUG:colcon.colcon_core.verb:Building package 'rover_control' with the following arguments: {'ament_cmake_args': None, 'build_base': '/home/moody/Cislune/Cislune-RE-RASSOR/build/rover_control', 'catkin_cmake_args': None, 'catkin_skip_building_tests': False, 'cmake_args': None, 'cmake_clean_cache': False, 'cmake_clean_first': False, 'cmake_force_configure': False, 'cmake_target': None, 'cmake_target_skip_unavailable': False, 'install_base': '/home/moody/Cislune/Cislune-RE-RASSOR/install/rover_control', 'merge_install': False, 'path': '/home/moody/Cislune/Cislune-RE-RASSOR/src/rover_control', 'symlink_install': False, 'test_result_base': None}
[0.544s] INFO:colcon.colcon_core.executor:Executing jobs using 'parallel' executor
[0.545s] DEBUG:colcon.colcon_parallel_executor.executor.parallel:run_until_complete
[0.545s] INFO:colcon.colcon_ros.task.ament_cmake.build:Building ROS package in '/home/moody/Cislune/Cislune-RE-RASSOR/src/rover_control' with build type 'ament_cmake'
[0.545s] INFO:colcon.colcon_cmake.task.cmake.build:Building CMake package in '/home/moody/Cislune/Cislune-RE-RASSOR/src/rover_control'
[0.549s] INFO:colcon.colcon_core.plugin_system:Skipping extension 'colcon_core.shell.bat': Not used on non-Windows systems
[0.549s] INFO:colcon.colcon_core.shell:Skip shell extension 'powershell' for command environment: Not usable outside of PowerShell
[0.549s] DEBUG:colcon.colcon_core.shell:Skip shell extension 'dsv' for command environment
[0.562s] DEBUG:colcon.colcon_core.event_handler.log_command:Invoking command in '/home/moody/Cislune/Cislune-RE-RASSOR/build/rover_control': CMAKE_PREFIX_PATH=${CMAKE_PREFIX_PATH}:/opt/ros/jazzy /usr/bin/cmake --build /home/moody/Cislune/Cislune-RE-RASSOR/build/rover_control -- -j16 -l16
[0.667s] DEBUG:colcon.colcon_core.event_handler.log_command:Invoked command in '/home/moody/Cislune/Cislune-RE-RASSOR/build/rover_control' returned '0': CMAKE_PREFIX_PATH=${CMAKE_PREFIX_PATH}:/opt/ros/jazzy /usr/bin/cmake --build /home/moody/Cislune/Cislune-RE-RASSOR/build/rover_control -- -j16 -l16
[0.679s] DEBUG:colcon.colcon_core.event_handler.log_command:Invoking command in '/home/moody/Cislune/Cislune-RE-RASSOR/build/rover_control': CMAKE_PREFIX_PATH=${CMAKE_PREFIX_PATH}:/opt/ros/jazzy /usr/bin/cmake --install /home/moody/Cislune/Cislune-RE-RASSOR/build/rover_control
[0.693s] Level 1:colcon.colcon_core.environment:create_environment_scripts_only(rover_control)
[0.693s] DEBUG:colcon.colcon_core.event_handler.log_command:Invoked command in '/home/moody/Cislune/Cislune-RE-RASSOR/build/rover_control' returned '0': CMAKE_PREFIX_PATH=${CMAKE_PREFIX_PATH}:/opt/ros/jazzy /usr/bin/cmake --install /home/moody/Cislune/Cislune-RE-RASSOR/build/rover_control
[0.697s] Level 1:colcon.colcon_core.environment:checking '/home/moody/Cislune/Cislune-RE-RASSOR/install/rover_control' for CMake module files
[0.698s] Level 1:colcon.colcon_core.environment:checking '/home/moody/Cislune/Cislune-RE-RASSOR/install/rover_control' for CMake config files
[0.698s] Level 1:colcon.colcon_core.shell:create_environment_hook('rover_control', 'cmake_prefix_path')
[0.698s] INFO:colcon.colcon_core.shell:Creating environment hook '/home/moody/Cislune/Cislune-RE-RASSOR/install/rover_control/share/rover_control/hook/cmake_prefix_path.ps1'
[0.699s] INFO:colcon.colcon_core.shell:Creating environment descriptor '/home/moody/Cislune/Cislune-RE-RASSOR/install/rover_control/share/rover_control/hook/cmake_prefix_path.dsv'
[0.700s] INFO:colcon.colcon_core.shell:Creating environment hook '/home/moody/Cislune/Cislune-RE-RASSOR/install/rover_control/share/rover_control/hook/cmake_prefix_path.sh'
[0.701s] Level 1:colcon.colcon_core.environment:checking '/home/moody/Cislune/Cislune-RE-RASSOR/install/rover_control/bin'
[0.701s] Level 1:colcon.colcon_core.environment:checking '/home/moody/Cislune/Cislune-RE-RASSOR/install/rover_control/lib/pkgconfig/rover_control.pc'
[0.701s] Level 1:colcon.colcon_core.environment:checking '/home/moody/Cislune/Cislune-RE-RASSOR/install/rover_control/lib/python3.12/site-packages'
[0.701s] Level 1:colcon.colcon_core.environment:checking '/home/moody/Cislune/Cislune-RE-RASSOR/install/rover_control/bin'
[0.702s] INFO:colcon.colcon_core.shell:Creating package script '/home/moody/Cislune/Cislune-RE-RASSOR/install/rover_control/share/rover_control/package.ps1'
[0.702s] INFO:colcon.colcon_core.shell:Creating package descriptor '/home/moody/Cislune/Cislune-RE-RASSOR/install/rover_control/share/rover_control/package.dsv'
[0.703s] INFO:colcon.colcon_core.shell:Creating package script '/home/moody/Cislune/Cislune-RE-RASSOR/install/rover_control/share/rover_control/package.sh'
[0.704s] INFO:colcon.colcon_core.shell:Creating package script '/home/moody/Cislune/Cislune-RE-RASSOR/install/rover_control/share/rover_control/package.bash'
[0.705s] INFO:colcon.colcon_core.shell:Creating package script '/home/moody/Cislune/Cislune-RE-RASSOR/install/rover_control/share/rover_control/package.zsh'
[0.706s] Level 1:colcon.colcon_core.environment:create_file_with_runtime_dependencies(/home/moody/Cislune/Cislune-RE-RASSOR/install/rover_control/share/colcon-core/packages/rover_control)
[0.706s] Level 1:colcon.colcon_core.environment:create_environment_scripts_only(rover_control)
[0.707s] Level 1:colcon.colcon_core.environment:checking '/home/moody/Cislune/Cislune-RE-RASSOR/install/rover_control' for CMake module files
[0.707s] Level 1:colcon.colcon_core.environment:checking '/home/moody/Cislune/Cislune-RE-RASSOR/install/rover_control' for CMake config files
[0.707s] Level 1:colcon.colcon_core.shell:create_environment_hook('rover_control', 'cmake_prefix_path')
[0.708s] INFO:colcon.colcon_core.shell:Creating environment hook '/home/moody/Cislune/Cislune-RE-RASSOR/install/rover_control/share/rover_control/hook/cmake_prefix_path.ps1'
[0.708s] INFO:colcon.colcon_core.shell:Creating environment descriptor '/home/moody/Cislune/Cislune-RE-RASSOR/install/rover_control/share/rover_control/hook/cmake_prefix_path.dsv'
[0.708s] INFO:colcon.colcon_core.shell:Creating environment hook '/home/moody/Cislune/Cislune-RE-RASSOR/install/rover_control/share/rover_control/hook/cmake_prefix_path.sh'
[0.709s] Level 1:colcon.colcon_core.environment:checking '/home/moody/Cislune/Cislune-RE-RASSOR/install/rover_control/bin'
[0.709s] Level 1:colcon.colcon_core.environment:checking '/home/moody/Cislune/Cislune-RE-RASSOR/install/rover_control/lib/pkgconfig/rover_control.pc'
[0.709s] Level 1:colcon.colcon_core.environment:checking '/home/moody/Cislune/Cislune-RE-RASSOR/install/rover_control/lib/python3.12/site-packages'
[0.709s] Level 1:colcon.colcon_core.environment:checking '/home/moody/Cislune/Cislune-RE-RASSOR/install/rover_control/bin'
[0.710s] INFO:colcon.colcon_core.shell:Creating package script '/home/moody/Cislune/Cislune-RE-RASSOR/install/rover_control/share/rover_control/package.ps1'
[0.710s] INFO:colcon.colcon_core.shell:Creating package descriptor '/home/moody/Cislune/Cislune-RE-RASSOR/install/rover_control/share/rover_control/package.dsv'
[0.711s] INFO:colcon.colcon_core.shell:Creating package script '/home/moody/Cislune/Cislune-RE-RASSOR/install/rover_control/share/rover_control/package.sh'
[0.711s] INFO:colcon.colcon_core.shell:Creating package script '/home/moody/Cislune/Cislune-RE-RASSOR/install/rover_control/share/rover_control/package.bash'
[0.711s] INFO:colcon.colcon_core.shell:Creating package script '/home/moody/Cislune/Cislune-RE-RASSOR/install/rover_control/share/rover_control/package.zsh'
[0.712s] Level 1:colcon.colcon_core.environment:create_file_with_runtime_dependencies(/home/moody/Cislune/Cislune-RE-RASSOR/install/rover_control/share/colcon-core/packages/rover_control)
[0.712s] DEBUG:colcon.colcon_parallel_executor.executor.parallel:closing loop
[0.713s] DEBUG:colcon.colcon_parallel_executor.executor.parallel:loop closed
[0.713s] DEBUG:colcon.colcon_parallel_executor.executor.parallel:run_until_complete finished with '0'
[0.713s] DEBUG:colcon.colcon_core.event_reactor:joining thread
[0.761s] INFO:colcon.colcon_core.plugin_system:Skipping extension 'colcon_notification.desktop_notification.notify_send': Could not find 'notify-send'
[0.762s] INFO:colcon.colcon_core.plugin_system:Skipping extension 'colcon_notification.desktop_notification.terminal_notifier': Not used on non-Darwin systems
[0.762s] INFO:colcon.colcon_core.plugin_system:Skipping extension 'colcon_notification.desktop_notification.win32': Not used on non-Windows systems
[0.762s] INFO:colcon.colcon_notification.desktop_notification:Sending desktop notification using 'notify2'
[0.763s] DEBUG:colcon.colcon_notification.desktop_notification.notify2:Failed to initialize notify2: org.freedesktop.DBus.Error.ServiceUnknown: The name org.freedesktop.Notifications was not provided by any .service files
[0.764s] DEBUG:colcon.colcon_core.event_reactor:joined thread
[0.764s] INFO:colcon.colcon_core.shell:Creating prefix script '/home/moody/Cislune/Cislune-RE-RASSOR/install/local_setup.ps1'
[0.765s] INFO:colcon.colcon_core.shell:Creating prefix util module '/home/moody/Cislune/Cislune-RE-RASSOR/install/_local_setup_util_ps1.py'
[0.766s] INFO:colcon.colcon_core.shell:Creating prefix chain script '/home/moody/Cislune/Cislune-RE-RASSOR/install/setup.ps1'
[0.767s] INFO:colcon.colcon_core.shell:Creating prefix script '/home/moody/Cislune/Cislune-RE-RASSOR/install/local_setup.sh'
[0.768s] INFO:colcon.colcon_core.shell:Creating prefix util module '/home/moody/Cislune/Cislune-RE-RASSOR/install/_local_setup_util_sh.py'
[0.769s] INFO:colcon.colcon_core.shell:Creating prefix chain script '/home/moody/Cislune/Cislune-RE-RASSOR/install/setup.sh'
[0.770s] INFO:colcon.colcon_core.shell:Creating prefix script '/home/moody/Cislune/Cislune-RE-RASSOR/install/local_setup.bash'
[0.770s] INFO:colcon.colcon_core.shell:Creating prefix chain script '/home/moody/Cislune/Cislune-RE-RASSOR/install/setup.bash'
[0.771s] INFO:colcon.colcon_core.shell:Creating prefix script '/home/moody/Cislune/Cislune-RE-RASSOR/install/local_setup.zsh'
[0.772s] INFO:colcon.colcon_core.shell:Creating prefix chain script '/home/moody/Cislune/Cislune-RE-RASSOR/install/setup.zsh'
