[0.034s] Invoking command in '/home/moody/Cislune/Cislune-RE-RASSOR/build/rover_firmware': CMAKE_PREFIX_PATH=${CMAKE_PREFIX_PATH}:/opt/ros/jazzy /usr/bin/cmake /home/moody/Cislune/Cislune-RE-RASSOR/src/rover_firmware -DCMAKE_INSTALL_PREFIX=/home/moody/Cislune/Cislune-RE-RASSOR/install/rover_firmware
[0.264s] -- The C compiler identification is GNU 13.3.0
[1.176s] -- The CXX compiler identification is GNU 13.3.0
[1.880s] -- Detecting C compiler ABI info
[2.175s] -- Detecting C compiler ABI info - done
[2.185s] -- Check for working C compiler: /usr/bin/cc - skipped
[2.185s] -- Detecting C compile features
[2.186s] -- Detecting C compile features - done
[2.281s] -- Detecting CXX compiler ABI info
[2.592s] -- Detecting CXX compiler ABI info - done
[2.608s] -- Check for working CXX compiler: /usr/bin/c++ - skipped
[2.608s] -- Detecting CXX compile features
[2.609s] -- Detecting CXX compile features - done
[2.640s] -- Found ament_cmake: 2.5.4 (/opt/ros/jazzy/share/ament_cmake/cmake)
[2.831s] -- Found Python3: /usr/bin/python3 (found version "3.12.3") found components: Interpreter 
[3.044s] -- Found ament_lint_auto: 0.17.2 (/opt/ros/jazzy/share/ament_lint_auto/cmake)
[3.201s] -- Added test 'lint_cmake' to check CMake code style
[3.205s] -- Added test 'xmllint' to check XML markup files
[3.209s] -- Configuring done (3.2s)
[3.218s] -- Generating done (0.0s)
[3.220s] -- Build files have been written to: /home/moody/Cislune/Cislune-RE-RASSOR/build/rover_firmware
[3.227s] Invoked command in '/home/moody/Cislune/Cislune-RE-RASSOR/build/rover_firmware' returned '0': CMAKE_PREFIX_PATH=${CMAKE_PREFIX_PATH}:/opt/ros/jazzy /usr/bin/cmake /home/moody/Cislune/Cislune-RE-RASSOR/src/rover_firmware -DCMAKE_INSTALL_PREFIX=/home/moody/Cislune/Cislune-RE-RASSOR/install/rover_firmware
[3.228s] Invoking command in '/home/moody/Cislune/Cislune-RE-RASSOR/build/rover_firmware': CMAKE_PREFIX_PATH=${CMAKE_PREFIX_PATH}:/opt/ros/jazzy /usr/bin/cmake --build /home/moody/Cislune/Cislune-RE-RASSOR/build/rover_firmware -- -j16 -l16
