[0.033s] Invoking command in '/home/moody/Cislune/Cislune-RE-RASSOR/build/rover_control': CMAKE_PREFIX_PATH=${CMAKE_PREFIX_PATH}:/opt/ros/jazzy /usr/bin/cmake --build /home/moody/Cislune/Cislune-RE-RASSOR/build/rover_control -- -j16 -l16
[0.158s] Invoked command in '/home/moody/Cislune/Cislune-RE-RASSOR/build/rover_control' returned '0': CMAKE_PREFIX_PATH=${CMAKE_PREFIX_PATH}:/opt/ros/jazzy /usr/bin/cmake --build /home/moody/Cislune/Cislune-RE-RASSOR/build/rover_control -- -j16 -l16
[0.160s] Invoking command in '/home/moody/Cislune/Cislune-RE-RASSOR/build/rover_control': CMAKE_PREFIX_PATH=${CMAKE_PREFIX_PATH}:/opt/ros/jazzy /usr/bin/cmake --install /home/moody/Cislune/Cislune-RE-RASSOR/build/rover_control
[0.173s] -- Install configuration: ""
[0.174s] -- Up-to-date: /home/moody/Cislune/Cislune-RE-RASSOR/install/rover_control/share/ament_index/resource_index/package_run_dependencies/rover_control
[0.174s] -- Up-to-date: /home/moody/Cislune/Cislune-RE-RASSOR/install/rover_control/share/ament_index/resource_index/parent_prefix_path/rover_control
[0.174s] -- Up-to-date: /home/moody/Cislune/Cislune-RE-RASSOR/install/rover_control/share/rover_control/environment/ament_prefix_path.sh
[0.177s] -- Up-to-date: /home/moody/Cislune/Cislune-RE-RASSOR/install/rover_control/share/rover_control/environment/ament_prefix_path.dsv
[0.178s] -- Up-to-date: /home/moody/Cislune/Cislune-RE-RASSOR/install/rover_control/share/rover_control/environment/path.sh
[0.179s] -- Up-to-date: /home/moody/Cislune/Cislune-RE-RASSOR/install/rover_control/share/rover_control/environment/path.dsv
[0.179s] -- Up-to-date: /home/moody/Cislune/Cislune-RE-RASSOR/install/rover_control/share/rover_control/local_setup.bash
[0.180s] -- Up-to-date: /home/moody/Cislune/Cislune-RE-RASSOR/install/rover_control/share/rover_control/local_setup.sh
[0.180s] -- Up-to-date: /home/moody/Cislune/Cislune-RE-RASSOR/install/rover_control/share/rover_control/local_setup.zsh
[0.180s] -- Up-to-date: /home/moody/Cislune/Cislune-RE-RASSOR/install/rover_control/share/rover_control/local_setup.dsv
[0.180s] -- Installing: /home/moody/Cislune/Cislune-RE-RASSOR/install/rover_control/share/rover_control/package.dsv
[0.181s] -- Up-to-date: /home/moody/Cislune/Cislune-RE-RASSOR/install/rover_control/share/ament_index/resource_index/packages/rover_control
[0.183s] -- Up-to-date: /home/moody/Cislune/Cislune-RE-RASSOR/install/rover_control/share/rover_control/cmake/rover_controlConfig.cmake
[0.183s] -- Up-to-date: /home/moody/Cislune/Cislune-RE-RASSOR/install/rover_control/share/rover_control/cmake/rover_controlConfig-version.cmake
[0.184s] -- Up-to-date: /home/moody/Cislune/Cislune-RE-RASSOR/install/rover_control/share/rover_control/package.xml
[0.230s] Invoked command in '/home/moody/Cislune/Cislune-RE-RASSOR/build/rover_control' returned '0': CMAKE_PREFIX_PATH=${CMAKE_PREFIX_PATH}:/opt/ros/jazzy /usr/bin/cmake --install /home/moody/Cislune/Cislune-RE-RASSOR/build/rover_control
