[0.296s] DEBUG:colcon:Command line arguments: ['/usr/bin/colcon', 'build']
[0.296s] DEBUG:colcon:Parsed command line arguments: Namespace(log_base=None, log_level=None, verb_name='build', build_base='build', install_base='install', merge_install=False, symlink_install=False, test_result_base=None, continue_on_error=False, executor='parallel', parallel_workers=16, event_handlers=None, ignore_user_meta=False, metas=['./colcon.meta'], base_paths=['.'], packages_ignore=None, packages_ignore_regex=None, paths=None, packages_up_to=None, packages_up_to_regex=None, packages_above=None, packages_above_and_dependencies=None, packages_above_depth=None, packages_select_by_dep=None, packages_skip_by_dep=None, packages_skip_up_to=None, packages_select_build_failed=False, packages_skip_build_finished=False, packages_select_test_failures=False, packages_skip_test_passed=False, packages_select=None, packages_skip=None, packages_select_regex=None, packages_skip_regex=None, packages_start=None, packages_end=None, allow_overriding=[], cmake_args=None, cmake_target=None, cmake_target_skip_unavailable=False, cmake_clean_cache=False, cmake_clean_first=False, cmake_force_configure=False, ament_cmake_args=None, catkin_cmake_args=None, catkin_skip_building_tests=False, mixin_files=None, mixin=None, verb_parser=<colcon_mixin.mixin.mixin_argument.MixinArgumentDecorator object at 0x7fe705272f30>, verb_extension=<colcon_core.verb.build.BuildVerb object at 0x7fe7053a3500>, main=<bound method BuildVerb.main of <colcon_core.verb.build.BuildVerb object at 0x7fe7053a3500>>, mixin_verb=('build',))
[0.359s] Level 1:colcon.colcon_core.package_discovery:discover_packages(colcon_meta) check parameters
[0.359s] Level 1:colcon.colcon_core.package_discovery:discover_packages(recursive) check parameters
[0.360s] Level 1:colcon.colcon_core.package_discovery:discover_packages(ignore) check parameters
[0.360s] Level 1:colcon.colcon_core.package_discovery:discover_packages(path) check parameters
[0.360s] Level 1:colcon.colcon_core.package_discovery:discover_packages(colcon_meta) discover
[0.360s] Level 1:colcon.colcon_core.package_discovery:discover_packages(recursive) discover
[0.360s] INFO:colcon.colcon_core.package_discovery:Crawling recursively for packages in '/home/moody/Cislune/Cislune-RE-RASSOR'
[0.360s] Level 1:colcon.colcon_core.package_identification:_identify(.) by extensions ['ignore', 'ignore_ament_install']
[0.360s] Level 1:colcon.colcon_core.package_identification:_identify(.) by extension 'ignore'
[0.360s] Level 1:colcon.colcon_core.package_identification:_identify(.) by extension 'ignore_ament_install'
[0.360s] Level 1:colcon.colcon_core.package_identification:_identify(.) by extensions ['colcon_pkg']
[0.360s] Level 1:colcon.colcon_core.package_identification:_identify(.) by extension 'colcon_pkg'
[0.360s] Level 1:colcon.colcon_core.package_identification:_identify(.) by extensions ['colcon_meta']
[0.360s] Level 1:colcon.colcon_core.package_identification:_identify(.) by extension 'colcon_meta'
[0.360s] Level 1:colcon.colcon_core.package_identification:_identify(.) by extensions ['ros']
[0.360s] Level 1:colcon.colcon_core.package_identification:_identify(.) by extension 'ros'
[0.395s] Level 1:colcon.colcon_core.package_identification:_identify(.) by extensions ['cmake', 'python']
[0.395s] Level 1:colcon.colcon_core.package_identification:_identify(.) by extension 'cmake'
[0.395s] Level 1:colcon.colcon_core.package_identification:_identify(.) by extension 'python'
[0.395s] Level 1:colcon.colcon_core.package_identification:_identify(.) by extensions ['python_setup_py']
[0.395s] Level 1:colcon.colcon_core.package_identification:_identify(.) by extension 'python_setup_py'
[0.396s] Level 1:colcon.colcon_core.package_identification:_identify(build) by extensions ['ignore', 'ignore_ament_install']
[0.396s] Level 1:colcon.colcon_core.package_identification:_identify(build) by extension 'ignore'
[0.396s] Level 1:colcon.colcon_core.package_identification:_identify(build) ignored
[0.396s] Level 1:colcon.colcon_core.package_identification:_identify(docker) by extensions ['ignore', 'ignore_ament_install']
[0.396s] Level 1:colcon.colcon_core.package_identification:_identify(docker) by extension 'ignore'
[0.396s] Level 1:colcon.colcon_core.package_identification:_identify(docker) by extension 'ignore_ament_install'
[0.396s] Level 1:colcon.colcon_core.package_identification:_identify(docker) by extensions ['colcon_pkg']
[0.396s] Level 1:colcon.colcon_core.package_identification:_identify(docker) by extension 'colcon_pkg'
[0.397s] Level 1:colcon.colcon_core.package_identification:_identify(docker) by extensions ['colcon_meta']
[0.397s] Level 1:colcon.colcon_core.package_identification:_identify(docker) by extension 'colcon_meta'
[0.397s] Level 1:colcon.colcon_core.package_identification:_identify(docker) by extensions ['ros']
[0.397s] Level 1:colcon.colcon_core.package_identification:_identify(docker) by extension 'ros'
[0.397s] Level 1:colcon.colcon_core.package_identification:_identify(docker) by extensions ['cmake', 'python']
[0.397s] Level 1:colcon.colcon_core.package_identification:_identify(docker) by extension 'cmake'
[0.397s] Level 1:colcon.colcon_core.package_identification:_identify(docker) by extension 'python'
[0.397s] Level 1:colcon.colcon_core.package_identification:_identify(docker) by extensions ['python_setup_py']
[0.397s] Level 1:colcon.colcon_core.package_identification:_identify(docker) by extension 'python_setup_py'
[0.397s] Level 1:colcon.colcon_core.package_identification:_identify(install) by extensions ['ignore', 'ignore_ament_install']
[0.397s] Level 1:colcon.colcon_core.package_identification:_identify(install) by extension 'ignore'
[0.397s] Level 1:colcon.colcon_core.package_identification:_identify(install) ignored
[0.397s] Level 1:colcon.colcon_core.package_identification:_identify(log) by extensions ['ignore', 'ignore_ament_install']
[0.398s] Level 1:colcon.colcon_core.package_identification:_identify(log) by extension 'ignore'
[0.398s] Level 1:colcon.colcon_core.package_identification:_identify(log) ignored
[0.398s] Level 1:colcon.colcon_core.package_identification:_identify(src) by extensions ['ignore', 'ignore_ament_install']
[0.398s] Level 1:colcon.colcon_core.package_identification:_identify(src) by extension 'ignore'
[0.398s] Level 1:colcon.colcon_core.package_identification:_identify(src) by extension 'ignore_ament_install'
[0.398s] Level 1:colcon.colcon_core.package_identification:_identify(src) by extensions ['colcon_pkg']
[0.398s] Level 1:colcon.colcon_core.package_identification:_identify(src) by extension 'colcon_pkg'
[0.398s] Level 1:colcon.colcon_core.package_identification:_identify(src) by extensions ['colcon_meta']
[0.398s] Level 1:colcon.colcon_core.package_identification:_identify(src) by extension 'colcon_meta'
[0.398s] Level 1:colcon.colcon_core.package_identification:_identify(src) by extensions ['ros']
[0.398s] Level 1:colcon.colcon_core.package_identification:_identify(src) by extension 'ros'
[0.398s] Level 1:colcon.colcon_core.package_identification:_identify(src) by extensions ['cmake', 'python']
[0.399s] Level 1:colcon.colcon_core.package_identification:_identify(src) by extension 'cmake'
[0.399s] Level 1:colcon.colcon_core.package_identification:_identify(src) by extension 'python'
[0.399s] Level 1:colcon.colcon_core.package_identification:_identify(src) by extensions ['python_setup_py']
[0.399s] Level 1:colcon.colcon_core.package_identification:_identify(src) by extension 'python_setup_py'
[0.399s] Level 1:colcon.colcon_core.package_identification:_identify(src/rover_bringup) by extensions ['ignore', 'ignore_ament_install']
[0.399s] Level 1:colcon.colcon_core.package_identification:_identify(src/rover_bringup) by extension 'ignore'
[0.399s] Level 1:colcon.colcon_core.package_identification:_identify(src/rover_bringup) by extension 'ignore_ament_install'
[0.399s] Level 1:colcon.colcon_core.package_identification:_identify(src/rover_bringup) by extensions ['colcon_pkg']
[0.399s] Level 1:colcon.colcon_core.package_identification:_identify(src/rover_bringup) by extension 'colcon_pkg'
[0.399s] Level 1:colcon.colcon_core.package_identification:_identify(src/rover_bringup) by extensions ['colcon_meta']
[0.399s] Level 1:colcon.colcon_core.package_identification:_identify(src/rover_bringup) by extension 'colcon_meta'
[0.400s] Level 1:colcon.colcon_core.package_identification:_identify(src/rover_bringup) by extensions ['ros']
[0.400s] Level 1:colcon.colcon_core.package_identification:_identify(src/rover_bringup) by extension 'ros'
[0.403s] DEBUG:colcon.colcon_core.package_identification:Package 'src/rover_bringup' with type 'ros.ament_cmake' and name 'rover_bringup'
[0.403s] Level 1:colcon.colcon_core.package_identification:_identify(src/rover_control) by extensions ['ignore', 'ignore_ament_install']
[0.403s] Level 1:colcon.colcon_core.package_identification:_identify(src/rover_control) by extension 'ignore'
[0.403s] Level 1:colcon.colcon_core.package_identification:_identify(src/rover_control) by extension 'ignore_ament_install'
[0.403s] Level 1:colcon.colcon_core.package_identification:_identify(src/rover_control) by extensions ['colcon_pkg']
[0.403s] Level 1:colcon.colcon_core.package_identification:_identify(src/rover_control) by extension 'colcon_pkg'
[0.403s] Level 1:colcon.colcon_core.package_identification:_identify(src/rover_control) by extensions ['colcon_meta']
[0.403s] Level 1:colcon.colcon_core.package_identification:_identify(src/rover_control) by extension 'colcon_meta'
[0.403s] Level 1:colcon.colcon_core.package_identification:_identify(src/rover_control) by extensions ['ros']
[0.403s] Level 1:colcon.colcon_core.package_identification:_identify(src/rover_control) by extension 'ros'
[0.404s] DEBUG:colcon.colcon_core.package_identification:Package 'src/rover_control' with type 'ros.ament_cmake' and name 'rover_control'
[0.404s] Level 1:colcon.colcon_core.package_identification:_identify(src/rover_description) by extensions ['ignore', 'ignore_ament_install']
[0.405s] Level 1:colcon.colcon_core.package_identification:_identify(src/rover_description) by extension 'ignore'
[0.405s] Level 1:colcon.colcon_core.package_identification:_identify(src/rover_description) by extension 'ignore_ament_install'
[0.405s] Level 1:colcon.colcon_core.package_identification:_identify(src/rover_description) by extensions ['colcon_pkg']
[0.405s] Level 1:colcon.colcon_core.package_identification:_identify(src/rover_description) by extension 'colcon_pkg'
[0.405s] Level 1:colcon.colcon_core.package_identification:_identify(src/rover_description) by extensions ['colcon_meta']
[0.405s] Level 1:colcon.colcon_core.package_identification:_identify(src/rover_description) by extension 'colcon_meta'
[0.405s] Level 1:colcon.colcon_core.package_identification:_identify(src/rover_description) by extensions ['ros']
[0.405s] Level 1:colcon.colcon_core.package_identification:_identify(src/rover_description) by extension 'ros'
[0.405s] DEBUG:colcon.colcon_core.package_identification:Package 'src/rover_description' with type 'ros.ament_cmake' and name 'rover_description'
[0.406s] Level 1:colcon.colcon_core.package_identification:_identify(src/rover_firmware) by extensions ['ignore', 'ignore_ament_install']
[0.406s] Level 1:colcon.colcon_core.package_identification:_identify(src/rover_firmware) by extension 'ignore'
[0.406s] Level 1:colcon.colcon_core.package_identification:_identify(src/rover_firmware) by extension 'ignore_ament_install'
[0.406s] Level 1:colcon.colcon_core.package_identification:_identify(src/rover_firmware) by extensions ['colcon_pkg']
[0.406s] Level 1:colcon.colcon_core.package_identification:_identify(src/rover_firmware) by extension 'colcon_pkg'
[0.406s] Level 1:colcon.colcon_core.package_identification:_identify(src/rover_firmware) by extensions ['colcon_meta']
[0.406s] Level 1:colcon.colcon_core.package_identification:_identify(src/rover_firmware) by extension 'colcon_meta'
[0.406s] Level 1:colcon.colcon_core.package_identification:_identify(src/rover_firmware) by extensions ['ros']
[0.406s] Level 1:colcon.colcon_core.package_identification:_identify(src/rover_firmware) by extension 'ros'
[0.407s] DEBUG:colcon.colcon_core.package_identification:Package 'src/rover_firmware' with type 'ros.ament_cmake' and name 'rover_firmware'
[0.407s] Level 1:colcon.colcon_core.package_identification:_identify(src/rover_navigation) by extensions ['ignore', 'ignore_ament_install']
[0.407s] Level 1:colcon.colcon_core.package_identification:_identify(src/rover_navigation) by extension 'ignore'
[0.407s] Level 1:colcon.colcon_core.package_identification:_identify(src/rover_navigation) by extension 'ignore_ament_install'
[0.407s] Level 1:colcon.colcon_core.package_identification:_identify(src/rover_navigation) by extensions ['colcon_pkg']
[0.408s] Level 1:colcon.colcon_core.package_identification:_identify(src/rover_navigation) by extension 'colcon_pkg'
[0.408s] Level 1:colcon.colcon_core.package_identification:_identify(src/rover_navigation) by extensions ['colcon_meta']
[0.408s] Level 1:colcon.colcon_core.package_identification:_identify(src/rover_navigation) by extension 'colcon_meta'
[0.408s] Level 1:colcon.colcon_core.package_identification:_identify(src/rover_navigation) by extensions ['ros']
[0.408s] Level 1:colcon.colcon_core.package_identification:_identify(src/rover_navigation) by extension 'ros'
[0.408s] DEBUG:colcon.colcon_core.package_identification:Package 'src/rover_navigation' with type 'ros.ament_cmake' and name 'rover_navigation'
[0.409s] Level 1:colcon.colcon_core.package_identification:_identify(src/rover_sim) by extensions ['ignore', 'ignore_ament_install']
[0.409s] Level 1:colcon.colcon_core.package_identification:_identify(src/rover_sim) by extension 'ignore'
[0.409s] Level 1:colcon.colcon_core.package_identification:_identify(src/rover_sim) by extension 'ignore_ament_install'
[0.409s] Level 1:colcon.colcon_core.package_identification:_identify(src/rover_sim) by extensions ['colcon_pkg']
[0.409s] Level 1:colcon.colcon_core.package_identification:_identify(src/rover_sim) by extension 'colcon_pkg'
[0.409s] Level 1:colcon.colcon_core.package_identification:_identify(src/rover_sim) by extensions ['colcon_meta']
[0.409s] Level 1:colcon.colcon_core.package_identification:_identify(src/rover_sim) by extension 'colcon_meta'
[0.409s] Level 1:colcon.colcon_core.package_identification:_identify(src/rover_sim) by extensions ['ros']
[0.409s] Level 1:colcon.colcon_core.package_identification:_identify(src/rover_sim) by extension 'ros'
[0.410s] DEBUG:colcon.colcon_core.package_identification:Package 'src/rover_sim' with type 'ros.ament_cmake' and name 'rover_sim'
[0.410s] Level 1:colcon.colcon_core.package_discovery:discover_packages(recursive) using defaults
[0.410s] Level 1:colcon.colcon_core.package_discovery:discover_packages(ignore) discover
[0.410s] Level 1:colcon.colcon_core.package_discovery:discover_packages(ignore) using defaults
[0.410s] Level 1:colcon.colcon_core.package_discovery:discover_packages(path) discover
[0.410s] Level 1:colcon.colcon_core.package_discovery:discover_packages(path) using defaults
[0.435s] Level 1:colcon.colcon_core.package_discovery:discover_packages(prefix_path) check parameters
[0.435s] Level 1:colcon.colcon_core.package_discovery:discover_packages(prefix_path) discover
[0.441s] DEBUG:colcon.colcon_installed_package_information.package_discovery:Found 6 installed packages in /home/moody/Cislune/Cislune-RE-RASSOR/install
[0.444s] DEBUG:colcon.colcon_installed_package_information.package_discovery:Found 425 installed packages in /opt/ros/jazzy
[0.445s] Level 1:colcon.colcon_core.package_discovery:discover_packages(prefix_path) using defaults
[0.585s] Level 5:colcon.colcon_core.verb:set package 'rover_bringup' build argument 'cmake_args' from command line to 'None'
[0.585s] Level 5:colcon.colcon_core.verb:set package 'rover_bringup' build argument 'cmake_target' from command line to 'None'
[0.585s] Level 5:colcon.colcon_core.verb:set package 'rover_bringup' build argument 'cmake_target_skip_unavailable' from command line to 'False'
[0.586s] Level 5:colcon.colcon_core.verb:set package 'rover_bringup' build argument 'cmake_clean_cache' from command line to 'False'
[0.586s] Level 5:colcon.colcon_core.verb:set package 'rover_bringup' build argument 'cmake_clean_first' from command line to 'False'
[0.586s] Level 5:colcon.colcon_core.verb:set package 'rover_bringup' build argument 'cmake_force_configure' from command line to 'False'
[0.586s] Level 5:colcon.colcon_core.verb:set package 'rover_bringup' build argument 'ament_cmake_args' from command line to 'None'
[0.586s] Level 5:colcon.colcon_core.verb:set package 'rover_bringup' build argument 'catkin_cmake_args' from command line to 'None'
[0.586s] Level 5:colcon.colcon_core.verb:set package 'rover_bringup' build argument 'catkin_skip_building_tests' from command line to 'False'
[0.586s] DEBUG:colcon.colcon_core.verb:Building package 'rover_bringup' with the following arguments: {'ament_cmake_args': None, 'build_base': '/home/moody/Cislune/Cislune-RE-RASSOR/build/rover_bringup', 'catkin_cmake_args': None, 'catkin_skip_building_tests': False, 'cmake_args': None, 'cmake_clean_cache': False, 'cmake_clean_first': False, 'cmake_force_configure': False, 'cmake_target': None, 'cmake_target_skip_unavailable': False, 'install_base': '/home/moody/Cislune/Cislune-RE-RASSOR/install/rover_bringup', 'merge_install': False, 'path': '/home/moody/Cislune/Cislune-RE-RASSOR/src/rover_bringup', 'symlink_install': False, 'test_result_base': None}
[0.586s] Level 5:colcon.colcon_core.verb:set package 'rover_control' build argument 'cmake_args' from command line to 'None'
[0.586s] Level 5:colcon.colcon_core.verb:set package 'rover_control' build argument 'cmake_target' from command line to 'None'
[0.586s] Level 5:colcon.colcon_core.verb:set package 'rover_control' build argument 'cmake_target_skip_unavailable' from command line to 'False'
[0.586s] Level 5:colcon.colcon_core.verb:set package 'rover_control' build argument 'cmake_clean_cache' from command line to 'False'
[0.586s] Level 5:colcon.colcon_core.verb:set package 'rover_control' build argument 'cmake_clean_first' from command line to 'False'
[0.586s] Level 5:colcon.colcon_core.verb:set package 'rover_control' build argument 'cmake_force_configure' from command line to 'False'
[0.586s] Level 5:colcon.colcon_core.verb:set package 'rover_control' build argument 'ament_cmake_args' from command line to 'None'
[0.586s] Level 5:colcon.colcon_core.verb:set package 'rover_control' build argument 'catkin_cmake_args' from command line to 'None'
[0.586s] Level 5:colcon.colcon_core.verb:set package 'rover_control' build argument 'catkin_skip_building_tests' from command line to 'False'
[0.586s] DEBUG:colcon.colcon_core.verb:Building package 'rover_control' with the following arguments: {'ament_cmake_args': None, 'build_base': '/home/moody/Cislune/Cislune-RE-RASSOR/build/rover_control', 'catkin_cmake_args': None, 'catkin_skip_building_tests': False, 'cmake_args': None, 'cmake_clean_cache': False, 'cmake_clean_first': False, 'cmake_force_configure': False, 'cmake_target': None, 'cmake_target_skip_unavailable': False, 'install_base': '/home/moody/Cislune/Cislune-RE-RASSOR/install/rover_control', 'merge_install': False, 'path': '/home/moody/Cislune/Cislune-RE-RASSOR/src/rover_control', 'symlink_install': False, 'test_result_base': None}
[0.586s] Level 5:colcon.colcon_core.verb:set package 'rover_description' build argument 'cmake_args' from command line to 'None'
[0.586s] Level 5:colcon.colcon_core.verb:set package 'rover_description' build argument 'cmake_target' from command line to 'None'
[0.586s] Level 5:colcon.colcon_core.verb:set package 'rover_description' build argument 'cmake_target_skip_unavailable' from command line to 'False'
[0.586s] Level 5:colcon.colcon_core.verb:set package 'rover_description' build argument 'cmake_clean_cache' from command line to 'False'
[0.586s] Level 5:colcon.colcon_core.verb:set package 'rover_description' build argument 'cmake_clean_first' from command line to 'False'
[0.586s] Level 5:colcon.colcon_core.verb:set package 'rover_description' build argument 'cmake_force_configure' from command line to 'False'
[0.586s] Level 5:colcon.colcon_core.verb:set package 'rover_description' build argument 'ament_cmake_args' from command line to 'None'
[0.586s] Level 5:colcon.colcon_core.verb:set package 'rover_description' build argument 'catkin_cmake_args' from command line to 'None'
[0.587s] Level 5:colcon.colcon_core.verb:set package 'rover_description' build argument 'catkin_skip_building_tests' from command line to 'False'
[0.587s] DEBUG:colcon.colcon_core.verb:Building package 'rover_description' with the following arguments: {'ament_cmake_args': None, 'build_base': '/home/moody/Cislune/Cislune-RE-RASSOR/build/rover_description', 'catkin_cmake_args': None, 'catkin_skip_building_tests': False, 'cmake_args': None, 'cmake_clean_cache': False, 'cmake_clean_first': False, 'cmake_force_configure': False, 'cmake_target': None, 'cmake_target_skip_unavailable': False, 'install_base': '/home/moody/Cislune/Cislune-RE-RASSOR/install/rover_description', 'merge_install': False, 'path': '/home/moody/Cislune/Cislune-RE-RASSOR/src/rover_description', 'symlink_install': False, 'test_result_base': None}
[0.587s] Level 5:colcon.colcon_core.verb:set package 'rover_firmware' build argument 'cmake_args' from command line to 'None'
[0.587s] Level 5:colcon.colcon_core.verb:set package 'rover_firmware' build argument 'cmake_target' from command line to 'None'
[0.587s] Level 5:colcon.colcon_core.verb:set package 'rover_firmware' build argument 'cmake_target_skip_unavailable' from command line to 'False'
[0.587s] Level 5:colcon.colcon_core.verb:set package 'rover_firmware' build argument 'cmake_clean_cache' from command line to 'False'
[0.587s] Level 5:colcon.colcon_core.verb:set package 'rover_firmware' build argument 'cmake_clean_first' from command line to 'False'
[0.587s] Level 5:colcon.colcon_core.verb:set package 'rover_firmware' build argument 'cmake_force_configure' from command line to 'False'
[0.587s] Level 5:colcon.colcon_core.verb:set package 'rover_firmware' build argument 'ament_cmake_args' from command line to 'None'
[0.587s] Level 5:colcon.colcon_core.verb:set package 'rover_firmware' build argument 'catkin_cmake_args' from command line to 'None'
[0.587s] Level 5:colcon.colcon_core.verb:set package 'rover_firmware' build argument 'catkin_skip_building_tests' from command line to 'False'
[0.587s] DEBUG:colcon.colcon_core.verb:Building package 'rover_firmware' with the following arguments: {'ament_cmake_args': None, 'build_base': '/home/moody/Cislune/Cislune-RE-RASSOR/build/rover_firmware', 'catkin_cmake_args': None, 'catkin_skip_building_tests': False, 'cmake_args': None, 'cmake_clean_cache': False, 'cmake_clean_first': False, 'cmake_force_configure': False, 'cmake_target': None, 'cmake_target_skip_unavailable': False, 'install_base': '/home/moody/Cislune/Cislune-RE-RASSOR/install/rover_firmware', 'merge_install': False, 'path': '/home/moody/Cislune/Cislune-RE-RASSOR/src/rover_firmware', 'symlink_install': False, 'test_result_base': None}
[0.587s] Level 5:colcon.colcon_core.verb:set package 'rover_navigation' build argument 'cmake_args' from command line to 'None'
[0.587s] Level 5:colcon.colcon_core.verb:set package 'rover_navigation' build argument 'cmake_target' from command line to 'None'
[0.587s] Level 5:colcon.colcon_core.verb:set package 'rover_navigation' build argument 'cmake_target_skip_unavailable' from command line to 'False'
[0.587s] Level 5:colcon.colcon_core.verb:set package 'rover_navigation' build argument 'cmake_clean_cache' from command line to 'False'
[0.587s] Level 5:colcon.colcon_core.verb:set package 'rover_navigation' build argument 'cmake_clean_first' from command line to 'False'
[0.587s] Level 5:colcon.colcon_core.verb:set package 'rover_navigation' build argument 'cmake_force_configure' from command line to 'False'
[0.587s] Level 5:colcon.colcon_core.verb:set package 'rover_navigation' build argument 'ament_cmake_args' from command line to 'None'
[0.587s] Level 5:colcon.colcon_core.verb:set package 'rover_navigation' build argument 'catkin_cmake_args' from command line to 'None'
[0.587s] Level 5:colcon.colcon_core.verb:set package 'rover_navigation' build argument 'catkin_skip_building_tests' from command line to 'False'
[0.587s] DEBUG:colcon.colcon_core.verb:Building package 'rover_navigation' with the following arguments: {'ament_cmake_args': None, 'build_base': '/home/moody/Cislune/Cislune-RE-RASSOR/build/rover_navigation', 'catkin_cmake_args': None, 'catkin_skip_building_tests': False, 'cmake_args': None, 'cmake_clean_cache': False, 'cmake_clean_first': False, 'cmake_force_configure': False, 'cmake_target': None, 'cmake_target_skip_unavailable': False, 'install_base': '/home/moody/Cislune/Cislune-RE-RASSOR/install/rover_navigation', 'merge_install': False, 'path': '/home/moody/Cislune/Cislune-RE-RASSOR/src/rover_navigation', 'symlink_install': False, 'test_result_base': None}
[0.588s] Level 5:colcon.colcon_core.verb:set package 'rover_sim' build argument 'cmake_args' from command line to 'None'
[0.588s] Level 5:colcon.colcon_core.verb:set package 'rover_sim' build argument 'cmake_target' from command line to 'None'
[0.588s] Level 5:colcon.colcon_core.verb:set package 'rover_sim' build argument 'cmake_target_skip_unavailable' from command line to 'False'
[0.588s] Level 5:colcon.colcon_core.verb:set package 'rover_sim' build argument 'cmake_clean_cache' from command line to 'False'
[0.588s] Level 5:colcon.colcon_core.verb:set package 'rover_sim' build argument 'cmake_clean_first' from command line to 'False'
[0.588s] Level 5:colcon.colcon_core.verb:set package 'rover_sim' build argument 'cmake_force_configure' from command line to 'False'
[0.588s] Level 5:colcon.colcon_core.verb:set package 'rover_sim' build argument 'ament_cmake_args' from command line to 'None'
[0.588s] Level 5:colcon.colcon_core.verb:set package 'rover_sim' build argument 'catkin_cmake_args' from command line to 'None'
[0.588s] Level 5:colcon.colcon_core.verb:set package 'rover_sim' build argument 'catkin_skip_building_tests' from command line to 'False'
[0.588s] DEBUG:colcon.colcon_core.verb:Building package 'rover_sim' with the following arguments: {'ament_cmake_args': None, 'build_base': '/home/moody/Cislune/Cislune-RE-RASSOR/build/rover_sim', 'catkin_cmake_args': None, 'catkin_skip_building_tests': False, 'cmake_args': None, 'cmake_clean_cache': False, 'cmake_clean_first': False, 'cmake_force_configure': False, 'cmake_target': None, 'cmake_target_skip_unavailable': False, 'install_base': '/home/moody/Cislune/Cislune-RE-RASSOR/install/rover_sim', 'merge_install': False, 'path': '/home/moody/Cislune/Cislune-RE-RASSOR/src/rover_sim', 'symlink_install': False, 'test_result_base': None}
[0.588s] INFO:colcon.colcon_core.executor:Executing jobs using 'parallel' executor
[0.589s] DEBUG:colcon.colcon_parallel_executor.executor.parallel:run_until_complete
[0.589s] INFO:colcon.colcon_ros.task.ament_cmake.build:Building ROS package in '/home/moody/Cislune/Cislune-RE-RASSOR/src/rover_bringup' with build type 'ament_cmake'
[0.589s] INFO:colcon.colcon_cmake.task.cmake.build:Building CMake package in '/home/moody/Cislune/Cislune-RE-RASSOR/src/rover_bringup'
[0.594s] INFO:colcon.colcon_core.plugin_system:Skipping extension 'colcon_core.shell.bat': Not used on non-Windows systems
[0.594s] INFO:colcon.colcon_core.shell:Skip shell extension 'powershell' for command environment: Not usable outside of PowerShell
[0.594s] DEBUG:colcon.colcon_core.shell:Skip shell extension 'dsv' for command environment
[0.599s] INFO:colcon.colcon_ros.task.ament_cmake.build:Building ROS package in '/home/moody/Cislune/Cislune-RE-RASSOR/src/rover_control' with build type 'ament_cmake'
[0.599s] INFO:colcon.colcon_cmake.task.cmake.build:Building CMake package in '/home/moody/Cislune/Cislune-RE-RASSOR/src/rover_control'
[0.599s] INFO:colcon.colcon_core.shell:Skip shell extension 'powershell' for command environment: Not usable outside of PowerShell
[0.599s] DEBUG:colcon.colcon_core.shell:Skip shell extension 'dsv' for command environment
[0.604s] INFO:colcon.colcon_ros.task.ament_cmake.build:Building ROS package in '/home/moody/Cislune/Cislune-RE-RASSOR/src/rover_description' with build type 'ament_cmake'
[0.604s] INFO:colcon.colcon_cmake.task.cmake.build:Building CMake package in '/home/moody/Cislune/Cislune-RE-RASSOR/src/rover_description'
[0.604s] INFO:colcon.colcon_core.shell:Skip shell extension 'powershell' for command environment: Not usable outside of PowerShell
[0.604s] DEBUG:colcon.colcon_core.shell:Skip shell extension 'dsv' for command environment
[0.608s] INFO:colcon.colcon_ros.task.ament_cmake.build:Building ROS package in '/home/moody/Cislune/Cislune-RE-RASSOR/src/rover_firmware' with build type 'ament_cmake'
[0.608s] INFO:colcon.colcon_cmake.task.cmake.build:Building CMake package in '/home/moody/Cislune/Cislune-RE-RASSOR/src/rover_firmware'
[0.609s] INFO:colcon.colcon_core.shell:Skip shell extension 'powershell' for command environment: Not usable outside of PowerShell
[0.609s] DEBUG:colcon.colcon_core.shell:Skip shell extension 'dsv' for command environment
[0.612s] INFO:colcon.colcon_ros.task.ament_cmake.build:Building ROS package in '/home/moody/Cislune/Cislune-RE-RASSOR/src/rover_navigation' with build type 'ament_cmake'
[0.613s] INFO:colcon.colcon_cmake.task.cmake.build:Building CMake package in '/home/moody/Cislune/Cislune-RE-RASSOR/src/rover_navigation'
[0.613s] INFO:colcon.colcon_core.shell:Skip shell extension 'powershell' for command environment: Not usable outside of PowerShell
[0.613s] DEBUG:colcon.colcon_core.shell:Skip shell extension 'dsv' for command environment
[0.617s] INFO:colcon.colcon_ros.task.ament_cmake.build:Building ROS package in '/home/moody/Cislune/Cislune-RE-RASSOR/src/rover_sim' with build type 'ament_cmake'
[0.617s] INFO:colcon.colcon_cmake.task.cmake.build:Building CMake package in '/home/moody/Cislune/Cislune-RE-RASSOR/src/rover_sim'
[0.617s] INFO:colcon.colcon_core.shell:Skip shell extension 'powershell' for command environment: Not usable outside of PowerShell
[0.617s] DEBUG:colcon.colcon_core.shell:Skip shell extension 'dsv' for command environment
[0.628s] DEBUG:colcon.colcon_core.event_handler.log_command:Invoking command in '/home/moody/Cislune/Cislune-RE-RASSOR/build/rover_bringup': CMAKE_PREFIX_PATH=${CMAKE_PREFIX_PATH}:/opt/ros/jazzy /usr/bin/cmake --build /home/moody/Cislune/Cislune-RE-RASSOR/build/rover_bringup -- -j16 -l16
[0.632s] DEBUG:colcon.colcon_core.event_handler.log_command:Invoking command in '/home/moody/Cislune/Cislune-RE-RASSOR/build/rover_control': CMAKE_PREFIX_PATH=${CMAKE_PREFIX_PATH}:/opt/ros/jazzy /usr/bin/cmake --build /home/moody/Cislune/Cislune-RE-RASSOR/build/rover_control -- -j16 -l16
[0.635s] DEBUG:colcon.colcon_core.event_handler.log_command:Invoking command in '/home/moody/Cislune/Cislune-RE-RASSOR/build/rover_description': CMAKE_PREFIX_PATH=${CMAKE_PREFIX_PATH}:/opt/ros/jazzy /usr/bin/cmake --build /home/moody/Cislune/Cislune-RE-RASSOR/build/rover_description -- -j16 -l16
[0.637s] DEBUG:colcon.colcon_core.event_handler.log_command:Invoking command in '/home/moody/Cislune/Cislune-RE-RASSOR/build/rover_firmware': CMAKE_PREFIX_PATH=${CMAKE_PREFIX_PATH}:/opt/ros/jazzy /usr/bin/cmake --build /home/moody/Cislune/Cislune-RE-RASSOR/build/rover_firmware -- -j16 -l16
[0.639s] DEBUG:colcon.colcon_core.event_handler.log_command:Invoking command in '/home/moody/Cislune/Cislune-RE-RASSOR/build/rover_navigation': CMAKE_PREFIX_PATH=${CMAKE_PREFIX_PATH}:/opt/ros/jazzy /usr/bin/cmake --build /home/moody/Cislune/Cislune-RE-RASSOR/build/rover_navigation -- -j16 -l16
[0.647s] DEBUG:colcon.colcon_core.event_handler.log_command:Invoking command in '/home/moody/Cislune/Cislune-RE-RASSOR/build/rover_sim': CMAKE_PREFIX_PATH=${CMAKE_PREFIX_PATH}:/opt/ros/jazzy /usr/bin/cmake --build /home/moody/Cislune/Cislune-RE-RASSOR/build/rover_sim -- -j16 -l16
[0.743s] DEBUG:colcon.colcon_core.event_handler.log_command:Invoked command in '/home/moody/Cislune/Cislune-RE-RASSOR/build/rover_description' returned '0': CMAKE_PREFIX_PATH=${CMAKE_PREFIX_PATH}:/opt/ros/jazzy /usr/bin/cmake --build /home/moody/Cislune/Cislune-RE-RASSOR/build/rover_description -- -j16 -l16
[0.756s] DEBUG:colcon.colcon_core.event_handler.log_command:Invoking command in '/home/moody/Cislune/Cislune-RE-RASSOR/build/rover_description': CMAKE_PREFIX_PATH=${CMAKE_PREFIX_PATH}:/opt/ros/jazzy /usr/bin/cmake --install /home/moody/Cislune/Cislune-RE-RASSOR/build/rover_description
[0.757s] DEBUG:colcon.colcon_core.event_handler.log_command:Invoked command in '/home/moody/Cislune/Cislune-RE-RASSOR/build/rover_control' returned '0': CMAKE_PREFIX_PATH=${CMAKE_PREFIX_PATH}:/opt/ros/jazzy /usr/bin/cmake --build /home/moody/Cislune/Cislune-RE-RASSOR/build/rover_control -- -j16 -l16
[0.759s] DEBUG:colcon.colcon_core.event_handler.log_command:Invoking command in '/home/moody/Cislune/Cislune-RE-RASSOR/build/rover_control': CMAKE_PREFIX_PATH=${CMAKE_PREFIX_PATH}:/opt/ros/jazzy /usr/bin/cmake --install /home/moody/Cislune/Cislune-RE-RASSOR/build/rover_control
[0.759s] DEBUG:colcon.colcon_core.event_handler.log_command:Invoked command in '/home/moody/Cislune/Cislune-RE-RASSOR/build/rover_sim' returned '0': CMAKE_PREFIX_PATH=${CMAKE_PREFIX_PATH}:/opt/ros/jazzy /usr/bin/cmake --build /home/moody/Cislune/Cislune-RE-RASSOR/build/rover_sim -- -j16 -l16
[0.761s] DEBUG:colcon.colcon_core.event_handler.log_command:Invoking command in '/home/moody/Cislune/Cislune-RE-RASSOR/build/rover_sim': CMAKE_PREFIX_PATH=${CMAKE_PREFIX_PATH}:/opt/ros/jazzy /usr/bin/cmake --install /home/moody/Cislune/Cislune-RE-RASSOR/build/rover_sim
[0.761s] DEBUG:colcon.colcon_core.event_handler.log_command:Invoked command in '/home/moody/Cislune/Cislune-RE-RASSOR/build/rover_firmware' returned '0': CMAKE_PREFIX_PATH=${CMAKE_PREFIX_PATH}:/opt/ros/jazzy /usr/bin/cmake --build /home/moody/Cislune/Cislune-RE-RASSOR/build/rover_firmware -- -j16 -l16
[0.763s] DEBUG:colcon.colcon_core.event_handler.log_command:Invoking command in '/home/moody/Cislune/Cislune-RE-RASSOR/build/rover_firmware': CMAKE_PREFIX_PATH=${CMAKE_PREFIX_PATH}:/opt/ros/jazzy /usr/bin/cmake --install /home/moody/Cislune/Cislune-RE-RASSOR/build/rover_firmware
[0.766s] DEBUG:colcon.colcon_core.event_handler.log_command:Invoked command in '/home/moody/Cislune/Cislune-RE-RASSOR/build/rover_bringup' returned '0': CMAKE_PREFIX_PATH=${CMAKE_PREFIX_PATH}:/opt/ros/jazzy /usr/bin/cmake --build /home/moody/Cislune/Cislune-RE-RASSOR/build/rover_bringup -- -j16 -l16
[0.783s] DEBUG:colcon.colcon_core.event_handler.log_command:Invoking command in '/home/moody/Cislune/Cislune-RE-RASSOR/build/rover_bringup': CMAKE_PREFIX_PATH=${CMAKE_PREFIX_PATH}:/opt/ros/jazzy /usr/bin/cmake --install /home/moody/Cislune/Cislune-RE-RASSOR/build/rover_bringup
[0.787s] Level 1:colcon.colcon_core.environment:create_environment_scripts_only(rover_description)
[0.788s] DEBUG:colcon.colcon_core.event_handler.log_command:Invoked command in '/home/moody/Cislune/Cislune-RE-RASSOR/build/rover_navigation' returned '0': CMAKE_PREFIX_PATH=${CMAKE_PREFIX_PATH}:/opt/ros/jazzy /usr/bin/cmake --build /home/moody/Cislune/Cislune-RE-RASSOR/build/rover_navigation -- -j16 -l16
[0.795s] DEBUG:colcon.colcon_core.event_handler.log_command:Invoking command in '/home/moody/Cislune/Cislune-RE-RASSOR/build/rover_navigation': CMAKE_PREFIX_PATH=${CMAKE_PREFIX_PATH}:/opt/ros/jazzy /usr/bin/cmake --install /home/moody/Cislune/Cislune-RE-RASSOR/build/rover_navigation
[0.800s] DEBUG:colcon.colcon_core.event_handler.log_command:Invoked command in '/home/moody/Cislune/Cislune-RE-RASSOR/build/rover_description' returned '0': CMAKE_PREFIX_PATH=${CMAKE_PREFIX_PATH}:/opt/ros/jazzy /usr/bin/cmake --install /home/moody/Cislune/Cislune-RE-RASSOR/build/rover_description
[0.808s] Level 1:colcon.colcon_core.environment:checking '/home/moody/Cislune/Cislune-RE-RASSOR/install/rover_description' for CMake module files
[0.808s] Level 1:colcon.colcon_core.environment:checking '/home/moody/Cislune/Cislune-RE-RASSOR/install/rover_description' for CMake config files
[0.812s] Level 1:colcon.colcon_core.shell:create_environment_hook('rover_description', 'cmake_prefix_path')
[0.812s] INFO:colcon.colcon_core.shell:Creating environment hook '/home/moody/Cislune/Cislune-RE-RASSOR/install/rover_description/share/rover_description/hook/cmake_prefix_path.ps1'
[0.813s] INFO:colcon.colcon_core.shell:Creating environment descriptor '/home/moody/Cislune/Cislune-RE-RASSOR/install/rover_description/share/rover_description/hook/cmake_prefix_path.dsv'
[0.814s] INFO:colcon.colcon_core.shell:Creating environment hook '/home/moody/Cislune/Cislune-RE-RASSOR/install/rover_description/share/rover_description/hook/cmake_prefix_path.sh'
[0.815s] Level 1:colcon.colcon_core.environment:checking '/home/moody/Cislune/Cislune-RE-RASSOR/install/rover_description/bin'
[0.815s] Level 1:colcon.colcon_core.environment:checking '/home/moody/Cislune/Cislune-RE-RASSOR/install/rover_description/lib/pkgconfig/rover_description.pc'
[0.815s] Level 1:colcon.colcon_core.environment:checking '/home/moody/Cislune/Cislune-RE-RASSOR/install/rover_description/lib/python3.12/site-packages'
[0.815s] Level 1:colcon.colcon_core.environment:checking '/home/moody/Cislune/Cislune-RE-RASSOR/install/rover_description/bin'
[0.816s] INFO:colcon.colcon_core.shell:Creating package script '/home/moody/Cislune/Cislune-RE-RASSOR/install/rover_description/share/rover_description/package.ps1'
[0.817s] INFO:colcon.colcon_core.shell:Creating package descriptor '/home/moody/Cislune/Cislune-RE-RASSOR/install/rover_description/share/rover_description/package.dsv'
[0.818s] INFO:colcon.colcon_core.shell:Creating package script '/home/moody/Cislune/Cislune-RE-RASSOR/install/rover_description/share/rover_description/package.sh'
[0.818s] INFO:colcon.colcon_core.shell:Creating package script '/home/moody/Cislune/Cislune-RE-RASSOR/install/rover_description/share/rover_description/package.bash'
[0.819s] INFO:colcon.colcon_core.shell:Creating package script '/home/moody/Cislune/Cislune-RE-RASSOR/install/rover_description/share/rover_description/package.zsh'
[0.820s] Level 1:colcon.colcon_core.environment:create_file_with_runtime_dependencies(/home/moody/Cislune/Cislune-RE-RASSOR/install/rover_description/share/colcon-core/packages/rover_description)
[0.820s] Level 1:colcon.colcon_core.environment:create_environment_scripts_only(rover_description)
[0.821s] Level 1:colcon.colcon_core.environment:checking '/home/moody/Cislune/Cislune-RE-RASSOR/install/rover_description' for CMake module files
[0.821s] Level 1:colcon.colcon_core.environment:checking '/home/moody/Cislune/Cislune-RE-RASSOR/install/rover_description' for CMake config files
[0.821s] Level 1:colcon.colcon_core.shell:create_environment_hook('rover_description', 'cmake_prefix_path')
[0.822s] INFO:colcon.colcon_core.shell:Creating environment hook '/home/moody/Cislune/Cislune-RE-RASSOR/install/rover_description/share/rover_description/hook/cmake_prefix_path.ps1'
[0.822s] INFO:colcon.colcon_core.shell:Creating environment descriptor '/home/moody/Cislune/Cislune-RE-RASSOR/install/rover_description/share/rover_description/hook/cmake_prefix_path.dsv'
[0.822s] INFO:colcon.colcon_core.shell:Creating environment hook '/home/moody/Cislune/Cislune-RE-RASSOR/install/rover_description/share/rover_description/hook/cmake_prefix_path.sh'
[0.823s] Level 1:colcon.colcon_core.environment:checking '/home/moody/Cislune/Cislune-RE-RASSOR/install/rover_description/bin'
[0.823s] Level 1:colcon.colcon_core.environment:checking '/home/moody/Cislune/Cislune-RE-RASSOR/install/rover_description/lib/pkgconfig/rover_description.pc'
[0.823s] Level 1:colcon.colcon_core.environment:checking '/home/moody/Cislune/Cislune-RE-RASSOR/install/rover_description/lib/python3.12/site-packages'
[0.823s] Level 1:colcon.colcon_core.environment:checking '/home/moody/Cislune/Cislune-RE-RASSOR/install/rover_description/bin'
[0.824s] INFO:colcon.colcon_core.shell:Creating package script '/home/moody/Cislune/Cislune-RE-RASSOR/install/rover_description/share/rover_description/package.ps1'
[0.824s] INFO:colcon.colcon_core.shell:Creating package descriptor '/home/moody/Cislune/Cislune-RE-RASSOR/install/rover_description/share/rover_description/package.dsv'
[0.825s] INFO:colcon.colcon_core.shell:Creating package script '/home/moody/Cislune/Cislune-RE-RASSOR/install/rover_description/share/rover_description/package.sh'
[0.826s] INFO:colcon.colcon_core.shell:Creating package script '/home/moody/Cislune/Cislune-RE-RASSOR/install/rover_description/share/rover_description/package.bash'
[0.826s] INFO:colcon.colcon_core.shell:Creating package script '/home/moody/Cislune/Cislune-RE-RASSOR/install/rover_description/share/rover_description/package.zsh'
[0.827s] Level 1:colcon.colcon_core.environment:create_file_with_runtime_dependencies(/home/moody/Cislune/Cislune-RE-RASSOR/install/rover_description/share/colcon-core/packages/rover_description)
[0.827s] Level 1:colcon.colcon_core.environment:create_environment_scripts_only(rover_control)
[0.828s] Level 1:colcon.colcon_core.environment:checking '/home/moody/Cislune/Cislune-RE-RASSOR/install/rover_control' for CMake module files
[0.829s] DEBUG:colcon.colcon_core.event_handler.log_command:Invoked command in '/home/moody/Cislune/Cislune-RE-RASSOR/build/rover_control' returned '0': CMAKE_PREFIX_PATH=${CMAKE_PREFIX_PATH}:/opt/ros/jazzy /usr/bin/cmake --install /home/moody/Cislune/Cislune-RE-RASSOR/build/rover_control
[0.830s] Level 1:colcon.colcon_core.environment:checking '/home/moody/Cislune/Cislune-RE-RASSOR/install/rover_control' for CMake config files
[0.833s] Level 1:colcon.colcon_core.shell:create_environment_hook('rover_control', 'cmake_prefix_path')
[0.833s] INFO:colcon.colcon_core.shell:Creating environment hook '/home/moody/Cislune/Cislune-RE-RASSOR/install/rover_control/share/rover_control/hook/cmake_prefix_path.ps1'
[0.834s] INFO:colcon.colcon_core.shell:Creating environment descriptor '/home/moody/Cislune/Cislune-RE-RASSOR/install/rover_control/share/rover_control/hook/cmake_prefix_path.dsv'
[0.834s] INFO:colcon.colcon_core.shell:Creating environment hook '/home/moody/Cislune/Cislune-RE-RASSOR/install/rover_control/share/rover_control/hook/cmake_prefix_path.sh'
[0.835s] Level 1:colcon.colcon_core.environment:checking '/home/moody/Cislune/Cislune-RE-RASSOR/install/rover_control/bin'
[0.835s] Level 1:colcon.colcon_core.environment:checking '/home/moody/Cislune/Cislune-RE-RASSOR/install/rover_control/lib/pkgconfig/rover_control.pc'
[0.835s] Level 1:colcon.colcon_core.environment:checking '/home/moody/Cislune/Cislune-RE-RASSOR/install/rover_control/lib/python3.12/site-packages'
[0.835s] Level 1:colcon.colcon_core.environment:checking '/home/moody/Cislune/Cislune-RE-RASSOR/install/rover_control/bin'
[0.835s] INFO:colcon.colcon_core.shell:Creating package script '/home/moody/Cislune/Cislune-RE-RASSOR/install/rover_control/share/rover_control/package.ps1'
[0.836s] INFO:colcon.colcon_core.shell:Creating package descriptor '/home/moody/Cislune/Cislune-RE-RASSOR/install/rover_control/share/rover_control/package.dsv'
[0.836s] INFO:colcon.colcon_core.shell:Creating package script '/home/moody/Cislune/Cislune-RE-RASSOR/install/rover_control/share/rover_control/package.sh'
[0.837s] INFO:colcon.colcon_core.shell:Creating package script '/home/moody/Cislune/Cislune-RE-RASSOR/install/rover_control/share/rover_control/package.bash'
[0.838s] INFO:colcon.colcon_core.shell:Creating package script '/home/moody/Cislune/Cislune-RE-RASSOR/install/rover_control/share/rover_control/package.zsh'
[0.838s] Level 1:colcon.colcon_core.environment:create_file_with_runtime_dependencies(/home/moody/Cislune/Cislune-RE-RASSOR/install/rover_control/share/colcon-core/packages/rover_control)
[0.839s] Level 1:colcon.colcon_core.environment:create_environment_scripts_only(rover_control)
[0.839s] Level 1:colcon.colcon_core.environment:checking '/home/moody/Cislune/Cislune-RE-RASSOR/install/rover_control' for CMake module files
[0.840s] Level 1:colcon.colcon_core.environment:checking '/home/moody/Cislune/Cislune-RE-RASSOR/install/rover_control' for CMake config files
[0.840s] Level 1:colcon.colcon_core.shell:create_environment_hook('rover_control', 'cmake_prefix_path')
[0.840s] INFO:colcon.colcon_core.shell:Creating environment hook '/home/moody/Cislune/Cislune-RE-RASSOR/install/rover_control/share/rover_control/hook/cmake_prefix_path.ps1'
[0.841s] INFO:colcon.colcon_core.shell:Creating environment descriptor '/home/moody/Cislune/Cislune-RE-RASSOR/install/rover_control/share/rover_control/hook/cmake_prefix_path.dsv'
[0.841s] INFO:colcon.colcon_core.shell:Creating environment hook '/home/moody/Cislune/Cislune-RE-RASSOR/install/rover_control/share/rover_control/hook/cmake_prefix_path.sh'
[0.842s] Level 1:colcon.colcon_core.environment:checking '/home/moody/Cislune/Cislune-RE-RASSOR/install/rover_control/bin'
[0.842s] Level 1:colcon.colcon_core.environment:checking '/home/moody/Cislune/Cislune-RE-RASSOR/install/rover_control/lib/pkgconfig/rover_control.pc'
[0.842s] Level 1:colcon.colcon_core.environment:checking '/home/moody/Cislune/Cislune-RE-RASSOR/install/rover_control/lib/python3.12/site-packages'
[0.842s] Level 1:colcon.colcon_core.environment:checking '/home/moody/Cislune/Cislune-RE-RASSOR/install/rover_control/bin'
[0.843s] INFO:colcon.colcon_core.shell:Creating package script '/home/moody/Cislune/Cislune-RE-RASSOR/install/rover_control/share/rover_control/package.ps1'
[0.843s] INFO:colcon.colcon_core.shell:Creating package descriptor '/home/moody/Cislune/Cislune-RE-RASSOR/install/rover_control/share/rover_control/package.dsv'
[0.844s] INFO:colcon.colcon_core.shell:Creating package script '/home/moody/Cislune/Cislune-RE-RASSOR/install/rover_control/share/rover_control/package.sh'
[0.844s] INFO:colcon.colcon_core.shell:Creating package script '/home/moody/Cislune/Cislune-RE-RASSOR/install/rover_control/share/rover_control/package.bash'
[0.845s] INFO:colcon.colcon_core.shell:Creating package script '/home/moody/Cislune/Cislune-RE-RASSOR/install/rover_control/share/rover_control/package.zsh'
[0.845s] Level 1:colcon.colcon_core.environment:create_file_with_runtime_dependencies(/home/moody/Cislune/Cislune-RE-RASSOR/install/rover_control/share/colcon-core/packages/rover_control)
[0.845s] Level 1:colcon.colcon_core.environment:create_environment_scripts_only(rover_sim)
[0.846s] Level 1:colcon.colcon_core.environment:checking '/home/moody/Cislune/Cislune-RE-RASSOR/install/rover_sim' for CMake module files
[0.848s] Level 1:colcon.colcon_core.environment:checking '/home/moody/Cislune/Cislune-RE-RASSOR/install/rover_sim' for CMake config files
[0.848s] DEBUG:colcon.colcon_core.event_handler.log_command:Invoked command in '/home/moody/Cislune/Cislune-RE-RASSOR/build/rover_sim' returned '0': CMAKE_PREFIX_PATH=${CMAKE_PREFIX_PATH}:/opt/ros/jazzy /usr/bin/cmake --install /home/moody/Cislune/Cislune-RE-RASSOR/build/rover_sim
[0.850s] Level 1:colcon.colcon_core.shell:create_environment_hook('rover_sim', 'cmake_prefix_path')
[0.850s] INFO:colcon.colcon_core.shell:Creating environment hook '/home/moody/Cislune/Cislune-RE-RASSOR/install/rover_sim/share/rover_sim/hook/cmake_prefix_path.ps1'
[0.851s] INFO:colcon.colcon_core.shell:Creating environment descriptor '/home/moody/Cislune/Cislune-RE-RASSOR/install/rover_sim/share/rover_sim/hook/cmake_prefix_path.dsv'
[0.851s] INFO:colcon.colcon_core.shell:Creating environment hook '/home/moody/Cislune/Cislune-RE-RASSOR/install/rover_sim/share/rover_sim/hook/cmake_prefix_path.sh'
[0.852s] Level 1:colcon.colcon_core.environment:checking '/home/moody/Cislune/Cislune-RE-RASSOR/install/rover_sim/bin'
[0.852s] Level 1:colcon.colcon_core.environment:checking '/home/moody/Cislune/Cislune-RE-RASSOR/install/rover_sim/lib/pkgconfig/rover_sim.pc'
[0.852s] Level 1:colcon.colcon_core.environment:checking '/home/moody/Cislune/Cislune-RE-RASSOR/install/rover_sim/lib/python3.12/site-packages'
[0.853s] Level 1:colcon.colcon_core.environment:checking '/home/moody/Cislune/Cislune-RE-RASSOR/install/rover_sim/bin'
[0.853s] INFO:colcon.colcon_core.shell:Creating package script '/home/moody/Cislune/Cislune-RE-RASSOR/install/rover_sim/share/rover_sim/package.ps1'
[0.853s] INFO:colcon.colcon_core.shell:Creating package descriptor '/home/moody/Cislune/Cislune-RE-RASSOR/install/rover_sim/share/rover_sim/package.dsv'
[0.854s] INFO:colcon.colcon_core.shell:Creating package script '/home/moody/Cislune/Cislune-RE-RASSOR/install/rover_sim/share/rover_sim/package.sh'
[0.854s] INFO:colcon.colcon_core.shell:Creating package script '/home/moody/Cislune/Cislune-RE-RASSOR/install/rover_sim/share/rover_sim/package.bash'
[0.854s] INFO:colcon.colcon_core.shell:Creating package script '/home/moody/Cislune/Cislune-RE-RASSOR/install/rover_sim/share/rover_sim/package.zsh'
[0.855s] Level 1:colcon.colcon_core.environment:create_file_with_runtime_dependencies(/home/moody/Cislune/Cislune-RE-RASSOR/install/rover_sim/share/colcon-core/packages/rover_sim)
[0.855s] Level 1:colcon.colcon_core.environment:create_environment_scripts_only(rover_sim)
[0.855s] Level 1:colcon.colcon_core.environment:checking '/home/moody/Cislune/Cislune-RE-RASSOR/install/rover_sim' for CMake module files
[0.856s] Level 1:colcon.colcon_core.environment:checking '/home/moody/Cislune/Cislune-RE-RASSOR/install/rover_sim' for CMake config files
[0.856s] Level 1:colcon.colcon_core.shell:create_environment_hook('rover_sim', 'cmake_prefix_path')
[0.856s] INFO:colcon.colcon_core.shell:Creating environment hook '/home/moody/Cislune/Cislune-RE-RASSOR/install/rover_sim/share/rover_sim/hook/cmake_prefix_path.ps1'
[0.857s] INFO:colcon.colcon_core.shell:Creating environment descriptor '/home/moody/Cislune/Cislune-RE-RASSOR/install/rover_sim/share/rover_sim/hook/cmake_prefix_path.dsv'
[0.858s] INFO:colcon.colcon_core.shell:Creating environment hook '/home/moody/Cislune/Cislune-RE-RASSOR/install/rover_sim/share/rover_sim/hook/cmake_prefix_path.sh'
[0.858s] Level 1:colcon.colcon_core.environment:checking '/home/moody/Cislune/Cislune-RE-RASSOR/install/rover_sim/bin'
[0.858s] Level 1:colcon.colcon_core.environment:checking '/home/moody/Cislune/Cislune-RE-RASSOR/install/rover_sim/lib/pkgconfig/rover_sim.pc'
[0.859s] Level 1:colcon.colcon_core.environment:checking '/home/moody/Cislune/Cislune-RE-RASSOR/install/rover_sim/lib/python3.12/site-packages'
[0.859s] Level 1:colcon.colcon_core.environment:checking '/home/moody/Cislune/Cislune-RE-RASSOR/install/rover_sim/bin'
[0.859s] INFO:colcon.colcon_core.shell:Creating package script '/home/moody/Cislune/Cislune-RE-RASSOR/install/rover_sim/share/rover_sim/package.ps1'
[0.860s] INFO:colcon.colcon_core.shell:Creating package descriptor '/home/moody/Cislune/Cislune-RE-RASSOR/install/rover_sim/share/rover_sim/package.dsv'
[0.860s] INFO:colcon.colcon_core.shell:Creating package script '/home/moody/Cislune/Cislune-RE-RASSOR/install/rover_sim/share/rover_sim/package.sh'
[0.860s] INFO:colcon.colcon_core.shell:Creating package script '/home/moody/Cislune/Cislune-RE-RASSOR/install/rover_sim/share/rover_sim/package.bash'
[0.861s] INFO:colcon.colcon_core.shell:Creating package script '/home/moody/Cislune/Cislune-RE-RASSOR/install/rover_sim/share/rover_sim/package.zsh'
[0.861s] Level 1:colcon.colcon_core.environment:create_file_with_runtime_dependencies(/home/moody/Cislune/Cislune-RE-RASSOR/install/rover_sim/share/colcon-core/packages/rover_sim)
[0.863s] Level 1:colcon.colcon_core.environment:create_environment_scripts_only(rover_firmware)
[0.863s] Level 1:colcon.colcon_core.environment:checking '/home/moody/Cislune/Cislune-RE-RASSOR/install/rover_firmware' for CMake module files
[0.864s] DEBUG:colcon.colcon_core.event_handler.log_command:Invoked command in '/home/moody/Cislune/Cislune-RE-RASSOR/build/rover_firmware' returned '0': CMAKE_PREFIX_PATH=${CMAKE_PREFIX_PATH}:/opt/ros/jazzy /usr/bin/cmake --install /home/moody/Cislune/Cislune-RE-RASSOR/build/rover_firmware
[0.865s] Level 1:colcon.colcon_core.environment:checking '/home/moody/Cislune/Cislune-RE-RASSOR/install/rover_firmware' for CMake config files
[0.867s] Level 1:colcon.colcon_core.shell:create_environment_hook('rover_firmware', 'cmake_prefix_path')
[0.867s] INFO:colcon.colcon_core.shell:Creating environment hook '/home/moody/Cislune/Cislune-RE-RASSOR/install/rover_firmware/share/rover_firmware/hook/cmake_prefix_path.ps1'
[0.867s] INFO:colcon.colcon_core.shell:Creating environment descriptor '/home/moody/Cislune/Cislune-RE-RASSOR/install/rover_firmware/share/rover_firmware/hook/cmake_prefix_path.dsv'
[0.868s] INFO:colcon.colcon_core.shell:Creating environment hook '/home/moody/Cislune/Cislune-RE-RASSOR/install/rover_firmware/share/rover_firmware/hook/cmake_prefix_path.sh'
[0.868s] Level 1:colcon.colcon_core.environment:checking '/home/moody/Cislune/Cislune-RE-RASSOR/install/rover_firmware/bin'
[0.868s] Level 1:colcon.colcon_core.environment:checking '/home/moody/Cislune/Cislune-RE-RASSOR/install/rover_firmware/lib/pkgconfig/rover_firmware.pc'
[0.869s] Level 1:colcon.colcon_core.environment:checking '/home/moody/Cislune/Cislune-RE-RASSOR/install/rover_firmware/lib/python3.12/site-packages'
[0.869s] Level 1:colcon.colcon_core.environment:checking '/home/moody/Cislune/Cislune-RE-RASSOR/install/rover_firmware/bin'
[0.869s] INFO:colcon.colcon_core.shell:Creating package script '/home/moody/Cislune/Cislune-RE-RASSOR/install/rover_firmware/share/rover_firmware/package.ps1'
[0.869s] INFO:colcon.colcon_core.shell:Creating package descriptor '/home/moody/Cislune/Cislune-RE-RASSOR/install/rover_firmware/share/rover_firmware/package.dsv'
[0.870s] INFO:colcon.colcon_core.shell:Creating package script '/home/moody/Cislune/Cislune-RE-RASSOR/install/rover_firmware/share/rover_firmware/package.sh'
[0.870s] INFO:colcon.colcon_core.shell:Creating package script '/home/moody/Cislune/Cislune-RE-RASSOR/install/rover_firmware/share/rover_firmware/package.bash'
[0.871s] INFO:colcon.colcon_core.shell:Creating package script '/home/moody/Cislune/Cislune-RE-RASSOR/install/rover_firmware/share/rover_firmware/package.zsh'
[0.871s] Level 1:colcon.colcon_core.environment:create_file_with_runtime_dependencies(/home/moody/Cislune/Cislune-RE-RASSOR/install/rover_firmware/share/colcon-core/packages/rover_firmware)
[0.871s] Level 1:colcon.colcon_core.environment:create_environment_scripts_only(rover_firmware)
[0.872s] Level 1:colcon.colcon_core.environment:checking '/home/moody/Cislune/Cislune-RE-RASSOR/install/rover_firmware' for CMake module files
[0.872s] Level 1:colcon.colcon_core.environment:checking '/home/moody/Cislune/Cislune-RE-RASSOR/install/rover_firmware' for CMake config files
[0.872s] Level 1:colcon.colcon_core.shell:create_environment_hook('rover_firmware', 'cmake_prefix_path')
[0.872s] INFO:colcon.colcon_core.shell:Creating environment hook '/home/moody/Cislune/Cislune-RE-RASSOR/install/rover_firmware/share/rover_firmware/hook/cmake_prefix_path.ps1'
[0.873s] INFO:colcon.colcon_core.shell:Creating environment descriptor '/home/moody/Cislune/Cislune-RE-RASSOR/install/rover_firmware/share/rover_firmware/hook/cmake_prefix_path.dsv'
[0.873s] INFO:colcon.colcon_core.shell:Creating environment hook '/home/moody/Cislune/Cislune-RE-RASSOR/install/rover_firmware/share/rover_firmware/hook/cmake_prefix_path.sh'
[0.874s] Level 1:colcon.colcon_core.environment:checking '/home/moody/Cislune/Cislune-RE-RASSOR/install/rover_firmware/bin'
[0.874s] Level 1:colcon.colcon_core.environment:checking '/home/moody/Cislune/Cislune-RE-RASSOR/install/rover_firmware/lib/pkgconfig/rover_firmware.pc'
[0.874s] Level 1:colcon.colcon_core.environment:checking '/home/moody/Cislune/Cislune-RE-RASSOR/install/rover_firmware/lib/python3.12/site-packages'
[0.874s] Level 1:colcon.colcon_core.environment:checking '/home/moody/Cislune/Cislune-RE-RASSOR/install/rover_firmware/bin'
[0.874s] INFO:colcon.colcon_core.shell:Creating package script '/home/moody/Cislune/Cislune-RE-RASSOR/install/rover_firmware/share/rover_firmware/package.ps1'
[0.875s] INFO:colcon.colcon_core.shell:Creating package descriptor '/home/moody/Cislune/Cislune-RE-RASSOR/install/rover_firmware/share/rover_firmware/package.dsv'
[0.875s] INFO:colcon.colcon_core.shell:Creating package script '/home/moody/Cislune/Cislune-RE-RASSOR/install/rover_firmware/share/rover_firmware/package.sh'
[0.876s] INFO:colcon.colcon_core.shell:Creating package script '/home/moody/Cislune/Cislune-RE-RASSOR/install/rover_firmware/share/rover_firmware/package.bash'
[0.876s] INFO:colcon.colcon_core.shell:Creating package script '/home/moody/Cislune/Cislune-RE-RASSOR/install/rover_firmware/share/rover_firmware/package.zsh'
[0.876s] Level 1:colcon.colcon_core.environment:create_file_with_runtime_dependencies(/home/moody/Cislune/Cislune-RE-RASSOR/install/rover_firmware/share/colcon-core/packages/rover_firmware)
[0.878s] Level 1:colcon.colcon_core.environment:create_environment_scripts_only(rover_bringup)
[0.879s] Level 1:colcon.colcon_core.environment:checking '/home/moody/Cislune/Cislune-RE-RASSOR/install/rover_bringup' for CMake module files
[0.880s] DEBUG:colcon.colcon_core.event_handler.log_command:Invoked command in '/home/moody/Cislune/Cislune-RE-RASSOR/build/rover_bringup' returned '0': CMAKE_PREFIX_PATH=${CMAKE_PREFIX_PATH}:/opt/ros/jazzy /usr/bin/cmake --install /home/moody/Cislune/Cislune-RE-RASSOR/build/rover_bringup
[0.881s] Level 1:colcon.colcon_core.environment:checking '/home/moody/Cislune/Cislune-RE-RASSOR/install/rover_bringup' for CMake config files
[0.883s] Level 1:colcon.colcon_core.shell:create_environment_hook('rover_bringup', 'cmake_prefix_path')
[0.883s] INFO:colcon.colcon_core.shell:Creating environment hook '/home/moody/Cislune/Cislune-RE-RASSOR/install/rover_bringup/share/rover_bringup/hook/cmake_prefix_path.ps1'
[0.884s] INFO:colcon.colcon_core.shell:Creating environment descriptor '/home/moody/Cislune/Cislune-RE-RASSOR/install/rover_bringup/share/rover_bringup/hook/cmake_prefix_path.dsv'
[0.884s] INFO:colcon.colcon_core.shell:Creating environment hook '/home/moody/Cislune/Cislune-RE-RASSOR/install/rover_bringup/share/rover_bringup/hook/cmake_prefix_path.sh'
[0.885s] Level 1:colcon.colcon_core.environment:checking '/home/moody/Cislune/Cislune-RE-RASSOR/install/rover_bringup/bin'
[0.885s] Level 1:colcon.colcon_core.environment:checking '/home/moody/Cislune/Cislune-RE-RASSOR/install/rover_bringup/lib/pkgconfig/rover_bringup.pc'
[0.885s] Level 1:colcon.colcon_core.environment:checking '/home/moody/Cislune/Cislune-RE-RASSOR/install/rover_bringup/lib/python3.12/site-packages'
[0.885s] Level 1:colcon.colcon_core.environment:checking '/home/moody/Cislune/Cislune-RE-RASSOR/install/rover_bringup/bin'
[0.885s] INFO:colcon.colcon_core.shell:Creating package script '/home/moody/Cislune/Cislune-RE-RASSOR/install/rover_bringup/share/rover_bringup/package.ps1'
[0.886s] INFO:colcon.colcon_core.shell:Creating package descriptor '/home/moody/Cislune/Cislune-RE-RASSOR/install/rover_bringup/share/rover_bringup/package.dsv'
[0.887s] INFO:colcon.colcon_core.shell:Creating package script '/home/moody/Cislune/Cislune-RE-RASSOR/install/rover_bringup/share/rover_bringup/package.sh'
[0.887s] INFO:colcon.colcon_core.shell:Creating package script '/home/moody/Cislune/Cislune-RE-RASSOR/install/rover_bringup/share/rover_bringup/package.bash'
[0.888s] INFO:colcon.colcon_core.shell:Creating package script '/home/moody/Cislune/Cislune-RE-RASSOR/install/rover_bringup/share/rover_bringup/package.zsh'
[0.888s] Level 1:colcon.colcon_core.environment:create_file_with_runtime_dependencies(/home/moody/Cislune/Cislune-RE-RASSOR/install/rover_bringup/share/colcon-core/packages/rover_bringup)
[0.889s] Level 1:colcon.colcon_core.environment:create_environment_scripts_only(rover_bringup)
[0.889s] Level 1:colcon.colcon_core.environment:checking '/home/moody/Cislune/Cislune-RE-RASSOR/install/rover_bringup' for CMake module files
[0.890s] Level 1:colcon.colcon_core.environment:checking '/home/moody/Cislune/Cislune-RE-RASSOR/install/rover_bringup' for CMake config files
[0.890s] Level 1:colcon.colcon_core.shell:create_environment_hook('rover_bringup', 'cmake_prefix_path')
[0.890s] INFO:colcon.colcon_core.shell:Creating environment hook '/home/moody/Cislune/Cislune-RE-RASSOR/install/rover_bringup/share/rover_bringup/hook/cmake_prefix_path.ps1'
[0.891s] INFO:colcon.colcon_core.shell:Creating environment descriptor '/home/moody/Cislune/Cislune-RE-RASSOR/install/rover_bringup/share/rover_bringup/hook/cmake_prefix_path.dsv'
[0.891s] INFO:colcon.colcon_core.shell:Creating environment hook '/home/moody/Cislune/Cislune-RE-RASSOR/install/rover_bringup/share/rover_bringup/hook/cmake_prefix_path.sh'
[0.892s] Level 1:colcon.colcon_core.environment:checking '/home/moody/Cislune/Cislune-RE-RASSOR/install/rover_bringup/bin'
[0.892s] Level 1:colcon.colcon_core.environment:checking '/home/moody/Cislune/Cislune-RE-RASSOR/install/rover_bringup/lib/pkgconfig/rover_bringup.pc'
[0.892s] Level 1:colcon.colcon_core.environment:checking '/home/moody/Cislune/Cislune-RE-RASSOR/install/rover_bringup/lib/python3.12/site-packages'
[0.892s] Level 1:colcon.colcon_core.environment:checking '/home/moody/Cislune/Cislune-RE-RASSOR/install/rover_bringup/bin'
[0.893s] INFO:colcon.colcon_core.shell:Creating package script '/home/moody/Cislune/Cislune-RE-RASSOR/install/rover_bringup/share/rover_bringup/package.ps1'
[0.893s] INFO:colcon.colcon_core.shell:Creating package descriptor '/home/moody/Cislune/Cislune-RE-RASSOR/install/rover_bringup/share/rover_bringup/package.dsv'
[0.894s] INFO:colcon.colcon_core.shell:Creating package script '/home/moody/Cislune/Cislune-RE-RASSOR/install/rover_bringup/share/rover_bringup/package.sh'
[0.894s] INFO:colcon.colcon_core.shell:Creating package script '/home/moody/Cislune/Cislune-RE-RASSOR/install/rover_bringup/share/rover_bringup/package.bash'
[0.895s] INFO:colcon.colcon_core.shell:Creating package script '/home/moody/Cislune/Cislune-RE-RASSOR/install/rover_bringup/share/rover_bringup/package.zsh'
[0.895s] Level 1:colcon.colcon_core.environment:create_file_with_runtime_dependencies(/home/moody/Cislune/Cislune-RE-RASSOR/install/rover_bringup/share/colcon-core/packages/rover_bringup)
[0.895s] Level 1:colcon.colcon_core.environment:create_environment_scripts_only(rover_navigation)
[0.896s] Level 1:colcon.colcon_core.environment:checking '/home/moody/Cislune/Cislune-RE-RASSOR/install/rover_navigation' for CMake module files
[0.898s] Level 1:colcon.colcon_core.environment:checking '/home/moody/Cislune/Cislune-RE-RASSOR/install/rover_navigation' for CMake config files
[0.899s] DEBUG:colcon.colcon_core.event_handler.log_command:Invoked command in '/home/moody/Cislune/Cislune-RE-RASSOR/build/rover_navigation' returned '0': CMAKE_PREFIX_PATH=${CMAKE_PREFIX_PATH}:/opt/ros/jazzy /usr/bin/cmake --install /home/moody/Cislune/Cislune-RE-RASSOR/build/rover_navigation
[0.901s] Level 1:colcon.colcon_core.shell:create_environment_hook('rover_navigation', 'cmake_prefix_path')
[0.901s] INFO:colcon.colcon_core.shell:Creating environment hook '/home/moody/Cislune/Cislune-RE-RASSOR/install/rover_navigation/share/rover_navigation/hook/cmake_prefix_path.ps1'
[0.902s] INFO:colcon.colcon_core.shell:Creating environment descriptor '/home/moody/Cislune/Cislune-RE-RASSOR/install/rover_navigation/share/rover_navigation/hook/cmake_prefix_path.dsv'
[0.903s] INFO:colcon.colcon_core.shell:Creating environment hook '/home/moody/Cislune/Cislune-RE-RASSOR/install/rover_navigation/share/rover_navigation/hook/cmake_prefix_path.sh'
[0.903s] Level 1:colcon.colcon_core.environment:checking '/home/moody/Cislune/Cislune-RE-RASSOR/install/rover_navigation/bin'
[0.903s] Level 1:colcon.colcon_core.environment:checking '/home/moody/Cislune/Cislune-RE-RASSOR/install/rover_navigation/lib/pkgconfig/rover_navigation.pc'
[0.904s] Level 1:colcon.colcon_core.environment:checking '/home/moody/Cislune/Cislune-RE-RASSOR/install/rover_navigation/lib/python3.12/site-packages'
[0.904s] Level 1:colcon.colcon_core.environment:checking '/home/moody/Cislune/Cislune-RE-RASSOR/install/rover_navigation/bin'
[0.904s] INFO:colcon.colcon_core.shell:Creating package script '/home/moody/Cislune/Cislune-RE-RASSOR/install/rover_navigation/share/rover_navigation/package.ps1'
[0.905s] INFO:colcon.colcon_core.shell:Creating package descriptor '/home/moody/Cislune/Cislune-RE-RASSOR/install/rover_navigation/share/rover_navigation/package.dsv'
[0.905s] INFO:colcon.colcon_core.shell:Creating package script '/home/moody/Cislune/Cislune-RE-RASSOR/install/rover_navigation/share/rover_navigation/package.sh'
[0.905s] INFO:colcon.colcon_core.shell:Creating package script '/home/moody/Cislune/Cislune-RE-RASSOR/install/rover_navigation/share/rover_navigation/package.bash'
[0.906s] INFO:colcon.colcon_core.shell:Creating package script '/home/moody/Cislune/Cislune-RE-RASSOR/install/rover_navigation/share/rover_navigation/package.zsh'
[0.906s] Level 1:colcon.colcon_core.environment:create_file_with_runtime_dependencies(/home/moody/Cislune/Cislune-RE-RASSOR/install/rover_navigation/share/colcon-core/packages/rover_navigation)
[0.907s] Level 1:colcon.colcon_core.environment:create_environment_scripts_only(rover_navigation)
[0.907s] Level 1:colcon.colcon_core.environment:checking '/home/moody/Cislune/Cislune-RE-RASSOR/install/rover_navigation' for CMake module files
[0.907s] Level 1:colcon.colcon_core.environment:checking '/home/moody/Cislune/Cislune-RE-RASSOR/install/rover_navigation' for CMake config files
[0.907s] Level 1:colcon.colcon_core.shell:create_environment_hook('rover_navigation', 'cmake_prefix_path')
[0.908s] INFO:colcon.colcon_core.shell:Creating environment hook '/home/moody/Cislune/Cislune-RE-RASSOR/install/rover_navigation/share/rover_navigation/hook/cmake_prefix_path.ps1'
[0.908s] INFO:colcon.colcon_core.shell:Creating environment descriptor '/home/moody/Cislune/Cislune-RE-RASSOR/install/rover_navigation/share/rover_navigation/hook/cmake_prefix_path.dsv'
[0.909s] INFO:colcon.colcon_core.shell:Creating environment hook '/home/moody/Cislune/Cislune-RE-RASSOR/install/rover_navigation/share/rover_navigation/hook/cmake_prefix_path.sh'
[0.909s] Level 1:colcon.colcon_core.environment:checking '/home/moody/Cislune/Cislune-RE-RASSOR/install/rover_navigation/bin'
[0.909s] Level 1:colcon.colcon_core.environment:checking '/home/moody/Cislune/Cislune-RE-RASSOR/install/rover_navigation/lib/pkgconfig/rover_navigation.pc'
[0.910s] Level 1:colcon.colcon_core.environment:checking '/home/moody/Cislune/Cislune-RE-RASSOR/install/rover_navigation/lib/python3.12/site-packages'
[0.910s] Level 1:colcon.colcon_core.environment:checking '/home/moody/Cislune/Cislune-RE-RASSOR/install/rover_navigation/bin'
[0.911s] INFO:colcon.colcon_core.shell:Creating package script '/home/moody/Cislune/Cislune-RE-RASSOR/install/rover_navigation/share/rover_navigation/package.ps1'
[0.911s] INFO:colcon.colcon_core.shell:Creating package descriptor '/home/moody/Cislune/Cislune-RE-RASSOR/install/rover_navigation/share/rover_navigation/package.dsv'
[0.912s] INFO:colcon.colcon_core.shell:Creating package script '/home/moody/Cislune/Cislune-RE-RASSOR/install/rover_navigation/share/rover_navigation/package.sh'
[0.912s] INFO:colcon.colcon_core.shell:Creating package script '/home/moody/Cislune/Cislune-RE-RASSOR/install/rover_navigation/share/rover_navigation/package.bash'
[0.913s] INFO:colcon.colcon_core.shell:Creating package script '/home/moody/Cislune/Cislune-RE-RASSOR/install/rover_navigation/share/rover_navigation/package.zsh'
[0.913s] Level 1:colcon.colcon_core.environment:create_file_with_runtime_dependencies(/home/moody/Cislune/Cislune-RE-RASSOR/install/rover_navigation/share/colcon-core/packages/rover_navigation)
[0.914s] DEBUG:colcon.colcon_parallel_executor.executor.parallel:closing loop
[0.914s] DEBUG:colcon.colcon_parallel_executor.executor.parallel:loop closed
[0.915s] DEBUG:colcon.colcon_parallel_executor.executor.parallel:run_until_complete finished with '0'
[0.915s] DEBUG:colcon.colcon_core.event_reactor:joining thread
[0.981s] INFO:colcon.colcon_core.plugin_system:Skipping extension 'colcon_notification.desktop_notification.notify_send': Could not find 'notify-send'
[0.981s] INFO:colcon.colcon_core.plugin_system:Skipping extension 'colcon_notification.desktop_notification.terminal_notifier': Not used on non-Darwin systems
[0.982s] INFO:colcon.colcon_core.plugin_system:Skipping extension 'colcon_notification.desktop_notification.win32': Not used on non-Windows systems
[0.982s] INFO:colcon.colcon_notification.desktop_notification:Sending desktop notification using 'notify2'
[0.984s] DEBUG:colcon.colcon_notification.desktop_notification.notify2:Failed to initialize notify2: org.freedesktop.DBus.Error.ServiceUnknown: The name org.freedesktop.Notifications was not provided by any .service files
[0.984s] DEBUG:colcon.colcon_core.event_reactor:joined thread
[0.984s] INFO:colcon.colcon_core.shell:Creating prefix script '/home/moody/Cislune/Cislune-RE-RASSOR/install/local_setup.ps1'
[0.985s] INFO:colcon.colcon_core.shell:Creating prefix util module '/home/moody/Cislune/Cislune-RE-RASSOR/install/_local_setup_util_ps1.py'
[0.987s] INFO:colcon.colcon_core.shell:Creating prefix chain script '/home/moody/Cislune/Cislune-RE-RASSOR/install/setup.ps1'
[0.988s] INFO:colcon.colcon_core.shell:Creating prefix script '/home/moody/Cislune/Cislune-RE-RASSOR/install/local_setup.sh'
[0.989s] INFO:colcon.colcon_core.shell:Creating prefix util module '/home/moody/Cislune/Cislune-RE-RASSOR/install/_local_setup_util_sh.py'
[0.989s] INFO:colcon.colcon_core.shell:Creating prefix chain script '/home/moody/Cislune/Cislune-RE-RASSOR/install/setup.sh'
[0.991s] INFO:colcon.colcon_core.shell:Creating prefix script '/home/moody/Cislune/Cislune-RE-RASSOR/install/local_setup.bash'
[0.992s] INFO:colcon.colcon_core.shell:Creating prefix chain script '/home/moody/Cislune/Cislune-RE-RASSOR/install/setup.bash'
[0.993s] INFO:colcon.colcon_core.shell:Creating prefix script '/home/moody/Cislune/Cislune-RE-RASSOR/install/local_setup.zsh'
[0.994s] INFO:colcon.colcon_core.shell:Creating prefix chain script '/home/moody/Cislune/Cislune-RE-RASSOR/install/setup.zsh'
