[0.029s] Invoking command in '/home/moody/Cislune/Cislune-RE-RASSOR/build/rover_firmware': CMAKE_PREFIX_PATH=${CMAKE_PREFIX_PATH}:/opt/ros/jazzy /usr/bin/cmake --build /home/moody/Cislune/Cislune-RE-RASSOR/build/rover_firmware -- -j16 -l16
[0.154s] Invoked command in '/home/moody/Cislune/Cislune-RE-RASSOR/build/rover_firmware' returned '0': CMAKE_PREFIX_PATH=${CMAKE_PREFIX_PATH}:/opt/ros/jazzy /usr/bin/cmake --build /home/moody/Cislune/Cislune-RE-RASSOR/build/rover_firmware -- -j16 -l16
[0.157s] Invoking command in '/home/moody/Cislune/Cislune-RE-RASSOR/build/rover_firmware': CMAKE_PREFIX_PATH=${CMAKE_PREFIX_PATH}:/opt/ros/jazzy /usr/bin/cmake --install /home/moody/Cislune/Cislune-RE-RASSOR/build/rover_firmware
[0.181s] -- Install configuration: ""
[0.181s] -- Up-to-date: /home/moody/Cislune/Cislune-RE-RASSOR/install/rover_firmware/share/ament_index/resource_index/package_run_dependencies/rover_firmware
[0.181s] -- Up-to-date: /home/moody/Cislune/Cislune-RE-RASSOR/install/rover_firmware/share/ament_index/resource_index/parent_prefix_path/rover_firmware
[0.181s] -- Up-to-date: /home/moody/Cislune/Cislune-RE-RASSOR/install/rover_firmware/share/rover_firmware/environment/ament_prefix_path.sh
[0.181s] -- Up-to-date: /home/moody/Cislune/Cislune-RE-RASSOR/install/rover_firmware/share/rover_firmware/environment/ament_prefix_path.dsv
[0.182s] -- Up-to-date: /home/moody/Cislune/Cislune-RE-RASSOR/install/rover_firmware/share/rover_firmware/environment/path.sh
[0.182s] -- Up-to-date: /home/moody/Cislune/Cislune-RE-RASSOR/install/rover_firmware/share/rover_firmware/environment/path.dsv
[0.182s] -- Up-to-date: /home/moody/Cislune/Cislune-RE-RASSOR/install/rover_firmware/share/rover_firmware/local_setup.bash
[0.182s] -- Up-to-date: /home/moody/Cislune/Cislune-RE-RASSOR/install/rover_firmware/share/rover_firmware/local_setup.sh
[0.182s] -- Up-to-date: /home/moody/Cislune/Cislune-RE-RASSOR/install/rover_firmware/share/rover_firmware/local_setup.zsh
[0.183s] -- Up-to-date: /home/moody/Cislune/Cislune-RE-RASSOR/install/rover_firmware/share/rover_firmware/local_setup.dsv
[0.183s] -- Installing: /home/moody/Cislune/Cislune-RE-RASSOR/install/rover_firmware/share/rover_firmware/package.dsv
[0.183s] -- Up-to-date: /home/moody/Cislune/Cislune-RE-RASSOR/install/rover_firmware/share/ament_index/resource_index/packages/rover_firmware
[0.183s] -- Up-to-date: /home/moody/Cislune/Cislune-RE-RASSOR/install/rover_firmware/share/rover_firmware/cmake/rover_firmwareConfig.cmake
[0.183s] -- Up-to-date: /home/moody/Cislune/Cislune-RE-RASSOR/install/rover_firmware/share/rover_firmware/cmake/rover_firmwareConfig-version.cmake
[0.184s] -- Up-to-date: /home/moody/Cislune/Cislune-RE-RASSOR/install/rover_firmware/share/rover_firmware/package.xml
[0.252s] Invoked command in '/home/moody/Cislune/Cislune-RE-RASSOR/build/rover_firmware' returned '0': CMAKE_PREFIX_PATH=${CMAKE_PREFIX_PATH}:/opt/ros/jazzy /usr/bin/cmake --install /home/moody/Cislune/Cislune-RE-RASSOR/build/rover_firmware
