[0.040s] Invoking command in '/home/moody/Cislune/Cislune-RE-RASSOR/build/rover_bringup': CMAKE_PREFIX_PATH=${CMAKE_PREFIX_PATH}:/opt/ros/jazzy /usr/bin/cmake /home/moody/Cislune/Cislune-RE-RASSOR/src/rover_bringup -DCMAKE_INSTALL_PREFIX=/home/moody/Cislune/Cislune-RE-RASSOR/install/rover_bringup
[0.282s] -- The C compiler identification is GNU 13.3.0
[1.117s] -- The CXX compiler identification is GNU 13.3.0
[2.001s] -- Detecting C compiler ABI info
[2.304s] -- Detecting C compiler ABI info - done
[2.315s] -- Check for working C compiler: /usr/bin/cc - skipped
[2.316s] -- Detecting C compile features
[2.316s] -- Detecting C compile features - done
[2.424s] -- Detecting CXX compiler ABI info
[2.726s] -- Detecting CXX compiler ABI info - done
[2.739s] -- Check for working CXX compiler: /usr/bin/c++ - skipped
[2.740s] -- Detecting CXX compile features
[2.740s] -- Detecting CXX compile features - done
[2.746s] -- Found ament_cmake: 2.5.4 (/opt/ros/jazzy/share/ament_cmake/cmake)
[2.964s] -- Found Python3: /usr/bin/python3 (found version "3.12.3") found components: Interpreter 
[3.122s] -- Found ament_lint_auto: 0.17.2 (/opt/ros/jazzy/share/ament_lint_auto/cmake)
[3.278s] -- Added test 'lint_cmake' to check CMake code style
[3.280s] -- Added test 'xmllint' to check XML markup files
[3.283s] -- Configuring done (3.2s)
[3.292s] -- Generating done (0.0s)
[3.295s] -- Build files have been written to: /home/moody/Cislune/Cislune-RE-RASSOR/build/rover_bringup
